INFO:root:bidsmri2nidm Namespace(bidsignore=False, directory='/datasets.datalad.org/corr/RawDataBIDS/IPCAS_5', json_map='/Volumes/Research/dbkeator/Documents/ReproNim/simple_2/corr_var_to_terms.json', jsonld=False, logfile='/Users/dbkeator/Documents/Coding/simple2_NIDM_examples/logs', outputfile='/Users/dbkeator/Documents/Coding/simple2_NIDM_examples/datasets.datalad.org/corr/RawDataBIDS/IPCAS_5/nidm.ttl', png=False)
WARNING:ontquery:You have not set an API key for the SciCrunch API! InterLexRemote will error if you try to use it.
INFO:root:0027284
INFO:root:0027285
INFO:root:0027286
INFO:root:0027287
INFO:root:0027288
INFO:root:0027289
INFO:root:0027290
INFO:root:0027291
INFO:root:0027292
INFO:root:0027293
INFO:root:0027294
INFO:root:0027295
INFO:root:0027296
INFO:root:0027297
INFO:root:0027298
INFO:root:0027299
INFO:root:0027300
INFO:root:0027301
INFO:root:0027302
INFO:root:0027303
INFO:root:0027304
INFO:root:0027305
INFO:root:Converting subject: 0027284
INFO:root:Converting subject: 0027285
INFO:root:Converting subject: 0027286
INFO:root:Converting subject: 0027287
INFO:root:Converting subject: 0027288
INFO:root:Converting subject: 0027289
INFO:root:Converting subject: 0027290
INFO:root:Converting subject: 0027291
INFO:root:Converting subject: 0027292
INFO:root:Converting subject: 0027293
INFO:root:Converting subject: 0027294
INFO:root:Converting subject: 0027295
INFO:root:Converting subject: 0027296
INFO:root:Converting subject: 0027297
INFO:root:Converting subject: 0027298
INFO:root:Converting subject: 0027299
INFO:root:Converting subject: 0027300
INFO:root:Converting subject: 0027301
INFO:root:Converting subject: 0027302
INFO:root:Converting subject: 0027303
INFO:root:Converting subject: 0027304
INFO:root:Converting subject: 0027305
INFO:root:Writing NIDM file....
INFO:root:Serializing NIDM graph and creating graph visualization..
