INFO:root:bidsmri2nidm Namespace(bidsignore=False, directory='/datasets.datalad.org/corr/RawDataBIDS/MPG_1', json_map='/Volumes/Research/dbkeator/Documents/ReproNim/simple_2/corr_var_to_terms.json', jsonld=False, logfile='/Users/dbkeator/Documents/Coding/simple2_NIDM_examples/logs', outputfile='/Users/dbkeator/Documents/Coding/simple2_NIDM_examples/datasets.datalad.org/corr/RawDataBIDS/MPG_1/nidm.ttl', png=False)
WARNING:ontquery:You have not set an API key for the SciCrunch API! InterLexRemote will error if you try to use it.
INFO:root:0027430
INFO:root:0027431
INFO:root:0027432
INFO:root:0027433
INFO:root:0027434
INFO:root:0027435
INFO:root:0027436
INFO:root:0027437
INFO:root:0027438
INFO:root:0027439
INFO:root:0027440
INFO:root:0027441
INFO:root:0027442
INFO:root:0027443
INFO:root:0027444
INFO:root:0027445
INFO:root:0027446
INFO:root:0027447
INFO:root:0027448
INFO:root:0027449
INFO:root:0027450
INFO:root:0027451
INFO:root:Converting subject: 0027430
INFO:root:Converting subject: 0027431
INFO:root:Converting subject: 0027432
INFO:root:Converting subject: 0027433
INFO:root:Converting subject: 0027434
INFO:root:Converting subject: 0027435
INFO:root:Converting subject: 0027436
INFO:root:Converting subject: 0027437
INFO:root:Converting subject: 0027438
INFO:root:Converting subject: 0027439
INFO:root:Converting subject: 0027440
INFO:root:Converting subject: 0027441
INFO:root:Converting subject: 0027442
INFO:root:Converting subject: 0027443
INFO:root:Converting subject: 0027444
INFO:root:Converting subject: 0027445
INFO:root:Converting subject: 0027446
INFO:root:Converting subject: 0027447
INFO:root:Converting subject: 0027448
INFO:root:Converting subject: 0027449
INFO:root:Converting subject: 0027450
INFO:root:Converting subject: 0027451
INFO:root:Writing NIDM file....
INFO:root:Serializing NIDM graph and creating graph visualization..
