INFO:root:bidsmri2nidm Namespace(bidsignore=False, directory='/datasets.datalad.org/corr/RawDataBIDS/IPCAS_4', json_map='/Volumes/Research/dbkeator/Documents/ReproNim/simple2/corr_var_to_terms.json', jsonld=False, key='29hUT0BKdmUEgD6KLppEH9qDItY0eQXM', logfile='/Users/dbkeator/Documents/Coding/simple2_NIDM_examples/logs', outputfile='/Users/dbkeator/Documents/Coding/simple2_NIDM_examples/datasets.datalad.org/corr/RawDataBIDS/IPCAS_4/nidm.ttl', png=False)
INFO:root:bidsmri2nidm Namespace(bidsignore=False, directory='/datasets.datalad.org/corr/RawDataBIDS/IPCAS_4', json_map='/Volumes/Research/dbkeator/Documents/ReproNim/simple_2/corr_var_to_terms.json', jsonld=False, logfile='/Users/dbkeator/Documents/Coding/simple2_NIDM_examples/logs', outputfile='/Users/dbkeator/Documents/Coding/simple2_NIDM_examples/datasets.datalad.org/corr/RawDataBIDS/IPCAS_4/nidm.ttl', png=False)
WARNING:ontquery:You have not set an API key for the SciCrunch API! InterLexRemote will error if you try to use it.
INFO:root:0026190
INFO:root:0026191
INFO:root:0026192
INFO:root:0026193
INFO:root:0026194
INFO:root:0026195
INFO:root:0026196
INFO:root:0026197
INFO:root:0026198
INFO:root:0026199
INFO:root:0026200
INFO:root:0026201
INFO:root:0026202
INFO:root:0026203
INFO:root:0026204
INFO:root:0026205
INFO:root:0026206
INFO:root:0026207
INFO:root:0026208
INFO:root:0026209
INFO:root:Converting subject: 0026190
INFO:root:Converting subject: 0026191
INFO:root:Converting subject: 0026192
INFO:root:Converting subject: 0026193
INFO:root:Converting subject: 0026194
INFO:root:Converting subject: 0026195
INFO:root:Converting subject: 0026196
INFO:root:Converting subject: 0026197
INFO:root:Converting subject: 0026198
INFO:root:Converting subject: 0026199
INFO:root:Converting subject: 0026200
INFO:root:Converting subject: 0026201
INFO:root:Converting subject: 0026202
INFO:root:Converting subject: 0026203
INFO:root:Converting subject: 0026204
INFO:root:Converting subject: 0026205
INFO:root:Converting subject: 0026206
INFO:root:Converting subject: 0026207
INFO:root:Converting subject: 0026208
INFO:root:Converting subject: 0026209
INFO:root:Writing NIDM file....
INFO:root:Serializing NIDM graph and creating graph visualization..
