INFO:root:bidsmri2nidm Namespace(bidsignore=False, directory='/datasets.datalad.org/corr/RawDataBIDS/UWM', json_map='/Volumes/Research/dbkeator/Documents/ReproNim/simple_2/corr_var_to_terms.json', jsonld=False, logfile='/Users/dbkeator/Documents/Coding/simple2_NIDM_examples/logs', outputfile='/Users/dbkeator/Documents/Coding/simple2_NIDM_examples/datasets.datalad.org/corr/RawDataBIDS/UWM/nidm.ttl', png=False)
WARNING:ontquery:You have not set an API key for the SciCrunch API! InterLexRemote will error if you try to use it.
INFO:root:0027259
INFO:root:0027260
INFO:root:0027261
INFO:root:0027262
INFO:root:0027263
INFO:root:0027264
INFO:root:0027265
INFO:root:0027266
INFO:root:0027267
INFO:root:0027268
INFO:root:0027269
INFO:root:0027270
INFO:root:0027271
INFO:root:0027272
INFO:root:0027273
INFO:root:0027274
INFO:root:0027275
INFO:root:0027276
INFO:root:0027277
INFO:root:0027278
INFO:root:0027279
INFO:root:0027280
INFO:root:0027281
INFO:root:0027282
INFO:root:0027283
INFO:root:Converting subject: 0027259
INFO:root:Converting subject: 0027260
INFO:root:Converting subject: 0027261
INFO:root:Converting subject: 0027262
INFO:root:Converting subject: 0027263
INFO:root:Converting subject: 0027264
INFO:root:Converting subject: 0027265
INFO:root:Converting subject: 0027266
INFO:root:Converting subject: 0027267
INFO:root:Converting subject: 0027268
INFO:root:Converting subject: 0027269
INFO:root:Converting subject: 0027270
INFO:root:Converting subject: 0027271
INFO:root:Converting subject: 0027272
INFO:root:Converting subject: 0027273
INFO:root:Converting subject: 0027274
INFO:root:Converting subject: 0027275
INFO:root:Converting subject: 0027276
INFO:root:Converting subject: 0027277
INFO:root:Converting subject: 0027278
INFO:root:Converting subject: 0027279
INFO:root:Converting subject: 0027280
INFO:root:Converting subject: 0027281
INFO:root:Converting subject: 0027282
INFO:root:Converting subject: 0027283
INFO:root:Writing NIDM file....
INFO:root:Serializing NIDM graph and creating graph visualization..
