INFO:root:bidsmri2nidm Namespace(bidsignore=False, directory='/datasets.datalad.org/corr/RawDataBIDS/JHNU', json_map='/Volumes/Research/dbkeator/Documents/ReproNim/simple_2/corr_var_to_terms.json', jsonld=False, logfile='/Users/dbkeator/Documents/Coding/simple2_NIDM_examples/logs', outputfile='/Users/dbkeator/Documents/Coding/simple2_NIDM_examples/datasets.datalad.org/corr/RawDataBIDS/JHNU/nidm.ttl', png=False)
WARNING:ontquery:You have not set an API key for the SciCrunch API! InterLexRemote will error if you try to use it.
INFO:root:0025599
INFO:root:0025600
INFO:root:0025601
INFO:root:0025602
INFO:root:0025603
INFO:root:0025604
INFO:root:0025605
INFO:root:0025606
INFO:root:0025607
INFO:root:0025608
INFO:root:0025609
INFO:root:0025610
INFO:root:0025611
INFO:root:0025612
INFO:root:0025613
INFO:root:0025614
INFO:root:0025615
INFO:root:0025616
INFO:root:0025617
INFO:root:0025618
INFO:root:0025619
INFO:root:0025620
INFO:root:0025621
INFO:root:0025622
INFO:root:0025623
INFO:root:0025624
INFO:root:0025625
INFO:root:0025626
INFO:root:0025627
INFO:root:0025628
INFO:root:Converting subject: 0025599
INFO:root:Converting subject: 0025600
INFO:root:Converting subject: 0025601
INFO:root:Converting subject: 0025602
INFO:root:Converting subject: 0025603
INFO:root:Converting subject: 0025604
INFO:root:Converting subject: 0025605
INFO:root:Converting subject: 0025606
INFO:root:Converting subject: 0025607
INFO:root:Converting subject: 0025608
INFO:root:Converting subject: 0025609
INFO:root:Converting subject: 0025610
INFO:root:Converting subject: 0025611
INFO:root:Converting subject: 0025612
INFO:root:Converting subject: 0025613
INFO:root:Converting subject: 0025614
INFO:root:Converting subject: 0025615
INFO:root:Converting subject: 0025616
INFO:root:Converting subject: 0025617
INFO:root:Converting subject: 0025618
INFO:root:Converting subject: 0025619
INFO:root:Converting subject: 0025620
INFO:root:Converting subject: 0025621
INFO:root:Converting subject: 0025622
INFO:root:Converting subject: 0025623
INFO:root:Converting subject: 0025624
INFO:root:Converting subject: 0025625
INFO:root:Converting subject: 0025626
INFO:root:Converting subject: 0025627
INFO:root:Converting subject: 0025628
INFO:root:Writing NIDM file....
INFO:root:Serializing NIDM graph and creating graph visualization..
