INFO:root:bidsmri2nidm Namespace(bidsignore=False, directory='/datasets.datalad.org/corr/RawDataBIDS/BMB_1', json_map='/Volumes/Research/dbkeator/Documents/ReproNim/simple_2/corr_var_to_terms.json', jsonld=False, key='29hUT0BKdmUEgD6KLppEH9qDItY0eQXM', logfile='/Users/dbkeator/Documents/Coding/simple2_NIDM_examples/logs', outputfile='/Users/dbkeator/Documents/Coding/simple2_NIDM_examples/datasets.datalad.org/corr/RawDataBIDS/BMB_1/nidm.ttl', png=False)
INFO:root:0003001
INFO:root:0003002
INFO:root:0003004
INFO:root:0003006
INFO:root:0003007
INFO:root:0003008
INFO:root:0003009
INFO:root:0003010
INFO:root:0003011
INFO:root:0003012
INFO:root:0003013
INFO:root:0003014
INFO:root:0003015
INFO:root:0003016
INFO:root:0003017
INFO:root:0003018
INFO:root:0003020
INFO:root:0003021
INFO:root:0003022
INFO:root:0003023
INFO:root:0003024
INFO:root:0003025
INFO:root:0003026
INFO:root:0003032
INFO:root:0003033
INFO:root:0003034
INFO:root:0003036
INFO:root:0003037
INFO:root:0003038
INFO:root:0003039
INFO:root:0003040
INFO:root:0003041
INFO:root:0003042
INFO:root:0003044
INFO:root:0003045
INFO:root:0003047
INFO:root:0003049
INFO:root:0003050
INFO:root:0003051
INFO:root:0003052
INFO:root:0003054
INFO:root:0003055
INFO:root:0003056
INFO:root:0003057
INFO:root:0003059
INFO:root:0003060
INFO:root:0003061
INFO:root:0003062
INFO:root:0003063
INFO:root:0003064
INFO:root:Converting subject: 0003001
INFO:root:Converting subject: 0003002
INFO:root:Converting subject: 0003004
INFO:root:Converting subject: 0003006
INFO:root:Converting subject: 0003007
INFO:root:Converting subject: 0003008
INFO:root:Converting subject: 0003009
INFO:root:Converting subject: 0003010
INFO:root:Converting subject: 0003011
INFO:root:Converting subject: 0003012
INFO:root:Converting subject: 0003013
INFO:root:Converting subject: 0003014
INFO:root:Converting subject: 0003015
INFO:root:Converting subject: 0003016
INFO:root:Converting subject: 0003017
INFO:root:Converting subject: 0003018
INFO:root:Converting subject: 0003020
INFO:root:Converting subject: 0003021
INFO:root:Converting subject: 0003022
INFO:root:Converting subject: 0003023
INFO:root:Converting subject: 0003024
INFO:root:Converting subject: 0003025
INFO:root:Converting subject: 0003026
INFO:root:Converting subject: 0003032
INFO:root:Converting subject: 0003033
INFO:root:Converting subject: 0003034
INFO:root:Converting subject: 0003036
INFO:root:Converting subject: 0003037
INFO:root:Converting subject: 0003038
INFO:root:Converting subject: 0003039
INFO:root:Converting subject: 0003040
INFO:root:Converting subject: 0003041
INFO:root:Converting subject: 0003042
INFO:root:Converting subject: 0003044
INFO:root:Converting subject: 0003045
INFO:root:Converting subject: 0003047
INFO:root:Converting subject: 0003049
INFO:root:Converting subject: 0003050
INFO:root:Converting subject: 0003051
INFO:root:Converting subject: 0003052
INFO:root:Converting subject: 0003054
INFO:root:Converting subject: 0003055
INFO:root:Converting subject: 0003056
INFO:root:Converting subject: 0003057
INFO:root:Converting subject: 0003059
INFO:root:Converting subject: 0003060
INFO:root:Converting subject: 0003061
INFO:root:Converting subject: 0003062
INFO:root:Converting subject: 0003063
INFO:root:Converting subject: 0003064
INFO:root:Writing NIDM file....
INFO:root:Serializing NIDM graph and creating graph visualization..
INFO:root:bidsmri2nidm Namespace(bidsignore=False, directory='/datasets.datalad.org/corr/RawDataBIDS/BMB_1', json_map='/Volumes/Research/dbkeator/Documents/ReproNim/simple_2/corr_var_to_terms.json', jsonld=False, key='29hUT0BKdmUEgD6KLppEH9qDItY0eQXM', logfile='/Users/dbkeator/Documents/Coding/simple2_NIDM_examples/logs', outputfile='/Users/dbkeator/Documents/Coding/simple2_NIDM_examples/datasets.datalad.org/corr/RawDataBIDS/BMB_1/nidm.ttl', png=False)
INFO:root:0003001
INFO:root:0003002
INFO:root:0003004
INFO:root:0003006
INFO:root:0003007
INFO:root:0003008
INFO:root:0003009
INFO:root:0003010
INFO:root:0003011
INFO:root:0003012
INFO:root:0003013
INFO:root:0003014
INFO:root:0003015
INFO:root:0003016
INFO:root:0003017
INFO:root:0003018
INFO:root:0003020
INFO:root:0003021
INFO:root:0003022
INFO:root:0003023
INFO:root:0003024
INFO:root:0003025
INFO:root:0003026
INFO:root:0003032
INFO:root:0003033
INFO:root:0003034
INFO:root:0003036
INFO:root:0003037
INFO:root:0003038
INFO:root:0003039
INFO:root:0003040
INFO:root:0003041
INFO:root:0003042
INFO:root:0003044
INFO:root:0003045
INFO:root:0003047
INFO:root:0003049
INFO:root:0003050
INFO:root:0003051
INFO:root:0003052
INFO:root:0003054
INFO:root:0003055
INFO:root:0003056
INFO:root:0003057
INFO:root:0003059
INFO:root:0003060
INFO:root:0003061
INFO:root:0003062
INFO:root:0003063
INFO:root:0003064
INFO:root:Converting subject: 0003001
INFO:root:Converting subject: 0003002
INFO:root:Converting subject: 0003004
INFO:root:Converting subject: 0003006
INFO:root:Converting subject: 0003007
INFO:root:Converting subject: 0003008
INFO:root:Converting subject: 0003009
INFO:root:Converting subject: 0003010
INFO:root:Converting subject: 0003011
INFO:root:Converting subject: 0003012
INFO:root:Converting subject: 0003013
INFO:root:Converting subject: 0003014
INFO:root:Converting subject: 0003015
INFO:root:Converting subject: 0003016
INFO:root:Converting subject: 0003017
INFO:root:Converting subject: 0003018
INFO:root:Converting subject: 0003020
INFO:root:Converting subject: 0003021
INFO:root:Converting subject: 0003022
INFO:root:Converting subject: 0003023
INFO:root:Converting subject: 0003024
INFO:root:Converting subject: 0003025
INFO:root:Converting subject: 0003026
INFO:root:Converting subject: 0003032
INFO:root:Converting subject: 0003033
INFO:root:Converting subject: 0003034
INFO:root:Converting subject: 0003036
INFO:root:Converting subject: 0003037
INFO:root:Converting subject: 0003038
INFO:root:Converting subject: 0003039
INFO:root:Converting subject: 0003040
INFO:root:Converting subject: 0003041
INFO:root:Converting subject: 0003042
INFO:root:Converting subject: 0003044
INFO:root:Converting subject: 0003045
INFO:root:Converting subject: 0003047
INFO:root:Converting subject: 0003049
INFO:root:Converting subject: 0003050
INFO:root:Converting subject: 0003051
INFO:root:Converting subject: 0003052
INFO:root:Converting subject: 0003054
INFO:root:Converting subject: 0003055
INFO:root:Converting subject: 0003056
INFO:root:Converting subject: 0003057
INFO:root:Converting subject: 0003059
INFO:root:Converting subject: 0003060
INFO:root:Converting subject: 0003061
INFO:root:Converting subject: 0003062
INFO:root:Converting subject: 0003063
INFO:root:Converting subject: 0003064
INFO:root:Writing NIDM file....
INFO:root:Serializing NIDM graph and creating graph visualization..
