INFO:root:bidsmri2nidm Namespace(bidsignore=False, directory='/datasets.datalad.org/corr/RawDataBIDS/SWU_2', json_map='/Volumes/Research/dbkeator/Documents/ReproNim/simple_2/corr_var_to_terms.json', jsonld=False, logfile='/Users/dbkeator/Documents/Coding/simple2_NIDM_examples/logs', outputfile='/Users/dbkeator/Documents/Coding/simple2_NIDM_examples/datasets.datalad.org/corr/RawDataBIDS/SWU_2/nidm.ttl', png=False)
WARNING:ontquery:You have not set an API key for the SciCrunch API! InterLexRemote will error if you try to use it.
INFO:root:0027176
INFO:root:0027177
INFO:root:0027178
INFO:root:0027179
INFO:root:0027180
INFO:root:0027181
INFO:root:0027182
INFO:root:0027183
INFO:root:0027184
INFO:root:0027185
INFO:root:0027186
INFO:root:0027187
INFO:root:0027188
INFO:root:0027189
INFO:root:0027190
INFO:root:0027191
INFO:root:0027192
INFO:root:0027193
INFO:root:0027194
INFO:root:0027195
INFO:root:0027196
INFO:root:0027197
INFO:root:0027198
INFO:root:0027199
INFO:root:0027200
INFO:root:0027201
INFO:root:0027202
INFO:root:Converting subject: 0027176
INFO:root:Converting subject: 0027177
INFO:root:Converting subject: 0027178
INFO:root:Converting subject: 0027179
INFO:root:Converting subject: 0027180
INFO:root:Converting subject: 0027181
INFO:root:Converting subject: 0027182
INFO:root:Converting subject: 0027183
INFO:root:Converting subject: 0027184
INFO:root:Converting subject: 0027185
INFO:root:Converting subject: 0027186
INFO:root:Converting subject: 0027187
INFO:root:Converting subject: 0027188
INFO:root:Converting subject: 0027189
INFO:root:Converting subject: 0027190
INFO:root:Converting subject: 0027191
INFO:root:Converting subject: 0027192
INFO:root:Converting subject: 0027193
INFO:root:Converting subject: 0027194
INFO:root:Converting subject: 0027195
INFO:root:Converting subject: 0027196
INFO:root:Converting subject: 0027197
INFO:root:Converting subject: 0027198
INFO:root:Converting subject: 0027199
INFO:root:Converting subject: 0027200
INFO:root:Converting subject: 0027201
INFO:root:Converting subject: 0027202
INFO:root:Writing NIDM file....
INFO:root:Serializing NIDM graph and creating graph visualization..
