INFO:root:bidsmri2nidm Namespace(bidsignore=False, directory='/datasets.datalad.org/corr/RawDataBIDS/LMU_1', json_map='/Volumes/Research/dbkeator/Documents/ReproNim/simple_2/corr_var_to_terms.json', jsonld=False, logfile='/Users/dbkeator/Documents/Coding/simple2_NIDM_examples/logs', outputfile='/Users/dbkeator/Documents/Coding/simple2_NIDM_examples/datasets.datalad.org/corr/RawDataBIDS/LMU_1/nidm.ttl', png=False)
WARNING:ontquery:You have not set an API key for the SciCrunch API! InterLexRemote will error if you try to use it.
INFO:root:0025335
INFO:root:0025336
INFO:root:0025337
INFO:root:0025338
INFO:root:0025339
INFO:root:0025340
INFO:root:0025341
INFO:root:0025342
INFO:root:0025343
INFO:root:0025344
INFO:root:0025345
INFO:root:0025346
INFO:root:0025347
INFO:root:0025348
INFO:root:0025349
INFO:root:0025350
INFO:root:0025351
INFO:root:0025352
INFO:root:0025353
INFO:root:0025354
INFO:root:0025355
INFO:root:0025356
INFO:root:0025357
INFO:root:0025358
INFO:root:0025359
INFO:root:0025360
INFO:root:0025361
INFO:root:Converting subject: 0025335
INFO:root:Converting subject: 0025336
INFO:root:Converting subject: 0025337
INFO:root:Converting subject: 0025338
INFO:root:Converting subject: 0025339
INFO:root:Converting subject: 0025340
INFO:root:Converting subject: 0025341
INFO:root:Converting subject: 0025342
INFO:root:Converting subject: 0025343
INFO:root:Converting subject: 0025344
INFO:root:Converting subject: 0025345
INFO:root:Converting subject: 0025346
INFO:root:Converting subject: 0025347
INFO:root:Converting subject: 0025348
INFO:root:Converting subject: 0025349
INFO:root:Converting subject: 0025350
INFO:root:Converting subject: 0025351
INFO:root:Converting subject: 0025352
INFO:root:Converting subject: 0025353
INFO:root:Converting subject: 0025354
INFO:root:Converting subject: 0025355
INFO:root:Converting subject: 0025356
INFO:root:Converting subject: 0025357
INFO:root:Converting subject: 0025358
INFO:root:Converting subject: 0025359
INFO:root:Converting subject: 0025360
INFO:root:Converting subject: 0025361
INFO:root:Writing NIDM file....
INFO:root:Serializing NIDM graph and creating graph visualization..
