INFO:root:bidsmri2nidm Namespace(bidsignore=False, directory='/datasets.datalad.org/corr/RawDataBIDS/DC_1', json_map='/Volumes/Research/dbkeator/Documents/ReproNim/simple2/corr_var_to_terms.json', jsonld=False, key='29hUT0BKdmUEgD6KLppEH9qDItY0eQXM', logfile='/Users/dbkeator/Documents/Coding/simple2_NIDM_examples/logs', outputfile='/Users/dbkeator/Documents/Coding/simple2_NIDM_examples/datasets.datalad.org/corr/RawDataBIDS/DC_1/nidm.ttl', png=False)
INFO:root:Converting subject: 0027306
INFO:root:Converting subject: 0027307
INFO:root:Converting subject: 0027308
INFO:root:Converting subject: 0027309
INFO:root:Converting subject: 0027310
INFO:root:Converting subject: 0027311
INFO:root:Converting subject: 0027312
INFO:root:Converting subject: 0027313
INFO:root:Converting subject: 0027314
INFO:root:Converting subject: 0027315
INFO:root:Converting subject: 0027316
INFO:root:Converting subject: 0027317
INFO:root:Converting subject: 0027318
INFO:root:Converting subject: 0027319
INFO:root:Converting subject: 0027320
INFO:root:Converting subject: 0027321
INFO:root:Converting subject: 0027322
INFO:root:Converting subject: 0027323
INFO:root:Converting subject: 0027324
INFO:root:Converting subject: 0027325
INFO:root:Converting subject: 0027326
INFO:root:Converting subject: 0027327
INFO:root:Converting subject: 0027328
INFO:root:Converting subject: 0027329
INFO:root:Converting subject: 0027330
INFO:root:Converting subject: 0027331
INFO:root:Converting subject: 0027332
INFO:root:Converting subject: 0027333
INFO:root:Converting subject: 0027334
INFO:root:Converting subject: 0027335
INFO:root:Converting subject: 0027336
INFO:root:Converting subject: 0027337
INFO:root:Converting subject: 0027338
INFO:root:Converting subject: 0027339
INFO:root:Converting subject: 0027340
INFO:root:Converting subject: 0027341
INFO:root:Converting subject: 0027342
INFO:root:Converting subject: 0027343
INFO:root:Converting subject: 0027344
INFO:root:Converting subject: 0027345
INFO:root:Converting subject: 0027346
INFO:root:Converting subject: 0027347
INFO:root:Converting subject: 0027348
INFO:root:Converting subject: 0027349
INFO:root:Converting subject: 0027350
INFO:root:Converting subject: 0027351
INFO:root:Converting subject: 0027352
INFO:root:Converting subject: 0027353
INFO:root:Converting subject: 0027354
INFO:root:Converting subject: 0027355
INFO:root:Converting subject: 0027356
INFO:root:Converting subject: 0027357
INFO:root:Converting subject: 0027358
INFO:root:Converting subject: 0027359
INFO:root:Converting subject: 0027360
INFO:root:Converting subject: 0027361
INFO:root:Converting subject: 0027362
INFO:root:Converting subject: 0027363
INFO:root:Converting subject: 0027364
INFO:root:Converting subject: 0027365
INFO:root:Converting subject: 0027366
INFO:root:Converting subject: 0027367
INFO:root:Converting subject: 0027368
INFO:root:Converting subject: 0027369
INFO:root:Converting subject: 0027370
INFO:root:Converting subject: 0027371
INFO:root:Converting subject: 0027372
INFO:root:Converting subject: 0027373
INFO:root:Converting subject: 0027374
INFO:root:Converting subject: 0027375
INFO:root:Converting subject: 0027376
INFO:root:Converting subject: 0027377
INFO:root:Converting subject: 0027378
INFO:root:Converting subject: 0027379
INFO:root:Converting subject: 0027380
INFO:root:Converting subject: 0027381
INFO:root:Converting subject: 0027382
INFO:root:Converting subject: 0027383
INFO:root:Converting subject: 0027384
INFO:root:Converting subject: 0027385
INFO:root:Converting subject: 0027386
INFO:root:Converting subject: 0027387
INFO:root:Converting subject: 0027388
INFO:root:Converting subject: 0027389
INFO:root:Converting subject: 0027390
INFO:root:Converting subject: 0027391
INFO:root:Converting subject: 0027392
INFO:root:Converting subject: 0027393
INFO:root:Converting subject: 0027394
INFO:root:Converting subject: 0027395
INFO:root:Converting subject: 0027396
INFO:root:Converting subject: 0027397
INFO:root:Converting subject: 0027398
INFO:root:Converting subject: 0027399
INFO:root:Converting subject: 0027400
INFO:root:Converting subject: 0027401
INFO:root:Converting subject: 0027402
INFO:root:Converting subject: 0027403
INFO:root:Converting subject: 0027404
INFO:root:Converting subject: 0027405
INFO:root:Converting subject: 0027406
INFO:root:Converting subject: 0027407
INFO:root:Converting subject: 0027408
INFO:root:Converting subject: 0027409
INFO:root:Converting subject: 0027420
INFO:root:Converting subject: 0027421
INFO:root:Converting subject: 0027422
INFO:root:Converting subject: 0027423
INFO:root:Converting subject: 0027424
INFO:root:Converting subject: 0027425
INFO:root:Converting subject: 0027426
INFO:root:Converting subject: 0027427
INFO:root:Converting subject: 0027428
INFO:root:Converting subject: 0027429
INFO:root:Writing NIDM file....
INFO:root:Serializing NIDM graph and creating graph visualization..
INFO:root:bidsmri2nidm Namespace(bidsignore=False, directory='/datasets.datalad.org/corr/RawDataBIDS/DC_1', json_map='/Volumes/Research/dbkeator/Documents/ReproNim/simple_2/corr_var_to_terms.json', jsonld=False, key='29hUT0BKdmUEgD6KLppEH9qDItY0eQXM', logfile='/Users/dbkeator/Documents/Coding/simple2_NIDM_examples/logs', outputfile='/Users/dbkeator/Documents/Coding/simple2_NIDM_examples/datasets.datalad.org/corr/RawDataBIDS/DC_1/nidm.ttl', png=False)
INFO:root:Converting subject: 0027306
INFO:root:Converting subject: 0027307
INFO:root:Converting subject: 0027308
INFO:root:Converting subject: 0027309
INFO:root:Converting subject: 0027310
INFO:root:Converting subject: 0027311
INFO:root:Converting subject: 0027312
INFO:root:Converting subject: 0027313
INFO:root:Converting subject: 0027314
INFO:root:Converting subject: 0027315
INFO:root:Converting subject: 0027316
INFO:root:Converting subject: 0027317
INFO:root:Converting subject: 0027318
INFO:root:Converting subject: 0027319
INFO:root:Converting subject: 0027320
INFO:root:Converting subject: 0027321
INFO:root:Converting subject: 0027322
INFO:root:Converting subject: 0027323
INFO:root:Converting subject: 0027324
INFO:root:Converting subject: 0027325
INFO:root:Converting subject: 0027326
INFO:root:Converting subject: 0027327
INFO:root:Converting subject: 0027328
INFO:root:Converting subject: 0027329
INFO:root:Converting subject: 0027330
INFO:root:Converting subject: 0027331
INFO:root:Converting subject: 0027332
INFO:root:Converting subject: 0027333
INFO:root:Converting subject: 0027334
INFO:root:Converting subject: 0027335
INFO:root:Converting subject: 0027336
INFO:root:Converting subject: 0027337
INFO:root:Converting subject: 0027338
INFO:root:Converting subject: 0027339
INFO:root:Converting subject: 0027340
INFO:root:Converting subject: 0027341
INFO:root:Converting subject: 0027342
INFO:root:Converting subject: 0027343
INFO:root:Converting subject: 0027344
INFO:root:Converting subject: 0027345
INFO:root:Converting subject: 0027346
INFO:root:Converting subject: 0027347
INFO:root:Converting subject: 0027348
INFO:root:Converting subject: 0027349
INFO:root:Converting subject: 0027350
INFO:root:Converting subject: 0027351
INFO:root:Converting subject: 0027352
INFO:root:Converting subject: 0027353
INFO:root:Converting subject: 0027354
INFO:root:Converting subject: 0027355
INFO:root:Converting subject: 0027356
INFO:root:Converting subject: 0027357
INFO:root:Converting subject: 0027358
INFO:root:Converting subject: 0027359
INFO:root:Converting subject: 0027360
INFO:root:Converting subject: 0027361
INFO:root:Converting subject: 0027362
INFO:root:Converting subject: 0027363
INFO:root:Converting subject: 0027364
INFO:root:Converting subject: 0027365
INFO:root:Converting subject: 0027366
INFO:root:Converting subject: 0027367
INFO:root:Converting subject: 0027368
INFO:root:Converting subject: 0027369
INFO:root:Converting subject: 0027370
INFO:root:Converting subject: 0027371
INFO:root:Converting subject: 0027372
INFO:root:Converting subject: 0027373
INFO:root:Converting subject: 0027374
INFO:root:Converting subject: 0027375
INFO:root:Converting subject: 0027376
INFO:root:Converting subject: 0027377
INFO:root:Converting subject: 0027378
INFO:root:Converting subject: 0027379
INFO:root:Converting subject: 0027380
INFO:root:Converting subject: 0027381
INFO:root:Converting subject: 0027382
INFO:root:Converting subject: 0027383
INFO:root:Converting subject: 0027384
INFO:root:Converting subject: 0027385
INFO:root:Converting subject: 0027386
INFO:root:Converting subject: 0027387
INFO:root:Converting subject: 0027388
INFO:root:Converting subject: 0027389
INFO:root:Converting subject: 0027390
INFO:root:Converting subject: 0027391
INFO:root:Converting subject: 0027392
INFO:root:Converting subject: 0027393
INFO:root:Converting subject: 0027394
INFO:root:Converting subject: 0027395
INFO:root:Converting subject: 0027396
INFO:root:Converting subject: 0027397
INFO:root:Converting subject: 0027398
INFO:root:Converting subject: 0027399
INFO:root:Converting subject: 0027400
INFO:root:Converting subject: 0027401
INFO:root:Converting subject: 0027402
INFO:root:Converting subject: 0027403
INFO:root:Converting subject: 0027404
INFO:root:Converting subject: 0027405
INFO:root:Converting subject: 0027406
INFO:root:Converting subject: 0027407
INFO:root:Converting subject: 0027408
INFO:root:Converting subject: 0027409
INFO:root:Converting subject: 0027420
INFO:root:Converting subject: 0027421
INFO:root:Converting subject: 0027422
INFO:root:Converting subject: 0027423
INFO:root:Converting subject: 0027424
INFO:root:Converting subject: 0027425
INFO:root:Converting subject: 0027426
INFO:root:Converting subject: 0027427
INFO:root:Converting subject: 0027428
INFO:root:Converting subject: 0027429
INFO:root:Writing NIDM file....
INFO:root:Serializing NIDM graph and creating graph visualization..
