INFO:root:bidsmri2nidm Namespace(bidsignore=False, directory='/datasets.datalad.org/corr/RawDataBIDS/SWU_1', json_map='/Volumes/Research/dbkeator/Documents/ReproNim/simple_2/corr_var_to_terms.json', jsonld=False, logfile='/Users/dbkeator/Documents/Coding/simple2_NIDM_examples/logs', outputfile='/Users/dbkeator/Documents/Coding/simple2_NIDM_examples/datasets.datalad.org/corr/RawDataBIDS/SWU_1/nidm.ttl', png=False)
WARNING:ontquery:You have not set an API key for the SciCrunch API! InterLexRemote will error if you try to use it.
INFO:root:0027206
INFO:root:0027207
INFO:root:0027208
INFO:root:0027209
INFO:root:0027210
INFO:root:0027211
INFO:root:0027212
INFO:root:0027203
INFO:root:0027204
INFO:root:0027205
INFO:root:0027213
INFO:root:0027214
INFO:root:0027215
INFO:root:0027216
INFO:root:0027217
INFO:root:0027218
INFO:root:0027219
INFO:root:0027220
INFO:root:0027221
INFO:root:0027222
INFO:root:Converting subject: 0027203
INFO:root:Converting subject: 0027204
INFO:root:Converting subject: 0027205
INFO:root:Converting subject: 0027206
INFO:root:Converting subject: 0027207
INFO:root:Converting subject: 0027208
INFO:root:Converting subject: 0027209
INFO:root:Converting subject: 0027210
INFO:root:Converting subject: 0027211
INFO:root:Converting subject: 0027212
INFO:root:Converting subject: 0027213
INFO:root:Converting subject: 0027214
INFO:root:Converting subject: 0027215
INFO:root:Converting subject: 0027216
INFO:root:Converting subject: 0027217
INFO:root:Converting subject: 0027218
INFO:root:Converting subject: 0027219
INFO:root:Converting subject: 0027220
INFO:root:Converting subject: 0027221
INFO:root:Converting subject: 0027222
INFO:root:Writing NIDM file....
INFO:root:Serializing NIDM graph and creating graph visualization..
