INFO:root:bidsmri2nidm Namespace(bidsignore=False, directory='/datasets.datalad.org/corr/RawDataBIDS/IPCAS_8', json_map='/Volumes/Research/dbkeator/Documents/ReproNim/simple_2/corr_var_to_terms.json', jsonld=False, logfile='/Users/dbkeator/Documents/Coding/simple2_NIDM_examples/logs', outputfile='/Users/dbkeator/Documents/Coding/simple2_NIDM_examples/datasets.datalad.org/corr/RawDataBIDS/IPCAS_8/nidm.ttl', png=False)
WARNING:ontquery:You have not set an API key for the SciCrunch API! InterLexRemote will error if you try to use it.
INFO:root:0025586
INFO:root:0025587
INFO:root:0025588
INFO:root:0025589
INFO:root:0025590
INFO:root:0025591
INFO:root:0025592
INFO:root:0025593
INFO:root:0025594
INFO:root:0025595
INFO:root:0025596
INFO:root:0025597
INFO:root:0025598
INFO:root:Converting subject: 0025586
INFO:root:Converting subject: 0025587
INFO:root:Converting subject: 0025588
INFO:root:Converting subject: 0025589
INFO:root:Converting subject: 0025590
INFO:root:Converting subject: 0025591
INFO:root:Converting subject: 0025592
INFO:root:Converting subject: 0025593
INFO:root:Converting subject: 0025594
INFO:root:Converting subject: 0025595
INFO:root:Converting subject: 0025596
INFO:root:Converting subject: 0025597
INFO:root:Converting subject: 0025598
INFO:root:Writing NIDM file....
INFO:root:Serializing NIDM graph and creating graph visualization..
