INFO:root:bidsmri2nidm Namespace(bidsignore=False, directory='/datasets.datalad.org/corr/RawDataBIDS/Utah_1', json_map='/Volumes/Research/dbkeator/Documents/ReproNim/simple_2/corr_var_to_terms.json', jsonld=False, logfile='/Users/dbkeator/Documents/Coding/simple2_NIDM_examples/logs', outputfile='/Users/dbkeator/Documents/Coding/simple2_NIDM_examples/datasets.datalad.org/corr/RawDataBIDS/Utah_1/nidm.ttl', png=False)
WARNING:ontquery:You have not set an API key for the SciCrunch API! InterLexRemote will error if you try to use it.
INFO:root:0026018
INFO:root:0026019
INFO:root:0026020
INFO:root:0026021
INFO:root:0026022
INFO:root:0026023
INFO:root:0026024
INFO:root:0026025
INFO:root:0026026
INFO:root:0026027
INFO:root:0026028
INFO:root:0026029
INFO:root:0026030
INFO:root:0026031
INFO:root:0026032
INFO:root:0026033
INFO:root:0026034
INFO:root:0026035
INFO:root:0026036
INFO:root:0026037
INFO:root:0026038
INFO:root:0026039
INFO:root:0026040
INFO:root:0026041
INFO:root:0026042
INFO:root:0026043
INFO:root:Converting subject: 0026018
INFO:root:Converting subject: 0026019
INFO:root:Converting subject: 0026020
INFO:root:Converting subject: 0026021
INFO:root:Converting subject: 0026022
INFO:root:Converting subject: 0026023
INFO:root:Converting subject: 0026024
INFO:root:Converting subject: 0026025
INFO:root:Converting subject: 0026026
INFO:root:Converting subject: 0026027
INFO:root:Converting subject: 0026028
INFO:root:Converting subject: 0026029
INFO:root:Converting subject: 0026030
INFO:root:Converting subject: 0026031
INFO:root:Converting subject: 0026032
INFO:root:Converting subject: 0026033
INFO:root:Converting subject: 0026034
INFO:root:Converting subject: 0026035
INFO:root:Converting subject: 0026036
INFO:root:Converting subject: 0026037
INFO:root:Converting subject: 0026038
INFO:root:Converting subject: 0026039
INFO:root:Converting subject: 0026040
INFO:root:Converting subject: 0026041
INFO:root:Converting subject: 0026042
INFO:root:Converting subject: 0026043
INFO:root:Writing NIDM file....
INFO:root:Serializing NIDM graph and creating graph visualization..
