INFO:root:bidsmri2nidm Namespace(bidsignore=False, directory='/datasets.datalad.org/corr/RawDataBIDS/NKI_TRT', json_map='/Volumes/Research/dbkeator/Documents/ReproNim/simple_2/corr_var_to_terms.json', jsonld=False, logfile='/Users/dbkeator/Documents/Coding/simple2_NIDM_examples/logs', outputfile='/Users/dbkeator/Documents/Coding/simple2_NIDM_examples/datasets.datalad.org/corr/RawDataBIDS/NKI_TRT/nidm.ttl', png=False)
WARNING:ontquery:You have not set an API key for the SciCrunch API! InterLexRemote will error if you try to use it.
INFO:root:2475376
INFO:root:3893245
INFO:root:3313349
INFO:root:9630905
INFO:root:2842950
INFO:root:2799329
INFO:root:8735778
INFO:root:3808535
INFO:root:7055197
INFO:root:1427581
INFO:root:3201815
INFO:root:1961098
INFO:root:0021006
INFO:root:8574662
INFO:root:0021024
INFO:root:0021001
INFO:root:0021018
INFO:root:3795193
INFO:root:1793622
INFO:root:4288245
INFO:root:4176156
INFO:root:3315657
INFO:root:6471972
INFO:root:0021002
INFO:root:Converting subject: 0021001
WARNING:root:Cannot find task-rest_bold.json file looking for session-specific one
WARNING:root:Cannot find session-specific task-rest_bold.json file which is required in the BIDS spec..continuing anyway
WARNING:root:Cannot find task-rest_bold.json file looking for session-specific one
WARNING:root:Cannot find session-specific task-rest_bold.json file which is required in the BIDS spec..continuing anyway
WARNING:root:Cannot find task-rest_bold.json file looking for session-specific one
WARNING:root:Cannot find session-specific task-rest_bold.json file which is required in the BIDS spec..continuing anyway
WARNING:root:Cannot find task-rest_bold.json file looking for session-specific one
WARNING:root:Cannot find session-specific task-rest_bold.json file which is required in the BIDS spec..continuing anyway
WARNING:root:Cannot find task-rest_bold.json file looking for session-specific one
WARNING:root:Cannot find session-specific task-rest_bold.json file which is required in the BIDS spec..continuing anyway
WARNING:root:Cannot find task-rest_bold.json file looking for session-specific one
WARNING:root:Cannot find session-specific task-rest_bold.json file which is required in the BIDS spec..continuing anyway
WARNING:root:Cannot find task-rest_bold.json file looking for session-specific one
WARNING:root:Cannot find session-specific task-rest_bold.json file which is required in the BIDS spec..continuing anyway
WARNING:root:Cannot find task-rest_bold.json file looking for session-specific one
WARNING:root:Cannot find session-specific task-rest_bold.json file which is required in the BIDS spec..continuing anyway
WARNING:root:Cannot find task-rest_bold.json file looking for session-specific one
WARNING:root:Cannot find session-specific task-rest_bold.json file which is required in the BIDS spec..continuing anyway
WARNING:root:Cannot find task-rest_bold.json file looking for session-specific one
WARNING:root:Cannot find session-specific task-rest_bold.json file which is required in the BIDS spec..continuing anyway
WARNING:root:Cannot find task-rest_bold.json file looking for session-specific one
WARNING:root:Cannot find session-specific task-rest_bold.json file which is required in the BIDS spec..continuing anyway
INFO:root:Converting subject: 0021002
WARNING:root:Cannot find task-rest_bold.json file looking for session-specific one
WARNING:root:Cannot find session-specific task-rest_bold.json file which is required in the BIDS spec..continuing anyway
WARNING:root:Cannot find task-rest_bold.json file looking for session-specific one
WARNING:root:Cannot find session-specific task-rest_bold.json file which is required in the BIDS spec..continuing anyway
WARNING:root:Cannot find task-rest_bold.json file looking for session-specific one
WARNING:root:Cannot find session-specific task-rest_bold.json file which is required in the BIDS spec..continuing anyway
WARNING:root:Cannot find task-rest_bold.json file looking for session-specific one
WARNING:root:Cannot find session-specific task-rest_bold.json file which is required in the BIDS spec..continuing anyway
WARNING:root:Cannot find task-rest_bold.json file looking for session-specific one
WARNING:root:Cannot find session-specific task-rest_bold.json file which is required in the BIDS spec..continuing anyway
WARNING:root:Cannot find task-rest_bold.json file looking for session-specific one
WARNING:root:Cannot find session-specific task-rest_bold.json file which is required in the BIDS spec..continuing anyway
WARNING:root:Cannot find task-rest_bold.json file looking for session-specific one
WARNING:root:Cannot find session-specific task-rest_bold.json file which is required in the BIDS spec..continuing anyway
WARNING:root:Cannot find task-rest_bold.json file looking for session-specific one
WARNING:root:Cannot find session-specific task-rest_bold.json file which is required in the BIDS spec..continuing anyway
WARNING:root:Cannot find task-rest_bold.json file looking for session-specific one
WARNING:root:Cannot find session-specific task-rest_bold.json file which is required in the BIDS spec..continuing anyway
WARNING:root:Cannot find task-rest_bold.json file looking for session-specific one
WARNING:root:Cannot find session-specific task-rest_bold.json file which is required in the BIDS spec..continuing anyway
WARNING:root:Cannot find task-rest_bold.json file looking for session-specific one
WARNING:root:Cannot find session-specific task-rest_bold.json file which is required in the BIDS spec..continuing anyway
INFO:root:Converting subject: 0021006
WARNING:root:Cannot find task-rest_bold.json file looking for session-specific one
WARNING:root:Cannot find session-specific task-rest_bold.json file which is required in the BIDS spec..continuing anyway
WARNING:root:Cannot find task-rest_bold.json file looking for session-specific one
WARNING:root:Cannot find session-specific task-rest_bold.json file which is required in the BIDS spec..continuing anyway
WARNING:root:Cannot find task-rest_bold.json file looking for session-specific one
WARNING:root:Cannot find session-specific task-rest_bold.json file which is required in the BIDS spec..continuing anyway
WARNING:root:Cannot find task-rest_bold.json file looking for session-specific one
WARNING:root:Cannot find session-specific task-rest_bold.json file which is required in the BIDS spec..continuing anyway
WARNING:root:Cannot find task-rest_bold.json file looking for session-specific one
WARNING:root:Cannot find session-specific task-rest_bold.json file which is required in the BIDS spec..continuing anyway
WARNING:root:Cannot find task-rest_bold.json file looking for session-specific one
WARNING:root:Cannot find session-specific task-rest_bold.json file which is required in the BIDS spec..continuing anyway
WARNING:root:Cannot find task-rest_bold.json file looking for session-specific one
WARNING:root:Cannot find session-specific task-rest_bold.json file which is required in the BIDS spec..continuing anyway
WARNING:root:Cannot find task-rest_bold.json file looking for session-specific one
WARNING:root:Cannot find session-specific task-rest_bold.json file which is required in the BIDS spec..continuing anyway
WARNING:root:Cannot find task-rest_bold.json file looking for session-specific one
WARNING:root:Cannot find session-specific task-rest_bold.json file which is required in the BIDS spec..continuing anyway
WARNING:root:Cannot find task-rest_bold.json file looking for session-specific one
WARNING:root:Cannot find session-specific task-rest_bold.json file which is required in the BIDS spec..continuing anyway
WARNING:root:Cannot find task-rest_bold.json file looking for session-specific one
WARNING:root:Cannot find session-specific task-rest_bold.json file which is required in the BIDS spec..continuing anyway
INFO:root:Converting subject: 0021018
WARNING:root:Cannot find task-rest_bold.json file looking for session-specific one
WARNING:root:Cannot find session-specific task-rest_bold.json file which is required in the BIDS spec..continuing anyway
WARNING:root:Cannot find task-rest_bold.json file looking for session-specific one
WARNING:root:Cannot find session-specific task-rest_bold.json file which is required in the BIDS spec..continuing anyway
WARNING:root:Cannot find task-rest_bold.json file looking for session-specific one
WARNING:root:Cannot find session-specific task-rest_bold.json file which is required in the BIDS spec..continuing anyway
WARNING:root:Cannot find task-rest_bold.json file looking for session-specific one
WARNING:root:Cannot find session-specific task-rest_bold.json file which is required in the BIDS spec..continuing anyway
WARNING:root:Cannot find task-rest_bold.json file looking for session-specific one
WARNING:root:Cannot find session-specific task-rest_bold.json file which is required in the BIDS spec..continuing anyway
WARNING:root:Cannot find task-rest_bold.json file looking for session-specific one
WARNING:root:Cannot find session-specific task-rest_bold.json file which is required in the BIDS spec..continuing anyway
WARNING:root:Cannot find task-rest_bold.json file looking for session-specific one
WARNING:root:Cannot find session-specific task-rest_bold.json file which is required in the BIDS spec..continuing anyway
WARNING:root:Cannot find task-rest_bold.json file looking for session-specific one
WARNING:root:Cannot find session-specific task-rest_bold.json file which is required in the BIDS spec..continuing anyway
WARNING:root:Cannot find task-rest_bold.json file looking for session-specific one
WARNING:root:Cannot find session-specific task-rest_bold.json file which is required in the BIDS spec..continuing anyway
WARNING:root:Cannot find task-rest_bold.json file looking for session-specific one
WARNING:root:Cannot find session-specific task-rest_bold.json file which is required in the BIDS spec..continuing anyway
WARNING:root:Cannot find task-rest_bold.json file looking for session-specific one
WARNING:root:Cannot find session-specific task-rest_bold.json file which is required in the BIDS spec..continuing anyway
INFO:root:Converting subject: 0021024
WARNING:root:Cannot find task-rest_bold.json file looking for session-specific one
WARNING:root:Cannot find session-specific task-rest_bold.json file which is required in the BIDS spec..continuing anyway
WARNING:root:Cannot find task-rest_bold.json file looking for session-specific one
WARNING:root:Cannot find session-specific task-rest_bold.json file which is required in the BIDS spec..continuing anyway
WARNING:root:Cannot find task-rest_bold.json file looking for session-specific one
WARNING:root:Cannot find session-specific task-rest_bold.json file which is required in the BIDS spec..continuing anyway
WARNING:root:Cannot find task-rest_bold.json file looking for session-specific one
WARNING:root:Cannot find session-specific task-rest_bold.json file which is required in the BIDS spec..continuing anyway
WARNING:root:Cannot find task-rest_bold.json file looking for session-specific one
WARNING:root:Cannot find session-specific task-rest_bold.json file which is required in the BIDS spec..continuing anyway
WARNING:root:Cannot find task-rest_bold.json file looking for session-specific one
WARNING:root:Cannot find session-specific task-rest_bold.json file which is required in the BIDS spec..continuing anyway
WARNING:root:Cannot find task-rest_bold.json file looking for session-specific one
WARNING:root:Cannot find session-specific task-rest_bold.json file which is required in the BIDS spec..continuing anyway
WARNING:root:Cannot find task-rest_bold.json file looking for session-specific one
WARNING:root:Cannot find session-specific task-rest_bold.json file which is required in the BIDS spec..continuing anyway
WARNING:root:Cannot find task-rest_bold.json file looking for session-specific one
WARNING:root:Cannot find session-specific task-rest_bold.json file which is required in the BIDS spec..continuing anyway
WARNING:root:Cannot find task-rest_bold.json file looking for session-specific one
WARNING:root:Cannot find session-specific task-rest_bold.json file which is required in the BIDS spec..continuing anyway
WARNING:root:Cannot find task-rest_bold.json file looking for session-specific one
WARNING:root:Cannot find session-specific task-rest_bold.json file which is required in the BIDS spec..continuing anyway
INFO:root:Converting subject: 1427581
WARNING:root:Cannot find task-rest_bold.json file looking for session-specific one
WARNING:root:Cannot find session-specific task-rest_bold.json file which is required in the BIDS spec..continuing anyway
WARNING:root:Cannot find task-rest_bold.json file looking for session-specific one
WARNING:root:Cannot find session-specific task-rest_bold.json file which is required in the BIDS spec..continuing anyway
WARNING:root:Cannot find task-rest_bold.json file looking for session-specific one
WARNING:root:Cannot find session-specific task-rest_bold.json file which is required in the BIDS spec..continuing anyway
WARNING:root:Cannot find task-rest_bold.json file looking for session-specific one
WARNING:root:Cannot find session-specific task-rest_bold.json file which is required in the BIDS spec..continuing anyway
WARNING:root:Cannot find task-rest_bold.json file looking for session-specific one
WARNING:root:Cannot find session-specific task-rest_bold.json file which is required in the BIDS spec..continuing anyway
WARNING:root:Cannot find task-rest_bold.json file looking for session-specific one
WARNING:root:Cannot find session-specific task-rest_bold.json file which is required in the BIDS spec..continuing anyway
WARNING:root:Cannot find task-rest_bold.json file looking for session-specific one
WARNING:root:Cannot find session-specific task-rest_bold.json file which is required in the BIDS spec..continuing anyway
WARNING:root:Cannot find task-rest_bold.json file looking for session-specific one
WARNING:root:Cannot find session-specific task-rest_bold.json file which is required in the BIDS spec..continuing anyway
WARNING:root:Cannot find task-rest_bold.json file looking for session-specific one
WARNING:root:Cannot find session-specific task-rest_bold.json file which is required in the BIDS spec..continuing anyway
WARNING:root:Cannot find task-rest_bold.json file looking for session-specific one
WARNING:root:Cannot find session-specific task-rest_bold.json file which is required in the BIDS spec..continuing anyway
INFO:root:Converting subject: 1793622
WARNING:root:Cannot find task-rest_bold.json file looking for session-specific one
WARNING:root:Cannot find session-specific task-rest_bold.json file which is required in the BIDS spec..continuing anyway
WARNING:root:Cannot find task-rest_bold.json file looking for session-specific one
WARNING:root:Cannot find session-specific task-rest_bold.json file which is required in the BIDS spec..continuing anyway
WARNING:root:Cannot find task-rest_bold.json file looking for session-specific one
WARNING:root:Cannot find session-specific task-rest_bold.json file which is required in the BIDS spec..continuing anyway
WARNING:root:Cannot find task-rest_bold.json file looking for session-specific one
WARNING:root:Cannot find session-specific task-rest_bold.json file which is required in the BIDS spec..continuing anyway
WARNING:root:Cannot find task-rest_bold.json file looking for session-specific one
WARNING:root:Cannot find session-specific task-rest_bold.json file which is required in the BIDS spec..continuing anyway
WARNING:root:Cannot find task-rest_bold.json file looking for session-specific one
WARNING:root:Cannot find session-specific task-rest_bold.json file which is required in the BIDS spec..continuing anyway
WARNING:root:Cannot find task-rest_bold.json file looking for session-specific one
WARNING:root:Cannot find session-specific task-rest_bold.json file which is required in the BIDS spec..continuing anyway
WARNING:root:Cannot find task-rest_bold.json file looking for session-specific one
WARNING:root:Cannot find session-specific task-rest_bold.json file which is required in the BIDS spec..continuing anyway
WARNING:root:Cannot find task-rest_bold.json file looking for session-specific one
WARNING:root:Cannot find session-specific task-rest_bold.json file which is required in the BIDS spec..continuing anyway
WARNING:root:Cannot find task-rest_bold.json file looking for session-specific one
WARNING:root:Cannot find session-specific task-rest_bold.json file which is required in the BIDS spec..continuing anyway
WARNING:root:Cannot find task-rest_bold.json file looking for session-specific one
WARNING:root:Cannot find session-specific task-rest_bold.json file which is required in the BIDS spec..continuing anyway
INFO:root:Converting subject: 1961098
WARNING:root:Cannot find task-rest_bold.json file looking for session-specific one
WARNING:root:Cannot find session-specific task-rest_bold.json file which is required in the BIDS spec..continuing anyway
WARNING:root:Cannot find task-rest_bold.json file looking for session-specific one
WARNING:root:Cannot find session-specific task-rest_bold.json file which is required in the BIDS spec..continuing anyway
WARNING:root:Cannot find task-rest_bold.json file looking for session-specific one
WARNING:root:Cannot find session-specific task-rest_bold.json file which is required in the BIDS spec..continuing anyway
WARNING:root:Cannot find task-rest_bold.json file looking for session-specific one
WARNING:root:Cannot find session-specific task-rest_bold.json file which is required in the BIDS spec..continuing anyway
WARNING:root:Cannot find task-rest_bold.json file looking for session-specific one
WARNING:root:Cannot find session-specific task-rest_bold.json file which is required in the BIDS spec..continuing anyway
WARNING:root:Cannot find task-rest_bold.json file looking for session-specific one
WARNING:root:Cannot find session-specific task-rest_bold.json file which is required in the BIDS spec..continuing anyway
WARNING:root:Cannot find task-rest_bold.json file looking for session-specific one
WARNING:root:Cannot find session-specific task-rest_bold.json file which is required in the BIDS spec..continuing anyway
WARNING:root:Cannot find task-rest_bold.json file looking for session-specific one
WARNING:root:Cannot find session-specific task-rest_bold.json file which is required in the BIDS spec..continuing anyway
WARNING:root:Cannot find task-rest_bold.json file looking for session-specific one
WARNING:root:Cannot find session-specific task-rest_bold.json file which is required in the BIDS spec..continuing anyway
WARNING:root:Cannot find task-rest_bold.json file looking for session-specific one
WARNING:root:Cannot find session-specific task-rest_bold.json file which is required in the BIDS spec..continuing anyway
WARNING:root:Cannot find task-rest_bold.json file looking for session-specific one
WARNING:root:Cannot find session-specific task-rest_bold.json file which is required in the BIDS spec..continuing anyway
INFO:root:Converting subject: 2475376
WARNING:root:Cannot find task-rest_bold.json file looking for session-specific one
WARNING:root:Cannot find session-specific task-rest_bold.json file which is required in the BIDS spec..continuing anyway
WARNING:root:Cannot find task-rest_bold.json file looking for session-specific one
WARNING:root:Cannot find session-specific task-rest_bold.json file which is required in the BIDS spec..continuing anyway
WARNING:root:Cannot find task-rest_bold.json file looking for session-specific one
WARNING:root:Cannot find session-specific task-rest_bold.json file which is required in the BIDS spec..continuing anyway
WARNING:root:Cannot find task-rest_bold.json file looking for session-specific one
WARNING:root:Cannot find session-specific task-rest_bold.json file which is required in the BIDS spec..continuing anyway
WARNING:root:Cannot find task-rest_bold.json file looking for session-specific one
WARNING:root:Cannot find session-specific task-rest_bold.json file which is required in the BIDS spec..continuing anyway
WARNING:root:Cannot find task-rest_bold.json file looking for session-specific one
WARNING:root:Cannot find session-specific task-rest_bold.json file which is required in the BIDS spec..continuing anyway
WARNING:root:Cannot find task-rest_bold.json file looking for session-specific one
WARNING:root:Cannot find session-specific task-rest_bold.json file which is required in the BIDS spec..continuing anyway
WARNING:root:Cannot find task-rest_bold.json file looking for session-specific one
WARNING:root:Cannot find session-specific task-rest_bold.json file which is required in the BIDS spec..continuing anyway
WARNING:root:Cannot find task-rest_bold.json file looking for session-specific one
WARNING:root:Cannot find session-specific task-rest_bold.json file which is required in the BIDS spec..continuing anyway
WARNING:root:Cannot find task-rest_bold.json file looking for session-specific one
WARNING:root:Cannot find session-specific task-rest_bold.json file which is required in the BIDS spec..continuing anyway
WARNING:root:Cannot find task-rest_bold.json file looking for session-specific one
WARNING:root:Cannot find session-specific task-rest_bold.json file which is required in the BIDS spec..continuing anyway
INFO:root:Converting subject: 2799329
WARNING:root:Cannot find task-rest_bold.json file looking for session-specific one
WARNING:root:Cannot find session-specific task-rest_bold.json file which is required in the BIDS spec..continuing anyway
WARNING:root:Cannot find task-rest_bold.json file looking for session-specific one
WARNING:root:Cannot find session-specific task-rest_bold.json file which is required in the BIDS spec..continuing anyway
WARNING:root:Cannot find task-rest_bold.json file looking for session-specific one
WARNING:root:Cannot find session-specific task-rest_bold.json file which is required in the BIDS spec..continuing anyway
WARNING:root:Cannot find task-rest_bold.json file looking for session-specific one
WARNING:root:Cannot find session-specific task-rest_bold.json file which is required in the BIDS spec..continuing anyway
WARNING:root:Cannot find task-rest_bold.json file looking for session-specific one
WARNING:root:Cannot find session-specific task-rest_bold.json file which is required in the BIDS spec..continuing anyway
WARNING:root:Cannot find task-rest_bold.json file looking for session-specific one
WARNING:root:Cannot find session-specific task-rest_bold.json file which is required in the BIDS spec..continuing anyway
WARNING:root:Cannot find task-rest_bold.json file looking for session-specific one
WARNING:root:Cannot find session-specific task-rest_bold.json file which is required in the BIDS spec..continuing anyway
WARNING:root:Cannot find task-rest_bold.json file looking for session-specific one
WARNING:root:Cannot find session-specific task-rest_bold.json file which is required in the BIDS spec..continuing anyway
WARNING:root:Cannot find task-rest_bold.json file looking for session-specific one
WARNING:root:Cannot find session-specific task-rest_bold.json file which is required in the BIDS spec..continuing anyway
WARNING:root:Cannot find task-rest_bold.json file looking for session-specific one
WARNING:root:Cannot find session-specific task-rest_bold.json file which is required in the BIDS spec..continuing anyway
WARNING:root:Cannot find task-rest_bold.json file looking for session-specific one
WARNING:root:Cannot find session-specific task-rest_bold.json file which is required in the BIDS spec..continuing anyway
INFO:root:Converting subject: 2842950
WARNING:root:Cannot find task-rest_bold.json file looking for session-specific one
WARNING:root:Cannot find session-specific task-rest_bold.json file which is required in the BIDS spec..continuing anyway
WARNING:root:Cannot find task-rest_bold.json file looking for session-specific one
WARNING:root:Cannot find session-specific task-rest_bold.json file which is required in the BIDS spec..continuing anyway
WARNING:root:Cannot find task-rest_bold.json file looking for session-specific one
WARNING:root:Cannot find session-specific task-rest_bold.json file which is required in the BIDS spec..continuing anyway
WARNING:root:Cannot find task-rest_bold.json file looking for session-specific one
WARNING:root:Cannot find session-specific task-rest_bold.json file which is required in the BIDS spec..continuing anyway
WARNING:root:Cannot find task-rest_bold.json file looking for session-specific one
WARNING:root:Cannot find session-specific task-rest_bold.json file which is required in the BIDS spec..continuing anyway
WARNING:root:Cannot find task-rest_bold.json file looking for session-specific one
WARNING:root:Cannot find session-specific task-rest_bold.json file which is required in the BIDS spec..continuing anyway
WARNING:root:Cannot find task-rest_bold.json file looking for session-specific one
WARNING:root:Cannot find session-specific task-rest_bold.json file which is required in the BIDS spec..continuing anyway
WARNING:root:Cannot find task-rest_bold.json file looking for session-specific one
WARNING:root:Cannot find session-specific task-rest_bold.json file which is required in the BIDS spec..continuing anyway
WARNING:root:Cannot find task-rest_bold.json file looking for session-specific one
WARNING:root:Cannot find session-specific task-rest_bold.json file which is required in the BIDS spec..continuing anyway
WARNING:root:Cannot find task-rest_bold.json file looking for session-specific one
WARNING:root:Cannot find session-specific task-rest_bold.json file which is required in the BIDS spec..continuing anyway
WARNING:root:Cannot find task-rest_bold.json file looking for session-specific one
WARNING:root:Cannot find session-specific task-rest_bold.json file which is required in the BIDS spec..continuing anyway
INFO:root:Converting subject: 3201815
WARNING:root:Cannot find task-rest_bold.json file looking for session-specific one
WARNING:root:Cannot find session-specific task-rest_bold.json file which is required in the BIDS spec..continuing anyway
WARNING:root:Cannot find task-rest_bold.json file looking for session-specific one
WARNING:root:Cannot find session-specific task-rest_bold.json file which is required in the BIDS spec..continuing anyway
WARNING:root:Cannot find task-rest_bold.json file looking for session-specific one
WARNING:root:Cannot find session-specific task-rest_bold.json file which is required in the BIDS spec..continuing anyway
WARNING:root:Cannot find task-rest_bold.json file looking for session-specific one
WARNING:root:Cannot find session-specific task-rest_bold.json file which is required in the BIDS spec..continuing anyway
WARNING:root:Cannot find task-rest_bold.json file looking for session-specific one
WARNING:root:Cannot find session-specific task-rest_bold.json file which is required in the BIDS spec..continuing anyway
WARNING:root:Cannot find task-rest_bold.json file looking for session-specific one
WARNING:root:Cannot find session-specific task-rest_bold.json file which is required in the BIDS spec..continuing anyway
WARNING:root:Cannot find task-rest_bold.json file looking for session-specific one
WARNING:root:Cannot find session-specific task-rest_bold.json file which is required in the BIDS spec..continuing anyway
WARNING:root:Cannot find task-rest_bold.json file looking for session-specific one
WARNING:root:Cannot find session-specific task-rest_bold.json file which is required in the BIDS spec..continuing anyway
WARNING:root:Cannot find task-rest_bold.json file looking for session-specific one
WARNING:root:Cannot find session-specific task-rest_bold.json file which is required in the BIDS spec..continuing anyway
WARNING:root:Cannot find task-rest_bold.json file looking for session-specific one
WARNING:root:Cannot find session-specific task-rest_bold.json file which is required in the BIDS spec..continuing anyway
WARNING:root:Cannot find task-rest_bold.json file looking for session-specific one
WARNING:root:Cannot find session-specific task-rest_bold.json file which is required in the BIDS spec..continuing anyway
INFO:root:Converting subject: 3313349
WARNING:root:Cannot find task-rest_bold.json file looking for session-specific one
WARNING:root:Cannot find session-specific task-rest_bold.json file which is required in the BIDS spec..continuing anyway
WARNING:root:Cannot find task-rest_bold.json file looking for session-specific one
WARNING:root:Cannot find session-specific task-rest_bold.json file which is required in the BIDS spec..continuing anyway
WARNING:root:Cannot find task-rest_bold.json file looking for session-specific one
WARNING:root:Cannot find session-specific task-rest_bold.json file which is required in the BIDS spec..continuing anyway
WARNING:root:Cannot find task-rest_bold.json file looking for session-specific one
WARNING:root:Cannot find session-specific task-rest_bold.json file which is required in the BIDS spec..continuing anyway
WARNING:root:Cannot find task-rest_bold.json file looking for session-specific one
WARNING:root:Cannot find session-specific task-rest_bold.json file which is required in the BIDS spec..continuing anyway
WARNING:root:Cannot find task-rest_bold.json file looking for session-specific one
WARNING:root:Cannot find session-specific task-rest_bold.json file which is required in the BIDS spec..continuing anyway
WARNING:root:Cannot find task-rest_bold.json file looking for session-specific one
WARNING:root:Cannot find session-specific task-rest_bold.json file which is required in the BIDS spec..continuing anyway
WARNING:root:Cannot find task-rest_bold.json file looking for session-specific one
WARNING:root:Cannot find session-specific task-rest_bold.json file which is required in the BIDS spec..continuing anyway
WARNING:root:Cannot find task-rest_bold.json file looking for session-specific one
WARNING:root:Cannot find session-specific task-rest_bold.json file which is required in the BIDS spec..continuing anyway
WARNING:root:Cannot find task-rest_bold.json file looking for session-specific one
WARNING:root:Cannot find session-specific task-rest_bold.json file which is required in the BIDS spec..continuing anyway
WARNING:root:Cannot find task-rest_bold.json file looking for session-specific one
WARNING:root:Cannot find session-specific task-rest_bold.json file which is required in the BIDS spec..continuing anyway
INFO:root:Converting subject: 3315657
WARNING:root:Cannot find task-rest_bold.json file looking for session-specific one
WARNING:root:Cannot find session-specific task-rest_bold.json file which is required in the BIDS spec..continuing anyway
WARNING:root:Cannot find task-rest_bold.json file looking for session-specific one
WARNING:root:Cannot find session-specific task-rest_bold.json file which is required in the BIDS spec..continuing anyway
WARNING:root:Cannot find task-rest_bold.json file looking for session-specific one
WARNING:root:Cannot find session-specific task-rest_bold.json file which is required in the BIDS spec..continuing anyway
WARNING:root:Cannot find task-rest_bold.json file looking for session-specific one
WARNING:root:Cannot find session-specific task-rest_bold.json file which is required in the BIDS spec..continuing anyway
WARNING:root:Cannot find task-rest_bold.json file looking for session-specific one
WARNING:root:Cannot find session-specific task-rest_bold.json file which is required in the BIDS spec..continuing anyway
WARNING:root:Cannot find task-rest_bold.json file looking for session-specific one
WARNING:root:Cannot find session-specific task-rest_bold.json file which is required in the BIDS spec..continuing anyway
WARNING:root:Cannot find task-rest_bold.json file looking for session-specific one
WARNING:root:Cannot find session-specific task-rest_bold.json file which is required in the BIDS spec..continuing anyway
WARNING:root:Cannot find task-rest_bold.json file looking for session-specific one
WARNING:root:Cannot find session-specific task-rest_bold.json file which is required in the BIDS spec..continuing anyway
WARNING:root:Cannot find task-rest_bold.json file looking for session-specific one
WARNING:root:Cannot find session-specific task-rest_bold.json file which is required in the BIDS spec..continuing anyway
WARNING:root:Cannot find task-rest_bold.json file looking for session-specific one
WARNING:root:Cannot find session-specific task-rest_bold.json file which is required in the BIDS spec..continuing anyway
INFO:root:Converting subject: 3795193
WARNING:root:Cannot find task-rest_bold.json file looking for session-specific one
WARNING:root:Cannot find session-specific task-rest_bold.json file which is required in the BIDS spec..continuing anyway
WARNING:root:Cannot find task-rest_bold.json file looking for session-specific one
WARNING:root:Cannot find session-specific task-rest_bold.json file which is required in the BIDS spec..continuing anyway
WARNING:root:Cannot find task-rest_bold.json file looking for session-specific one
WARNING:root:Cannot find session-specific task-rest_bold.json file which is required in the BIDS spec..continuing anyway
WARNING:root:Cannot find task-rest_bold.json file looking for session-specific one
WARNING:root:Cannot find session-specific task-rest_bold.json file which is required in the BIDS spec..continuing anyway
WARNING:root:Cannot find task-rest_bold.json file looking for session-specific one
WARNING:root:Cannot find session-specific task-rest_bold.json file which is required in the BIDS spec..continuing anyway
WARNING:root:Cannot find task-rest_bold.json file looking for session-specific one
WARNING:root:Cannot find session-specific task-rest_bold.json file which is required in the BIDS spec..continuing anyway
WARNING:root:Cannot find task-rest_bold.json file looking for session-specific one
WARNING:root:Cannot find session-specific task-rest_bold.json file which is required in the BIDS spec..continuing anyway
WARNING:root:Cannot find task-rest_bold.json file looking for session-specific one
WARNING:root:Cannot find session-specific task-rest_bold.json file which is required in the BIDS spec..continuing anyway
WARNING:root:Cannot find task-rest_bold.json file looking for session-specific one
WARNING:root:Cannot find session-specific task-rest_bold.json file which is required in the BIDS spec..continuing anyway
WARNING:root:Cannot find task-rest_bold.json file looking for session-specific one
WARNING:root:Cannot find session-specific task-rest_bold.json file which is required in the BIDS spec..continuing anyway
INFO:root:Converting subject: 3808535
WARNING:root:Cannot find task-rest_bold.json file looking for session-specific one
WARNING:root:Cannot find session-specific task-rest_bold.json file which is required in the BIDS spec..continuing anyway
WARNING:root:Cannot find task-rest_bold.json file looking for session-specific one
WARNING:root:Cannot find session-specific task-rest_bold.json file which is required in the BIDS spec..continuing anyway
WARNING:root:Cannot find task-rest_bold.json file looking for session-specific one
WARNING:root:Cannot find session-specific task-rest_bold.json file which is required in the BIDS spec..continuing anyway
WARNING:root:Cannot find task-rest_bold.json file looking for session-specific one
WARNING:root:Cannot find session-specific task-rest_bold.json file which is required in the BIDS spec..continuing anyway
WARNING:root:Cannot find task-rest_bold.json file looking for session-specific one
WARNING:root:Cannot find session-specific task-rest_bold.json file which is required in the BIDS spec..continuing anyway
WARNING:root:Cannot find task-rest_bold.json file looking for session-specific one
WARNING:root:Cannot find session-specific task-rest_bold.json file which is required in the BIDS spec..continuing anyway
WARNING:root:Cannot find task-rest_bold.json file looking for session-specific one
WARNING:root:Cannot find session-specific task-rest_bold.json file which is required in the BIDS spec..continuing anyway
WARNING:root:Cannot find task-rest_bold.json file looking for session-specific one
WARNING:root:Cannot find session-specific task-rest_bold.json file which is required in the BIDS spec..continuing anyway
WARNING:root:Cannot find task-rest_bold.json file looking for session-specific one
WARNING:root:Cannot find session-specific task-rest_bold.json file which is required in the BIDS spec..continuing anyway
WARNING:root:Cannot find task-rest_bold.json file looking for session-specific one
WARNING:root:Cannot find session-specific task-rest_bold.json file which is required in the BIDS spec..continuing anyway
WARNING:root:Cannot find task-rest_bold.json file looking for session-specific one
WARNING:root:Cannot find session-specific task-rest_bold.json file which is required in the BIDS spec..continuing anyway
INFO:root:Converting subject: 3893245
WARNING:root:Cannot find task-rest_bold.json file looking for session-specific one
WARNING:root:Cannot find session-specific task-rest_bold.json file which is required in the BIDS spec..continuing anyway
WARNING:root:Cannot find task-rest_bold.json file looking for session-specific one
WARNING:root:Cannot find session-specific task-rest_bold.json file which is required in the BIDS spec..continuing anyway
WARNING:root:Cannot find task-rest_bold.json file looking for session-specific one
WARNING:root:Cannot find session-specific task-rest_bold.json file which is required in the BIDS spec..continuing anyway
WARNING:root:Cannot find task-rest_bold.json file looking for session-specific one
WARNING:root:Cannot find session-specific task-rest_bold.json file which is required in the BIDS spec..continuing anyway
WARNING:root:Cannot find task-rest_bold.json file looking for session-specific one
WARNING:root:Cannot find session-specific task-rest_bold.json file which is required in the BIDS spec..continuing anyway
WARNING:root:Cannot find task-rest_bold.json file looking for session-specific one
WARNING:root:Cannot find session-specific task-rest_bold.json file which is required in the BIDS spec..continuing anyway
WARNING:root:Cannot find task-rest_bold.json file looking for session-specific one
WARNING:root:Cannot find session-specific task-rest_bold.json file which is required in the BIDS spec..continuing anyway
WARNING:root:Cannot find task-rest_bold.json file looking for session-specific one
WARNING:root:Cannot find session-specific task-rest_bold.json file which is required in the BIDS spec..continuing anyway
WARNING:root:Cannot find task-rest_bold.json file looking for session-specific one
WARNING:root:Cannot find session-specific task-rest_bold.json file which is required in the BIDS spec..continuing anyway
WARNING:root:Cannot find task-rest_bold.json file looking for session-specific one
WARNING:root:Cannot find session-specific task-rest_bold.json file which is required in the BIDS spec..continuing anyway
WARNING:root:Cannot find task-rest_bold.json file looking for session-specific one
WARNING:root:Cannot find session-specific task-rest_bold.json file which is required in the BIDS spec..continuing anyway
INFO:root:Converting subject: 4176156
WARNING:root:Cannot find task-rest_bold.json file looking for session-specific one
WARNING:root:Cannot find session-specific task-rest_bold.json file which is required in the BIDS spec..continuing anyway
WARNING:root:Cannot find task-rest_bold.json file looking for session-specific one
WARNING:root:Cannot find session-specific task-rest_bold.json file which is required in the BIDS spec..continuing anyway
WARNING:root:Cannot find task-rest_bold.json file looking for session-specific one
WARNING:root:Cannot find session-specific task-rest_bold.json file which is required in the BIDS spec..continuing anyway
WARNING:root:Cannot find task-rest_bold.json file looking for session-specific one
WARNING:root:Cannot find session-specific task-rest_bold.json file which is required in the BIDS spec..continuing anyway
WARNING:root:Cannot find task-rest_bold.json file looking for session-specific one
WARNING:root:Cannot find session-specific task-rest_bold.json file which is required in the BIDS spec..continuing anyway
WARNING:root:Cannot find task-rest_bold.json file looking for session-specific one
WARNING:root:Cannot find session-specific task-rest_bold.json file which is required in the BIDS spec..continuing anyway
WARNING:root:Cannot find task-rest_bold.json file looking for session-specific one
WARNING:root:Cannot find session-specific task-rest_bold.json file which is required in the BIDS spec..continuing anyway
WARNING:root:Cannot find task-rest_bold.json file looking for session-specific one
WARNING:root:Cannot find session-specific task-rest_bold.json file which is required in the BIDS spec..continuing anyway
WARNING:root:Cannot find task-rest_bold.json file looking for session-specific one
WARNING:root:Cannot find session-specific task-rest_bold.json file which is required in the BIDS spec..continuing anyway
WARNING:root:Cannot find task-rest_bold.json file looking for session-specific one
WARNING:root:Cannot find session-specific task-rest_bold.json file which is required in the BIDS spec..continuing anyway
WARNING:root:Cannot find task-rest_bold.json file looking for session-specific one
WARNING:root:Cannot find session-specific task-rest_bold.json file which is required in the BIDS spec..continuing anyway
INFO:root:Converting subject: 4288245
WARNING:root:Cannot find task-rest_bold.json file looking for session-specific one
WARNING:root:Cannot find session-specific task-rest_bold.json file which is required in the BIDS spec..continuing anyway
WARNING:root:Cannot find task-rest_bold.json file looking for session-specific one
WARNING:root:Cannot find session-specific task-rest_bold.json file which is required in the BIDS spec..continuing anyway
WARNING:root:Cannot find task-rest_bold.json file looking for session-specific one
WARNING:root:Cannot find session-specific task-rest_bold.json file which is required in the BIDS spec..continuing anyway
WARNING:root:Cannot find task-rest_bold.json file looking for session-specific one
WARNING:root:Cannot find session-specific task-rest_bold.json file which is required in the BIDS spec..continuing anyway
WARNING:root:Cannot find task-rest_bold.json file looking for session-specific one
WARNING:root:Cannot find session-specific task-rest_bold.json file which is required in the BIDS spec..continuing anyway
WARNING:root:Cannot find task-rest_bold.json file looking for session-specific one
WARNING:root:Cannot find session-specific task-rest_bold.json file which is required in the BIDS spec..continuing anyway
WARNING:root:Cannot find task-rest_bold.json file looking for session-specific one
WARNING:root:Cannot find session-specific task-rest_bold.json file which is required in the BIDS spec..continuing anyway
WARNING:root:Cannot find task-rest_bold.json file looking for session-specific one
WARNING:root:Cannot find session-specific task-rest_bold.json file which is required in the BIDS spec..continuing anyway
WARNING:root:Cannot find task-rest_bold.json file looking for session-specific one
WARNING:root:Cannot find session-specific task-rest_bold.json file which is required in the BIDS spec..continuing anyway
WARNING:root:Cannot find task-rest_bold.json file looking for session-specific one
WARNING:root:Cannot find session-specific task-rest_bold.json file which is required in the BIDS spec..continuing anyway
WARNING:root:Cannot find task-rest_bold.json file looking for session-specific one
WARNING:root:Cannot find session-specific task-rest_bold.json file which is required in the BIDS spec..continuing anyway
INFO:root:Converting subject: 6471972
WARNING:root:Cannot find task-rest_bold.json file looking for session-specific one
WARNING:root:Cannot find session-specific task-rest_bold.json file which is required in the BIDS spec..continuing anyway
WARNING:root:Cannot find task-rest_bold.json file looking for session-specific one
WARNING:root:Cannot find session-specific task-rest_bold.json file which is required in the BIDS spec..continuing anyway
WARNING:root:Cannot find task-rest_bold.json file looking for session-specific one
WARNING:root:Cannot find session-specific task-rest_bold.json file which is required in the BIDS spec..continuing anyway
WARNING:root:Cannot find task-rest_bold.json file looking for session-specific one
WARNING:root:Cannot find session-specific task-rest_bold.json file which is required in the BIDS spec..continuing anyway
WARNING:root:Cannot find task-rest_bold.json file looking for session-specific one
WARNING:root:Cannot find session-specific task-rest_bold.json file which is required in the BIDS spec..continuing anyway
INFO:root:Converting subject: 7055197
WARNING:root:Cannot find task-rest_bold.json file looking for session-specific one
WARNING:root:Cannot find session-specific task-rest_bold.json file which is required in the BIDS spec..continuing anyway
WARNING:root:Cannot find task-rest_bold.json file looking for session-specific one
WARNING:root:Cannot find session-specific task-rest_bold.json file which is required in the BIDS spec..continuing anyway
WARNING:root:Cannot find task-rest_bold.json file looking for session-specific one
WARNING:root:Cannot find session-specific task-rest_bold.json file which is required in the BIDS spec..continuing anyway
WARNING:root:Cannot find task-rest_bold.json file looking for session-specific one
WARNING:root:Cannot find session-specific task-rest_bold.json file which is required in the BIDS spec..continuing anyway
WARNING:root:Cannot find task-rest_bold.json file looking for session-specific one
WARNING:root:Cannot find session-specific task-rest_bold.json file which is required in the BIDS spec..continuing anyway
WARNING:root:Cannot find task-rest_bold.json file looking for session-specific one
WARNING:root:Cannot find session-specific task-rest_bold.json file which is required in the BIDS spec..continuing anyway
WARNING:root:Cannot find task-rest_bold.json file looking for session-specific one
WARNING:root:Cannot find session-specific task-rest_bold.json file which is required in the BIDS spec..continuing anyway
WARNING:root:Cannot find task-rest_bold.json file looking for session-specific one
WARNING:root:Cannot find session-specific task-rest_bold.json file which is required in the BIDS spec..continuing anyway
WARNING:root:Cannot find task-rest_bold.json file looking for session-specific one
WARNING:root:Cannot find session-specific task-rest_bold.json file which is required in the BIDS spec..continuing anyway
WARNING:root:Cannot find task-rest_bold.json file looking for session-specific one
WARNING:root:Cannot find session-specific task-rest_bold.json file which is required in the BIDS spec..continuing anyway
WARNING:root:Cannot find task-rest_bold.json file looking for session-specific one
WARNING:root:Cannot find session-specific task-rest_bold.json file which is required in the BIDS spec..continuing anyway
INFO:root:Converting subject: 8574662
WARNING:root:Cannot find task-rest_bold.json file looking for session-specific one
WARNING:root:Cannot find session-specific task-rest_bold.json file which is required in the BIDS spec..continuing anyway
WARNING:root:Cannot find task-rest_bold.json file looking for session-specific one
WARNING:root:Cannot find session-specific task-rest_bold.json file which is required in the BIDS spec..continuing anyway
WARNING:root:Cannot find task-rest_bold.json file looking for session-specific one
WARNING:root:Cannot find session-specific task-rest_bold.json file which is required in the BIDS spec..continuing anyway
WARNING:root:Cannot find task-rest_bold.json file looking for session-specific one
WARNING:root:Cannot find session-specific task-rest_bold.json file which is required in the BIDS spec..continuing anyway
WARNING:root:Cannot find task-rest_bold.json file looking for session-specific one
WARNING:root:Cannot find session-specific task-rest_bold.json file which is required in the BIDS spec..continuing anyway
WARNING:root:Cannot find task-rest_bold.json file looking for session-specific one
WARNING:root:Cannot find session-specific task-rest_bold.json file which is required in the BIDS spec..continuing anyway
WARNING:root:Cannot find task-rest_bold.json file looking for session-specific one
WARNING:root:Cannot find session-specific task-rest_bold.json file which is required in the BIDS spec..continuing anyway
WARNING:root:Cannot find task-rest_bold.json file looking for session-specific one
WARNING:root:Cannot find session-specific task-rest_bold.json file which is required in the BIDS spec..continuing anyway
WARNING:root:Cannot find task-rest_bold.json file looking for session-specific one
WARNING:root:Cannot find session-specific task-rest_bold.json file which is required in the BIDS spec..continuing anyway
WARNING:root:Cannot find task-rest_bold.json file looking for session-specific one
WARNING:root:Cannot find session-specific task-rest_bold.json file which is required in the BIDS spec..continuing anyway
WARNING:root:Cannot find task-rest_bold.json file looking for session-specific one
WARNING:root:Cannot find session-specific task-rest_bold.json file which is required in the BIDS spec..continuing anyway
INFO:root:Converting subject: 8735778
WARNING:root:Cannot find task-rest_bold.json file looking for session-specific one
WARNING:root:Cannot find session-specific task-rest_bold.json file which is required in the BIDS spec..continuing anyway
WARNING:root:Cannot find task-rest_bold.json file looking for session-specific one
WARNING:root:Cannot find session-specific task-rest_bold.json file which is required in the BIDS spec..continuing anyway
WARNING:root:Cannot find task-rest_bold.json file looking for session-specific one
WARNING:root:Cannot find session-specific task-rest_bold.json file which is required in the BIDS spec..continuing anyway
WARNING:root:Cannot find task-rest_bold.json file looking for session-specific one
WARNING:root:Cannot find session-specific task-rest_bold.json file which is required in the BIDS spec..continuing anyway
WARNING:root:Cannot find task-rest_bold.json file looking for session-specific one
WARNING:root:Cannot find session-specific task-rest_bold.json file which is required in the BIDS spec..continuing anyway
WARNING:root:Cannot find task-rest_bold.json file looking for session-specific one
WARNING:root:Cannot find session-specific task-rest_bold.json file which is required in the BIDS spec..continuing anyway
WARNING:root:Cannot find task-rest_bold.json file looking for session-specific one
WARNING:root:Cannot find session-specific task-rest_bold.json file which is required in the BIDS spec..continuing anyway
WARNING:root:Cannot find task-rest_bold.json file looking for session-specific one
WARNING:root:Cannot find session-specific task-rest_bold.json file which is required in the BIDS spec..continuing anyway
WARNING:root:Cannot find task-rest_bold.json file looking for session-specific one
WARNING:root:Cannot find session-specific task-rest_bold.json file which is required in the BIDS spec..continuing anyway
WARNING:root:Cannot find task-rest_bold.json file looking for session-specific one
WARNING:root:Cannot find session-specific task-rest_bold.json file which is required in the BIDS spec..continuing anyway
WARNING:root:Cannot find task-rest_bold.json file looking for session-specific one
WARNING:root:Cannot find session-specific task-rest_bold.json file which is required in the BIDS spec..continuing anyway
INFO:root:Converting subject: 9630905
WARNING:root:Cannot find task-rest_bold.json file looking for session-specific one
WARNING:root:Cannot find session-specific task-rest_bold.json file which is required in the BIDS spec..continuing anyway
WARNING:root:Cannot find task-rest_bold.json file looking for session-specific one
WARNING:root:Cannot find session-specific task-rest_bold.json file which is required in the BIDS spec..continuing anyway
WARNING:root:Cannot find task-rest_bold.json file looking for session-specific one
WARNING:root:Cannot find session-specific task-rest_bold.json file which is required in the BIDS spec..continuing anyway
WARNING:root:Cannot find task-rest_bold.json file looking for session-specific one
WARNING:root:Cannot find session-specific task-rest_bold.json file which is required in the BIDS spec..continuing anyway
WARNING:root:Cannot find task-rest_bold.json file looking for session-specific one
WARNING:root:Cannot find session-specific task-rest_bold.json file which is required in the BIDS spec..continuing anyway
WARNING:root:Cannot find task-rest_bold.json file looking for session-specific one
WARNING:root:Cannot find session-specific task-rest_bold.json file which is required in the BIDS spec..continuing anyway
WARNING:root:Cannot find task-rest_bold.json file looking for session-specific one
WARNING:root:Cannot find session-specific task-rest_bold.json file which is required in the BIDS spec..continuing anyway
WARNING:root:Cannot find task-rest_bold.json file looking for session-specific one
WARNING:root:Cannot find session-specific task-rest_bold.json file which is required in the BIDS spec..continuing anyway
WARNING:root:Cannot find task-rest_bold.json file looking for session-specific one
WARNING:root:Cannot find session-specific task-rest_bold.json file which is required in the BIDS spec..continuing anyway
WARNING:root:Cannot find task-rest_bold.json file looking for session-specific one
WARNING:root:Cannot find session-specific task-rest_bold.json file which is required in the BIDS spec..continuing anyway
WARNING:root:Cannot find task-rest_bold.json file looking for session-specific one
WARNING:root:Cannot find session-specific task-rest_bold.json file which is required in the BIDS spec..continuing anyway
INFO:root:Writing NIDM file....
INFO:root:Serializing NIDM graph and creating graph visualization..
