INFO:root:bidsmri2nidm Namespace(bidsignore=False, directory='/datasets.datalad.org/corr/RawDataBIDS/IPCAS_2', json_map='/Volumes/Research/dbkeator/Documents/ReproNim/simple2/corr_var_to_terms.json', jsonld=False, key='29hUT0BKdmUEgD6KLppEH9qDItY0eQXM', logfile='/Users/dbkeator/Documents/Coding/simple2_NIDM_examples/logs', outputfile='/Users/dbkeator/Documents/Coding/simple2_NIDM_examples/datasets.datalad.org/corr/RawDataBIDS/IPCAS_2/nidm.ttl', png=False)
INFO:root:bidsmri2nidm Namespace(bidsignore=False, directory='/datasets.datalad.org/corr/RawDataBIDS/IPCAS_2', json_map='/Volumes/Research/dbkeator/Documents/ReproNim/simple_2/corr_var_to_terms.json', jsonld=False, logfile='/Users/dbkeator/Documents/Coding/simple2_NIDM_examples/logs', outputfile='/Users/dbkeator/Documents/Coding/simple2_NIDM_examples/datasets.datalad.org/corr/RawDataBIDS/IPCAS_2/nidm.ttl', png=False)
WARNING:ontquery:You have not set an API key for the SciCrunch API! InterLexRemote will error if you try to use it.
INFO:root:0025515
INFO:root:0025516
INFO:root:0025517
INFO:root:0025518
INFO:root:0025519
INFO:root:0025520
INFO:root:0025521
INFO:root:0025522
INFO:root:0025523
INFO:root:0025524
INFO:root:0025525
INFO:root:0025526
INFO:root:0025527
INFO:root:0025528
INFO:root:0025529
INFO:root:0025530
INFO:root:0025531
INFO:root:0025532
INFO:root:0025533
INFO:root:0025534
INFO:root:0025535
INFO:root:0025536
INFO:root:0025537
INFO:root:0025538
INFO:root:0025539
INFO:root:0025540
INFO:root:0025541
INFO:root:0025542
INFO:root:0025543
INFO:root:0025544
INFO:root:0025546
INFO:root:0025547
INFO:root:0025548
INFO:root:0025549
INFO:root:Converting subject: 0025515
INFO:root:Converting subject: 0025516
INFO:root:Converting subject: 0025517
INFO:root:Converting subject: 0025518
INFO:root:Converting subject: 0025519
INFO:root:Converting subject: 0025520
INFO:root:Converting subject: 0025521
INFO:root:Converting subject: 0025522
INFO:root:Converting subject: 0025523
INFO:root:Converting subject: 0025524
INFO:root:Converting subject: 0025525
INFO:root:Converting subject: 0025526
INFO:root:Converting subject: 0025527
INFO:root:Converting subject: 0025528
INFO:root:Converting subject: 0025529
INFO:root:Converting subject: 0025530
INFO:root:Converting subject: 0025531
INFO:root:Converting subject: 0025532
INFO:root:Converting subject: 0025533
INFO:root:Converting subject: 0025534
INFO:root:Converting subject: 0025535
INFO:root:Converting subject: 0025536
INFO:root:Converting subject: 0025537
INFO:root:Converting subject: 0025538
INFO:root:Converting subject: 0025539
INFO:root:Converting subject: 0025540
INFO:root:Converting subject: 0025541
INFO:root:Converting subject: 0025542
INFO:root:Converting subject: 0025543
INFO:root:Converting subject: 0025544
INFO:root:Converting subject: 0025545
INFO:root:Converting subject: 0025546
INFO:root:Converting subject: 0025547
INFO:root:Converting subject: 0025548
INFO:root:Converting subject: 0025549
INFO:root:Writing NIDM file....
INFO:root:Serializing NIDM graph and creating graph visualization..
