INFO:root:bidsmri2nidm Namespace(bidsignore=False, directory='/datasets.datalad.org/corr/RawDataBIDS/HNU_1', json_map='/Volumes/Research/dbkeator/Documents/ReproNim/simple2/corr_var_to_terms.json', jsonld=False, key='29hUT0BKdmUEgD6KLppEH9qDItY0eQXM', logfile='/Users/dbkeator/Documents/Coding/simple2_NIDM_examples/logs', outputfile='/Users/dbkeator/Documents/Coding/simple2_NIDM_examples/datasets.datalad.org/corr/RawDataBIDS/HNU_1/nidm.ttl', png=False)
INFO:root:bidsmri2nidm Namespace(bidsignore=False, directory='/datasets.datalad.org/corr/RawDataBIDS/HNU_1', json_map='/Volumes/Research/dbkeator/Documents/ReproNim/simple_2/corr_var_to_terms.json', jsonld=False, key='29hUT0BKdmUEgD6KLppEH9qDItY0eQXM', logfile='/Users/dbkeator/Documents/Coding/simple2_NIDM_examples/logs', outputfile='/Users/dbkeator/Documents/Coding/simple2_NIDM_examples/datasets.datalad.org/corr/RawDataBIDS/HNU_1/nidm.ttl', png=False)
INFO:root:0025427
INFO:root:0025428
INFO:root:0025441
INFO:root:0025442
INFO:root:0025443
INFO:root:0025444
INFO:root:0025445
INFO:root:0025446
INFO:root:0025447
INFO:root:0025448
INFO:root:0025449
INFO:root:0025450
INFO:root:0025451
INFO:root:0025452
INFO:root:0025453
INFO:root:0025454
INFO:root:0025455
INFO:root:0025456
INFO:root:0025429
INFO:root:0025430
INFO:root:0025431
INFO:root:0025432
INFO:root:0025433
INFO:root:0025434
INFO:root:0025435
INFO:root:0025436
INFO:root:0025437
INFO:root:0025438
INFO:root:0025439
INFO:root:0025440
INFO:root:Converting subject: 0025427
INFO:root:Converting subject: 0025428
INFO:root:Converting subject: 0025429
INFO:root:Converting subject: 0025430
INFO:root:Converting subject: 0025431
INFO:root:Converting subject: 0025432
INFO:root:Converting subject: 0025433
INFO:root:Converting subject: 0025434
INFO:root:Converting subject: 0025435
INFO:root:Converting subject: 0025436
INFO:root:Converting subject: 0025437
INFO:root:Converting subject: 0025438
INFO:root:Converting subject: 0025439
INFO:root:Converting subject: 0025440
INFO:root:Converting subject: 0025441
INFO:root:Converting subject: 0025442
INFO:root:Converting subject: 0025443
INFO:root:Converting subject: 0025444
INFO:root:Converting subject: 0025445
INFO:root:Converting subject: 0025446
INFO:root:Converting subject: 0025447
INFO:root:Converting subject: 0025448
INFO:root:Converting subject: 0025449
INFO:root:Converting subject: 0025450
INFO:root:Converting subject: 0025451
INFO:root:Converting subject: 0025452
INFO:root:Converting subject: 0025453
INFO:root:Converting subject: 0025454
INFO:root:Converting subject: 0025455
INFO:root:Converting subject: 0025456
INFO:root:Writing NIDM file....
INFO:root:Serializing NIDM graph and creating graph visualization..
