INFO:root:bidsmri2nidm Namespace(bidsignore=False, directory='/datasets.datalad.org/corr/RawDataBIDS/MRN', json_map='/Volumes/Research/dbkeator/Documents/ReproNim/simple_2/corr_var_to_terms.json', jsonld=False, logfile='/Users/dbkeator/Documents/Coding/simple2_NIDM_examples/logs', outputfile='/Users/dbkeator/Documents/Coding/simple2_NIDM_examples/datasets.datalad.org/corr/RawDataBIDS/MRN/nidm.ttl', png=False)
WARNING:ontquery:You have not set an API key for the SciCrunch API! InterLexRemote will error if you try to use it.
INFO:root:0027010
INFO:root:0027011
INFO:root:0027012
INFO:root:0027013
INFO:root:0027014
INFO:root:0027015
INFO:root:0027016
INFO:root:0027017
INFO:root:0027018
INFO:root:0027019
INFO:root:0027020
INFO:root:0027021
INFO:root:0027022
INFO:root:0027024
INFO:root:0027025
INFO:root:0027026
INFO:root:0027027
INFO:root:0027028
INFO:root:0027029
INFO:root:0027030
INFO:root:0027031
INFO:root:0027032
INFO:root:0027033
INFO:root:0027034
INFO:root:0027035
INFO:root:0027036
INFO:root:0027037
INFO:root:0027038
INFO:root:0027039
INFO:root:0027040
INFO:root:0027041
INFO:root:0027042
INFO:root:0027043
INFO:root:0027044
INFO:root:0027045
INFO:root:0027046
INFO:root:0027047
INFO:root:0027048
INFO:root:0027049
INFO:root:0027050
INFO:root:0027051
INFO:root:0027052
INFO:root:0027053
INFO:root:0027054
INFO:root:0027410
INFO:root:0027411
INFO:root:0027412
INFO:root:0027413
INFO:root:0027414
INFO:root:0027415
INFO:root:0027416
INFO:root:0027417
INFO:root:0027418
INFO:root:0027419
INFO:root:Converting subject: 0027010
INFO:root:Converting subject: 0027011
INFO:root:Converting subject: 0027012
INFO:root:Converting subject: 0027013
INFO:root:Converting subject: 0027014
INFO:root:Converting subject: 0027015
INFO:root:Converting subject: 0027016
INFO:root:Converting subject: 0027017
INFO:root:Converting subject: 0027018
INFO:root:Converting subject: 0027019
INFO:root:Converting subject: 0027020
INFO:root:Converting subject: 0027021
INFO:root:Converting subject: 0027022
INFO:root:Converting subject: 0027023
INFO:root:Converting subject: 0027024
INFO:root:Converting subject: 0027025
INFO:root:Converting subject: 0027026
INFO:root:Converting subject: 0027027
INFO:root:Converting subject: 0027028
INFO:root:Converting subject: 0027029
INFO:root:Converting subject: 0027030
INFO:root:Converting subject: 0027031
INFO:root:Converting subject: 0027032
INFO:root:Converting subject: 0027033
INFO:root:Converting subject: 0027034
INFO:root:Converting subject: 0027035
INFO:root:Converting subject: 0027036
INFO:root:Converting subject: 0027037
INFO:root:Converting subject: 0027038
INFO:root:Converting subject: 0027039
INFO:root:Converting subject: 0027040
INFO:root:Converting subject: 0027041
INFO:root:Converting subject: 0027042
INFO:root:Converting subject: 0027043
INFO:root:Converting subject: 0027044
INFO:root:Converting subject: 0027045
INFO:root:Converting subject: 0027046
INFO:root:Converting subject: 0027047
INFO:root:Converting subject: 0027048
INFO:root:Converting subject: 0027049
INFO:root:Converting subject: 0027050
INFO:root:Converting subject: 0027051
INFO:root:Converting subject: 0027052
INFO:root:Converting subject: 0027053
INFO:root:Converting subject: 0027054
INFO:root:Converting subject: 0027410
INFO:root:Converting subject: 0027411
INFO:root:Converting subject: 0027412
INFO:root:Converting subject: 0027413
INFO:root:Converting subject: 0027414
INFO:root:Converting subject: 0027415
INFO:root:Converting subject: 0027416
INFO:root:Converting subject: 0027417
INFO:root:Converting subject: 0027418
INFO:root:Converting subject: 0027419
INFO:root:Writing NIDM file....
INFO:root:Serializing NIDM graph and creating graph visualization..
