INFO:root:bidsmri2nidm Namespace(bidsignore=False, directory='/datasets.datalad.org/corr/RawDataBIDS/UM', json_map='/Volumes/Research/dbkeator/Documents/ReproNim/simple_2/corr_var_to_terms.json', jsonld=False, logfile='/Users/dbkeator/Documents/Coding/simple2_NIDM_examples/logs', outputfile='/Users/dbkeator/Documents/Coding/simple2_NIDM_examples/datasets.datalad.org/corr/RawDataBIDS/UM/nidm.ttl', png=False)
WARNING:ontquery:You have not set an API key for the SciCrunch API! InterLexRemote will error if you try to use it.
INFO:root:0026007
INFO:root:0026008
INFO:root:0026009
INFO:root:0026010
INFO:root:0026011
INFO:root:0026012
INFO:root:0026013
INFO:root:0026014
INFO:root:0026015
INFO:root:0026016
INFO:root:0026120
INFO:root:0026121
INFO:root:0026122
INFO:root:0026123
INFO:root:0026124
INFO:root:0026125
INFO:root:0026126
INFO:root:0026127
INFO:root:0026128
INFO:root:0026129
INFO:root:0026130
INFO:root:0026131
INFO:root:0026132
INFO:root:0026133
INFO:root:0026134
INFO:root:0026135
INFO:root:0026136
INFO:root:0026137
INFO:root:0026138
INFO:root:0026139
INFO:root:0026140
INFO:root:0026141
INFO:root:0026142
INFO:root:0026143
INFO:root:0026144
INFO:root:0026145
INFO:root:0026146
INFO:root:0026147
INFO:root:0026148
INFO:root:0026149
INFO:root:0026150
INFO:root:0026151
INFO:root:0026152
INFO:root:0026153
INFO:root:0026154
INFO:root:0026155
INFO:root:0026156
INFO:root:0026157
INFO:root:0026158
INFO:root:0026159
INFO:root:0026160
INFO:root:0026161
INFO:root:0026162
INFO:root:0026163
INFO:root:0026164
INFO:root:0026165
INFO:root:0026166
INFO:root:0026167
INFO:root:0026168
INFO:root:0026169
INFO:root:0026170
INFO:root:0026171
INFO:root:0026172
INFO:root:0026173
INFO:root:0026174
INFO:root:0026175
INFO:root:0026176
INFO:root:0026177
INFO:root:0026178
INFO:root:0026179
INFO:root:0026180
INFO:root:0026181
INFO:root:0026182
INFO:root:0026183
INFO:root:0026184
INFO:root:0026185
INFO:root:0026186
INFO:root:0026187
INFO:root:0026188
INFO:root:0026189
INFO:root:Converting subject: 0026007
INFO:root:Converting subject: 0026008
INFO:root:Converting subject: 0026009
INFO:root:Converting subject: 0026010
INFO:root:Converting subject: 0026011
INFO:root:Converting subject: 0026012
INFO:root:Converting subject: 0026013
INFO:root:Converting subject: 0026014
INFO:root:Converting subject: 0026015
INFO:root:Converting subject: 0026016
INFO:root:Converting subject: 0026120
INFO:root:Converting subject: 0026121
INFO:root:Converting subject: 0026122
INFO:root:Converting subject: 0026123
INFO:root:Converting subject: 0026124
INFO:root:Converting subject: 0026125
INFO:root:Converting subject: 0026126
INFO:root:Converting subject: 0026127
INFO:root:Converting subject: 0026128
INFO:root:Converting subject: 0026129
INFO:root:Converting subject: 0026130
INFO:root:Converting subject: 0026131
INFO:root:Converting subject: 0026132
INFO:root:Converting subject: 0026133
INFO:root:Converting subject: 0026134
INFO:root:Converting subject: 0026135
INFO:root:Converting subject: 0026136
INFO:root:Converting subject: 0026137
INFO:root:Converting subject: 0026138
INFO:root:Converting subject: 0026139
INFO:root:Converting subject: 0026140
INFO:root:Converting subject: 0026141
INFO:root:Converting subject: 0026142
INFO:root:Converting subject: 0026143
INFO:root:Converting subject: 0026144
INFO:root:Converting subject: 0026145
INFO:root:Converting subject: 0026146
INFO:root:Converting subject: 0026147
INFO:root:Converting subject: 0026148
INFO:root:Converting subject: 0026149
INFO:root:Converting subject: 0026150
INFO:root:Converting subject: 0026151
INFO:root:Converting subject: 0026152
INFO:root:Converting subject: 0026153
INFO:root:Converting subject: 0026154
INFO:root:Converting subject: 0026155
INFO:root:Converting subject: 0026156
INFO:root:Converting subject: 0026157
INFO:root:Converting subject: 0026158
INFO:root:Converting subject: 0026159
INFO:root:Converting subject: 0026160
INFO:root:Converting subject: 0026161
INFO:root:Converting subject: 0026162
INFO:root:Converting subject: 0026163
INFO:root:Converting subject: 0026164
INFO:root:Converting subject: 0026165
INFO:root:Converting subject: 0026166
INFO:root:Converting subject: 0026167
INFO:root:Converting subject: 0026168
INFO:root:Converting subject: 0026169
INFO:root:Converting subject: 0026170
INFO:root:Converting subject: 0026171
INFO:root:Converting subject: 0026172
INFO:root:Converting subject: 0026173
INFO:root:Converting subject: 0026174
INFO:root:Converting subject: 0026175
INFO:root:Converting subject: 0026176
INFO:root:Converting subject: 0026177
INFO:root:Converting subject: 0026178
INFO:root:Converting subject: 0026179
INFO:root:Converting subject: 0026180
INFO:root:Converting subject: 0026181
INFO:root:Converting subject: 0026182
INFO:root:Converting subject: 0026183
INFO:root:Converting subject: 0026184
INFO:root:Converting subject: 0026185
INFO:root:Converting subject: 0026186
INFO:root:Converting subject: 0026187
INFO:root:Converting subject: 0026188
INFO:root:Converting subject: 0026189
INFO:root:Writing NIDM file....
INFO:root:Serializing NIDM graph and creating graph visualization..
