INFO:root:bidsmri2nidm Namespace(bidsignore=False, directory='/datasets.datalad.org/corr/RawDataBIDS/BNU_3', json_map='/Volumes/Research/dbkeator/Documents/ReproNim/simple2/corr_var_to_terms.json', jsonld=False, key='29hUT0BKdmUEgD6KLppEH9qDItY0eQXM', logfile='/Users/dbkeator/Documents/Coding/simple2_NIDM_examples/logs', outputfile='/Users/dbkeator/Documents/Coding/simple2_NIDM_examples/datasets.datalad.org/corr/RawDataBIDS/BNU_3/nidm.ttl', png=False)
INFO:root:bidsmri2nidm Namespace(bidsignore=False, directory='/Users/dbkeator/Downloads/datasets.datalad.org/corr/RawDataBIDS/BNU_3', json_map='/Volumes/Research/dbkeator/Documents/ReproNim/simple_2/corr_var_to_terms.json', jsonld=False, key='29hUT0BKdmUEgD6KLppEH9qDItY0eQXM', logfile='/Users/dbkeator/Documents/Coding/simple2_NIDM_examples/logs', outputfile='/Users/dbkeator/Documents/Coding/simple2_NIDM_examples/datasets.datalad.org/corr/RawDataBIDS/BNU_3/nidm.ttl', png=False)
INFO:root:bidsmri2nidm Namespace(bidsignore=False, directory='/Users/dbkeator/Downloads/datasets.datalad.org/corr/RawDataBIDS/BNU_3', json_map='/Volumes/Research/dbkeator/Documents/ReproNim/simple_2/corr_var_to_terms.json', jsonld=False, key='29hUT0BKdmUEgD6KLppEH9qDItY0eQXM', logfile='/Users/dbkeator/Documents/Coding/simple2_NIDM_examples/logs', outputfile='/Users/dbkeator/Documents/Coding/simple2_NIDM_examples/datasets.datalad.org/corr/RawDataBIDS/BNU_3/nidm.ttl', png=False)
INFO:root:bidsmri2nidm Namespace(bidsignore=False, directory='/Users/dbkeator/Downloads/datasets.datalad.org/corr/RawDataBIDS/BNU_3', json_map='/Volumes/Research/dbkeator/Documents/ReproNim/simple_2/corr_var_to_terms.json', jsonld=False, key='29hUT0BKdmUEgD6KLppEH9qDItY0eQXM', logfile='/Users/dbkeator/Documents/Coding/simple2_NIDM_examples/logs', outputfile='/Users/dbkeator/Documents/Coding/simple2_NIDM_examples/datasets.datalad.org/corr/RawDataBIDS/BNU_3/nidm.ttl', png=False)
INFO:root:0027065
INFO:root:0027069
INFO:root:0027082
INFO:root:0027086
INFO:root:0027096
INFO:root:0027064
INFO:root:0027067
INFO:root:0027074
INFO:root:0027073
INFO:root:0027062
INFO:root:0027088
INFO:root:0027058
INFO:root:0027071
INFO:root:0027100
INFO:root:0027093
INFO:root:0027059
INFO:root:0027090
INFO:root:0027068
INFO:root:0027081
INFO:root:0027056
INFO:root:0027066
INFO:root:0027060
INFO:root:0027089
INFO:root:0027083
INFO:root:0027061
INFO:root:0027078
INFO:root:0027079
INFO:root:0027101
INFO:root:0027063
INFO:root:0027085
INFO:root:0027075
INFO:root:0027095
INFO:root:0027076
INFO:root:0027055
INFO:root:0027098
INFO:root:0027077
INFO:root:0027094
INFO:root:0027087
INFO:root:0027097
INFO:root:0027091
INFO:root:0027099
INFO:root:0027102
INFO:root:0027080
INFO:root:0027057
INFO:root:0027092
INFO:root:0027084
INFO:root:0027072
INFO:root:0027070
INFO:root:Converting subject: 0027055
INFO:root:bidsmri2nidm Namespace(bidsignore=False, directory='/Users/dbkeator/Downloads/datasets.datalad.org/corr/RawDataBIDS/BNU_3', json_map='/Volumes/Research/dbkeator/Documents/ReproNim/simple_2/corr_var_to_terms.json', jsonld=False, key='29hUT0BKdmUEgD6KLppEH9qDItY0eQXM', logfile='/Users/dbkeator/Documents/Coding/simple2_NIDM_examples/logs', outputfile='/Users/dbkeator/Documents/Coding/simple2_NIDM_examples/datasets.datalad.org/corr/RawDataBIDS/BNU_3/nidm.ttl', png=False)
INFO:root:0027065
INFO:root:0027069
INFO:root:0027082
INFO:root:0027086
INFO:root:0027096
INFO:root:0027064
INFO:root:0027067
INFO:root:0027074
INFO:root:0027073
INFO:root:0027062
INFO:root:0027088
INFO:root:0027058
INFO:root:0027071
INFO:root:0027100
INFO:root:0027093
INFO:root:0027059
INFO:root:0027090
INFO:root:0027068
INFO:root:0027081
INFO:root:0027056
INFO:root:0027066
INFO:root:0027060
INFO:root:0027089
INFO:root:0027083
INFO:root:0027061
INFO:root:0027078
INFO:root:0027079
INFO:root:0027101
INFO:root:0027063
INFO:root:0027085
INFO:root:0027075
INFO:root:0027095
INFO:root:0027076
INFO:root:0027055
INFO:root:0027098
INFO:root:0027077
INFO:root:0027094
INFO:root:0027087
INFO:root:0027097
INFO:root:0027091
INFO:root:0027099
INFO:root:0027102
INFO:root:0027080
INFO:root:0027057
INFO:root:0027092
INFO:root:0027084
INFO:root:0027072
INFO:root:0027070
INFO:root:Converting subject: 0027055
DEBUG:matplotlib.pyplot:Loaded backend macosx version unknown.
DEBUG:matplotlib.pyplot:Loaded backend MacOSX version unknown.
DEBUG:matplotlib.pyplot:Loaded backend macosx version unknown.
INFO:root:bidsmri2nidm Namespace(bidsignore=False, directory='/Users/dbkeator/Downloads/datasets.datalad.org/corr/RawDataBIDS/BNU_3', json_map='/Volumes/Research/dbkeator/Documents/ReproNim/simple_2/corr_var_to_terms.json', jsonld=False, key='29hUT0BKdmUEgD6KLppEH9qDItY0eQXM', logfile='/Users/dbkeator/Documents/Coding/simple2_NIDM_examples/logs', outputfile='/Users/dbkeator/Documents/Coding/simple2_NIDM_examples/datasets.datalad.org/corr/RawDataBIDS/BNU_3/nidm.ttl', png=False)
INFO:root:0027065
INFO:root:0027069
INFO:root:0027082
INFO:root:0027086
INFO:root:0027096
INFO:root:0027064
INFO:root:0027067
INFO:root:0027074
INFO:root:0027073
INFO:root:0027062
INFO:root:0027088
INFO:root:0027058
INFO:root:0027071
INFO:root:0027100
INFO:root:0027093
INFO:root:0027059
INFO:root:0027090
INFO:root:0027068
INFO:root:0027081
INFO:root:0027056
INFO:root:0027066
INFO:root:0027060
INFO:root:0027089
INFO:root:0027083
INFO:root:0027061
INFO:root:0027078
INFO:root:0027079
INFO:root:0027101
INFO:root:0027063
INFO:root:0027085
INFO:root:0027075
INFO:root:0027095
INFO:root:0027076
INFO:root:0027055
INFO:root:0027098
INFO:root:0027077
INFO:root:0027094
INFO:root:0027087
INFO:root:0027097
INFO:root:0027091
INFO:root:0027099
INFO:root:0027102
INFO:root:0027080
INFO:root:0027057
INFO:root:0027092
INFO:root:0027084
INFO:root:0027072
INFO:root:0027070
INFO:root:Converting subject: 0027055
DEBUG:matplotlib.pyplot:Loaded backend macosx version unknown.
DEBUG:matplotlib.pyplot:Loaded backend MacOSX version unknown.
DEBUG:matplotlib.pyplot:Loaded backend macosx version unknown.
INFO:root:bidsmri2nidm Namespace(bidsignore=False, directory='/Users/dbkeator/Downloads/datasets.datalad.org/corr/RawDataBIDS/BNU_3', json_map='/Volumes/Research/dbkeator/Documents/ReproNim/simple_2/corr_var_to_terms.json', jsonld=False, key='29hUT0BKdmUEgD6KLppEH9qDItY0eQXM', logfile='/Users/dbkeator/Documents/Coding/simple2_NIDM_examples/logs', outputfile='/Users/dbkeator/Documents/Coding/simple2_NIDM_examples/datasets.datalad.org/corr/RawDataBIDS/BNU_3/nidm.ttl', png=False)
INFO:root:0027065
INFO:root:0027069
INFO:root:0027082
INFO:root:0027086
INFO:root:0027096
INFO:root:0027064
INFO:root:0027067
INFO:root:0027074
INFO:root:0027073
INFO:root:0027062
INFO:root:0027088
INFO:root:0027058
INFO:root:0027071
INFO:root:0027100
INFO:root:0027093
INFO:root:0027059
INFO:root:0027090
INFO:root:0027068
INFO:root:0027081
INFO:root:0027056
INFO:root:0027066
INFO:root:0027060
INFO:root:0027089
INFO:root:0027083
INFO:root:0027061
INFO:root:0027078
INFO:root:0027079
INFO:root:0027101
INFO:root:0027063
INFO:root:0027085
INFO:root:0027075
INFO:root:0027095
INFO:root:0027076
INFO:root:0027055
INFO:root:0027098
INFO:root:0027077
INFO:root:0027094
INFO:root:0027087
INFO:root:0027097
INFO:root:0027091
INFO:root:0027099
INFO:root:0027102
INFO:root:0027080
INFO:root:0027057
INFO:root:0027092
INFO:root:0027084
INFO:root:0027072
INFO:root:0027070
INFO:root:Converting subject: 0027055
DEBUG:matplotlib.pyplot:Loaded backend macosx version unknown.
DEBUG:matplotlib.pyplot:Loaded backend MacOSX version unknown.
DEBUG:matplotlib.pyplot:Loaded backend macosx version unknown.
INFO:root:bidsmri2nidm Namespace(bidsignore=False, directory='/Users/dbkeator/Downloads/datasets.datalad.org/corr/RawDataBIDS/BNU_3', json_map='/Volumes/Research/dbkeator/Documents/ReproNim/simple_2/corr_var_to_terms.json', jsonld=False, key='29hUT0BKdmUEgD6KLppEH9qDItY0eQXM', logfile='/Users/dbkeator/Documents/Coding/simple2_NIDM_examples/logs', outputfile='/Users/dbkeator/Documents/Coding/simple2_NIDM_examples/datasets.datalad.org/corr/RawDataBIDS/BNU_3/nidm.ttl', png=False)
INFO:root:0027065
INFO:root:0027069
INFO:root:0027082
INFO:root:0027086
INFO:root:0027096
INFO:root:0027064
INFO:root:0027067
INFO:root:0027074
INFO:root:0027073
INFO:root:0027062
INFO:root:0027088
INFO:root:0027058
INFO:root:0027071
INFO:root:0027100
INFO:root:0027093
INFO:root:0027059
INFO:root:0027090
INFO:root:0027068
INFO:root:0027081
INFO:root:0027056
INFO:root:0027066
INFO:root:0027060
INFO:root:0027089
INFO:root:0027083
INFO:root:0027061
INFO:root:0027078
INFO:root:0027079
INFO:root:0027101
INFO:root:0027063
INFO:root:0027085
INFO:root:0027075
INFO:root:0027095
INFO:root:0027076
INFO:root:0027055
INFO:root:0027098
INFO:root:0027077
INFO:root:0027094
INFO:root:0027087
INFO:root:0027097
INFO:root:0027091
INFO:root:0027099
INFO:root:0027102
INFO:root:0027080
INFO:root:0027057
INFO:root:0027092
INFO:root:0027084
INFO:root:0027072
INFO:root:0027070
INFO:root:Converting subject: 0027055
INFO:root:Converting subject: 0027056
INFO:root:Converting subject: 0027057
INFO:root:Converting subject: 0027058
INFO:root:Converting subject: 0027059
INFO:root:Converting subject: 0027060
INFO:root:Converting subject: 0027061
INFO:root:Converting subject: 0027062
INFO:root:Converting subject: 0027063
INFO:root:Converting subject: 0027064
INFO:root:Converting subject: 0027065
INFO:root:Converting subject: 0027066
INFO:root:Converting subject: 0027067
INFO:root:Converting subject: 0027068
INFO:root:Converting subject: 0027069
INFO:root:Converting subject: 0027070
INFO:root:Converting subject: 0027071
INFO:root:Converting subject: 0027072
INFO:root:Converting subject: 0027073
INFO:root:Converting subject: 0027074
INFO:root:Converting subject: 0027075
INFO:root:Converting subject: 0027076
INFO:root:Converting subject: 0027077
INFO:root:Converting subject: 0027078
INFO:root:Converting subject: 0027079
INFO:root:Converting subject: 0027080
INFO:root:Converting subject: 0027081
INFO:root:Converting subject: 0027082
INFO:root:Converting subject: 0027083
INFO:root:Converting subject: 0027084
INFO:root:Converting subject: 0027085
INFO:root:Converting subject: 0027086
INFO:root:Converting subject: 0027087
INFO:root:Converting subject: 0027088
INFO:root:Converting subject: 0027089
INFO:root:Converting subject: 0027090
INFO:root:Converting subject: 0027091
INFO:root:Converting subject: 0027092
INFO:root:Converting subject: 0027093
INFO:root:Converting subject: 0027094
INFO:root:Converting subject: 0027095
INFO:root:Converting subject: 0027096
INFO:root:Converting subject: 0027097
INFO:root:Converting subject: 0027098
INFO:root:Converting subject: 0027099
INFO:root:Converting subject: 0027100
INFO:root:Converting subject: 0027101
INFO:root:Converting subject: 0027102
INFO:root:Writing NIDM file....
INFO:root:Serializing NIDM graph and creating graph visualization..
