INFO:root:bidsmri2nidm Namespace(bidsignore=False, directory='/datasets.datalad.org/corr/RawDataBIDS/IACAS', json_map='/Volumes/Research/dbkeator/Documents/ReproNim/simple2/corr_var_to_terms.json', jsonld=False, key='29hUT0BKdmUEgD6KLppEH9qDItY0eQXM', logfile='/Users/dbkeator/Documents/Coding/simple2_NIDM_examples/logs', outputfile='/Users/dbkeator/Documents/Coding/simple2_NIDM_examples/datasets.datalad.org/corr/RawDataBIDS/IACAS/nidm.ttl', png=False)
INFO:root:bidsmri2nidm Namespace(bidsignore=False, directory='/datasets.datalad.org/corr/RawDataBIDS/IACAS', json_map='/Volumes/Research/dbkeator/Documents/ReproNim/simple_2/corr_var_to_terms.json', jsonld=False, logfile='/Users/dbkeator/Documents/Coding/simple2_NIDM_examples/logs', outputfile='/Users/dbkeator/Documents/Coding/simple2_NIDM_examples/datasets.datalad.org/corr/RawDataBIDS/IACAS/nidm.ttl', png=False)
INFO:root:0025457
INFO:root:0025458
INFO:root:0025459
INFO:root:0025460
INFO:root:0025461
INFO:root:0025462
INFO:root:0025463
INFO:root:0025464
INFO:root:0025465
INFO:root:0025466
INFO:root:0025467
INFO:root:0025468
INFO:root:0025469
INFO:root:0025470
INFO:root:0025471
INFO:root:0025472
INFO:root:0025473
INFO:root:0025474
INFO:root:0025475
INFO:root:0025476
INFO:root:0025477
INFO:root:0025478
INFO:root:0025479
INFO:root:0025480
INFO:root:0025481
INFO:root:0025482
INFO:root:0025483
INFO:root:0025484
INFO:root:Converting subject: 0025457
INFO:root:Converting subject: 0025458
INFO:root:Converting subject: 0025459
INFO:root:Converting subject: 0025460
INFO:root:Converting subject: 0025461
INFO:root:Converting subject: 0025462
INFO:root:Converting subject: 0025463
INFO:root:Converting subject: 0025464
INFO:root:Converting subject: 0025465
INFO:root:Converting subject: 0025466
INFO:root:Converting subject: 0025467
INFO:root:Converting subject: 0025468
INFO:root:Converting subject: 0025469
INFO:root:Converting subject: 0025470
INFO:root:Converting subject: 0025471
INFO:root:Converting subject: 0025472
INFO:root:Converting subject: 0025473
INFO:root:Converting subject: 0025474
INFO:root:Converting subject: 0025475
INFO:root:Converting subject: 0025476
INFO:root:Converting subject: 0025477
INFO:root:Converting subject: 0025478
INFO:root:Converting subject: 0025479
INFO:root:Converting subject: 0025480
INFO:root:Converting subject: 0025481
INFO:root:Converting subject: 0025482
INFO:root:Converting subject: 0025483
INFO:root:Converting subject: 0025484
INFO:root:Writing NIDM file....
INFO:root:Serializing NIDM graph and creating graph visualization..
