INFO:root:bidsmri2nidm Namespace(bidsignore=False, directory='/datasets.datalad.org/corr/RawDataBIDS/BNU_1', json_map='/Volumes/Research/dbkeator/Documents/ReproNim/simple_2/corr_var_to_terms.json', jsonld=False, key='29hUT0BKdmUEgD6KLppEH9qDItY0eQXM', logfile='/Users/dbkeator/Documents/Coding/simple2_NIDM_examples/logs', outputfile='/Users/dbkeator/Documents/Coding/simple2_NIDM_examples/datasets.datalad.org/corr/RawDataBIDS/BNU_1/nidm.ttl', png=False)
INFO:root:bidsmri2nidm Namespace(bidsignore=False, directory='/datasets.datalad.org/corr/RawDataBIDS/BNU_1', json_map='/Volumes/Research/dbkeator/Documents/ReproNim/simple_2/corr_var_to_terms.json', jsonld=False, key='29hUT0BKdmUEgD6KLppEH9qDItY0eQXM', logfile='/Users/dbkeator/Documents/Coding/simple2_NIDM_examples/logs', outputfile='/Users/dbkeator/Documents/Coding/simple2_NIDM_examples/datasets.datalad.org/corr/RawDataBIDS/BNU_1/nidm.ttl', png=False)
INFO:root:bidsmri2nidm Namespace(bidsignore=False, directory='/datasets.datalad.org/corr/RawDataBIDS/BNU_1', json_map='/Volumes/Research/dbkeator/Documents/ReproNim/simple_2/corr_var_to_terms.json', jsonld=False, key='29hUT0BKdmUEgD6KLppEH9qDItY0eQXM', logfile='/Users/dbkeator/Documents/Coding/simple2_NIDM_examples/logs', outputfile='/Users/dbkeator/Documents/Coding/simple2_NIDM_examples/datasets.datalad.org/corr/RawDataBIDS/BNU_1/nidm.ttl', png=False)
INFO:root:0025864
INFO:root:0025865
INFO:root:0025866
INFO:root:0025867
INFO:root:0025868
INFO:root:0025869
INFO:root:0025870
INFO:root:0025871
INFO:root:0025872
INFO:root:0025873
INFO:root:0025874
INFO:root:0025875
INFO:root:0025876
INFO:root:0025877
INFO:root:0025878
INFO:root:0025879
INFO:root:0025880
INFO:root:0025881
INFO:root:0025882
INFO:root:0025883
INFO:root:0025884
INFO:root:0025885
INFO:root:0025886
INFO:root:0025887
INFO:root:0025888
INFO:root:0025889
INFO:root:0025890
INFO:root:0025891
INFO:root:0025892
INFO:root:0025893
INFO:root:0025894
INFO:root:0025895
INFO:root:0025896
INFO:root:0025897
INFO:root:0025898
INFO:root:0025899
INFO:root:0025900
INFO:root:0025901
INFO:root:0025902
INFO:root:0025903
INFO:root:0025904
INFO:root:0025905
INFO:root:0025906
INFO:root:0025907
INFO:root:0025908
INFO:root:0025909
INFO:root:0025910
INFO:root:0025911
INFO:root:0025912
INFO:root:0025913
INFO:root:0025914
INFO:root:0025915
INFO:root:0025916
INFO:root:0025917
INFO:root:0025918
INFO:root:0025919
INFO:root:0025920
INFO:root:Converting subject: 0025864
INFO:root:bidsmri2nidm Namespace(bidsignore=False, directory='/datasets.datalad.org/corr/RawDataBIDS/BNU_1', json_map='/Volumes/Research/dbkeator/Documents/ReproNim/simple_2/corr_var_to_terms.json', jsonld=False, key='29hUT0BKdmUEgD6KLppEH9qDItY0eQXM', logfile='/Users/dbkeator/Documents/Coding/simple2_NIDM_examples/logs', outputfile='/Users/dbkeator/Documents/Coding/simple2_NIDM_examples/datasets.datalad.org/corr/RawDataBIDS/BNU_1/nidm.ttl', png=False)
INFO:root:bidsmri2nidm Namespace(bidsignore=False, directory='/datasets.datalad.org/corr/RawDataBIDS/BNU_1', json_map='/Volumes/Research/dbkeator/Documents/ReproNim/simple_2/corr_var_to_terms.json', jsonld=False, key='29hUT0BKdmUEgD6KLppEH9qDItY0eQXM', logfile='/Users/dbkeator/Documents/Coding/simple2_NIDM_examples/logs', outputfile='/Users/dbkeator/Documents/Coding/simple2_NIDM_examples/datasets.datalad.org/corr/RawDataBIDS/BNU_1/nidm.ttl', png=False)
INFO:root:bidsmri2nidm Namespace(bidsignore=False, directory='/datasets.datalad.org/corr/RawDataBIDS/BNU_1', json_map='/Volumes/Research/dbkeator/Documents/ReproNim/simple_2/corr_var_to_terms.json', jsonld=False, key='29hUT0BKdmUEgD6KLppEH9qDItY0eQXM', logfile='/Users/dbkeator/Documents/Coding/simple2_NIDM_examples/logs', outputfile='/Users/dbkeator/Documents/Coding/simple2_NIDM_examples/datasets.datalad.org/corr/RawDataBIDS/BNU_1/nidm.ttl', png=False)
INFO:root:0025864
INFO:root:0025865
INFO:root:0025866
INFO:root:0025867
INFO:root:0025868
INFO:root:0025869
INFO:root:0025870
INFO:root:0025871
INFO:root:0025872
INFO:root:0025873
INFO:root:0025874
INFO:root:0025875
INFO:root:0025876
INFO:root:0025877
INFO:root:0025878
INFO:root:0025879
INFO:root:0025880
INFO:root:0025881
INFO:root:0025882
INFO:root:0025883
INFO:root:0025884
INFO:root:0025885
INFO:root:0025886
INFO:root:0025887
INFO:root:0025888
INFO:root:0025889
INFO:root:0025890
INFO:root:0025891
INFO:root:0025892
INFO:root:0025893
INFO:root:0025894
INFO:root:0025895
INFO:root:0025896
INFO:root:0025897
INFO:root:0025898
INFO:root:0025899
INFO:root:0025900
INFO:root:0025901
INFO:root:0025902
INFO:root:0025903
INFO:root:0025904
INFO:root:0025905
INFO:root:0025906
INFO:root:0025907
INFO:root:0025908
INFO:root:0025909
INFO:root:0025910
INFO:root:0025911
INFO:root:0025912
INFO:root:0025913
INFO:root:0025914
INFO:root:0025915
INFO:root:0025916
INFO:root:0025917
INFO:root:0025918
INFO:root:0025919
INFO:root:0025920
INFO:root:Converting subject: 0025864
INFO:root:bidsmri2nidm Namespace(bidsignore=False, directory='/datasets.datalad.org/corr/RawDataBIDS/BNU_1', json_map='/Volumes/Research/dbkeator/Documents/ReproNim/simple_2/corr_var_to_terms.json', jsonld=False, key='29hUT0BKdmUEgD6KLppEH9qDItY0eQXM', logfile='/Users/dbkeator/Documents/Coding/simple2_NIDM_examples/logs', outputfile='/Users/dbkeator/Documents/Coding/simple2_NIDM_examples/datasets.datalad.org/corr/RawDataBIDS/BNU_1/nidm.ttl', png=False)
INFO:root:0025864
INFO:root:0025865
INFO:root:0025866
INFO:root:0025867
INFO:root:0025868
INFO:root:0025869
INFO:root:0025870
INFO:root:0025871
INFO:root:0025872
INFO:root:0025873
INFO:root:0025874
INFO:root:0025875
INFO:root:0025876
INFO:root:0025877
INFO:root:0025878
INFO:root:0025879
INFO:root:0025880
INFO:root:0025881
INFO:root:0025882
INFO:root:0025883
INFO:root:0025884
INFO:root:0025885
INFO:root:0025886
INFO:root:0025887
INFO:root:0025888
INFO:root:0025889
INFO:root:0025890
INFO:root:0025891
INFO:root:0025892
INFO:root:0025893
INFO:root:0025894
INFO:root:0025895
INFO:root:0025896
INFO:root:0025897
INFO:root:0025898
INFO:root:0025899
INFO:root:0025900
INFO:root:0025901
INFO:root:0025902
INFO:root:0025903
INFO:root:0025904
INFO:root:0025905
INFO:root:0025906
INFO:root:0025907
INFO:root:0025908
INFO:root:0025909
INFO:root:0025910
INFO:root:0025911
INFO:root:0025912
INFO:root:0025913
INFO:root:0025914
INFO:root:0025915
INFO:root:0025916
INFO:root:0025917
INFO:root:0025918
INFO:root:0025919
INFO:root:0025920
INFO:root:Converting subject: 0025864
INFO:root:bidsmri2nidm Namespace(bidsignore=False, directory='/datasets.datalad.org/corr/RawDataBIDS/BNU_1', json_map='/Volumes/Research/dbkeator/Documents/ReproNim/simple_2/corr_var_to_terms.json', jsonld=False, key='29hUT0BKdmUEgD6KLppEH9qDItY0eQXM', logfile='/Users/dbkeator/Documents/Coding/simple2_NIDM_examples/logs', outputfile='/Users/dbkeator/Documents/Coding/simple2_NIDM_examples/datasets.datalad.org/corr/RawDataBIDS/BNU_1/nidm.ttl', png=False)
INFO:root:0025864
INFO:root:0025865
INFO:root:0025866
INFO:root:0025867
INFO:root:0025868
INFO:root:0025869
INFO:root:0025870
INFO:root:0025871
INFO:root:0025872
INFO:root:0025873
INFO:root:0025874
INFO:root:0025875
INFO:root:0025876
INFO:root:0025877
INFO:root:0025878
INFO:root:0025879
INFO:root:0025880
INFO:root:0025881
INFO:root:0025882
INFO:root:0025883
INFO:root:0025884
INFO:root:0025885
INFO:root:0025886
INFO:root:0025887
INFO:root:0025888
INFO:root:0025889
INFO:root:0025890
INFO:root:0025891
INFO:root:0025892
INFO:root:0025893
INFO:root:0025894
INFO:root:0025895
INFO:root:0025896
INFO:root:0025897
INFO:root:0025898
INFO:root:0025899
INFO:root:0025900
INFO:root:0025901
INFO:root:0025902
INFO:root:0025903
INFO:root:0025904
INFO:root:0025905
INFO:root:0025906
INFO:root:0025907
INFO:root:0025908
INFO:root:0025909
INFO:root:0025910
INFO:root:0025911
INFO:root:0025912
INFO:root:0025913
INFO:root:0025914
INFO:root:0025915
INFO:root:0025916
INFO:root:0025917
INFO:root:0025918
INFO:root:0025919
INFO:root:0025920
INFO:root:Converting subject: 0025864
INFO:root:Converting subject: 0025865
INFO:root:Converting subject: 0025866
INFO:root:Converting subject: 0025867
INFO:root:Converting subject: 0025868
INFO:root:Converting subject: 0025869
INFO:root:Converting subject: 0025870
INFO:root:Converting subject: 0025871
INFO:root:Converting subject: 0025872
INFO:root:Converting subject: 0025873
INFO:root:Converting subject: 0025874
INFO:root:Converting subject: 0025875
INFO:root:Converting subject: 0025876
INFO:root:Converting subject: 0025877
INFO:root:Converting subject: 0025878
INFO:root:Converting subject: 0025879
INFO:root:Converting subject: 0025880
INFO:root:Converting subject: 0025881
INFO:root:Converting subject: 0025882
INFO:root:Converting subject: 0025883
INFO:root:Converting subject: 0025884
INFO:root:Converting subject: 0025885
INFO:root:Converting subject: 0025886
INFO:root:Converting subject: 0025887
INFO:root:Converting subject: 0025888
INFO:root:Converting subject: 0025889
INFO:root:Converting subject: 0025890
INFO:root:Converting subject: 0025891
INFO:root:Converting subject: 0025892
INFO:root:Converting subject: 0025893
INFO:root:Converting subject: 0025894
INFO:root:Converting subject: 0025895
INFO:root:Converting subject: 0025896
INFO:root:Converting subject: 0025897
INFO:root:Converting subject: 0025898
INFO:root:Converting subject: 0025899
INFO:root:Converting subject: 0025900
INFO:root:Converting subject: 0025901
INFO:root:Converting subject: 0025902
INFO:root:Converting subject: 0025903
INFO:root:Converting subject: 0025904
INFO:root:Converting subject: 0025905
INFO:root:Converting subject: 0025906
INFO:root:Converting subject: 0025907
INFO:root:Converting subject: 0025908
INFO:root:Converting subject: 0025909
INFO:root:Converting subject: 0025910
INFO:root:Converting subject: 0025911
INFO:root:Converting subject: 0025912
INFO:root:Converting subject: 0025913
INFO:root:Converting subject: 0025914
INFO:root:Converting subject: 0025915
INFO:root:Converting subject: 0025916
INFO:root:Converting subject: 0025917
INFO:root:Converting subject: 0025918
INFO:root:Converting subject: 0025919
INFO:root:Converting subject: 0025920
INFO:root:Writing NIDM file....
INFO:root:Serializing NIDM graph and creating graph visualization..
