INFO:root:bidsmri2nidm Namespace(bidsignore=False, directory='/datasets.datalad.org/corr/RawDataBIDS/NYU_2', json_map='/Volumes/Research/dbkeator/Documents/ReproNim/simple_2/corr_var_to_terms.json', jsonld=False, logfile='/Users/dbkeator/Documents/Coding/simple2_NIDM_examples/logs', outputfile='/Users/dbkeator/Documents/Coding/simple2_NIDM_examples/datasets.datalad.org/corr/RawDataBIDS/NYU_2/nidm.ttl', png=False)
WARNING:ontquery:You have not set an API key for the SciCrunch API! InterLexRemote will error if you try to use it.
INFO:root:0025000
INFO:root:0025001
INFO:root:0025002
INFO:root:0025003
INFO:root:0025004
INFO:root:0025005
INFO:root:0025006
INFO:root:0025007
INFO:root:0025008
INFO:root:0025009
INFO:root:0025010
INFO:root:0025011
INFO:root:0025012
INFO:root:0025013
INFO:root:0025014
INFO:root:0025015
INFO:root:0025016
INFO:root:0025017
INFO:root:0025018
INFO:root:0025019
INFO:root:0025020
INFO:root:0025021
INFO:root:0025022
INFO:root:0025023
INFO:root:0025024
INFO:root:0025025
INFO:root:0025026
INFO:root:0025027
INFO:root:0025028
INFO:root:0025029
INFO:root:0025030
INFO:root:0025031
INFO:root:0025032
INFO:root:0025033
INFO:root:0025034
INFO:root:0025035
INFO:root:0025036
INFO:root:0025037
INFO:root:0025038
INFO:root:0025039
INFO:root:0025040
INFO:root:0025041
INFO:root:0025042
INFO:root:0025043
INFO:root:0025044
INFO:root:0025045
INFO:root:0025046
INFO:root:0025047
INFO:root:0025048
INFO:root:0025049
INFO:root:0025050
INFO:root:0025051
INFO:root:0025052
INFO:root:0025053
INFO:root:0025054
INFO:root:0025055
INFO:root:0025056
INFO:root:0025057
INFO:root:0025058
INFO:root:0025059
INFO:root:0025060
INFO:root:0025061
INFO:root:0025062
INFO:root:0025063
INFO:root:0025064
INFO:root:0025065
INFO:root:0025066
INFO:root:0025067
INFO:root:0025068
INFO:root:0025069
INFO:root:0025070
INFO:root:0025071
INFO:root:0025072
INFO:root:0025073
INFO:root:0025074
INFO:root:0025075
INFO:root:0025076
INFO:root:0025077
INFO:root:0025078
INFO:root:0025079
INFO:root:0025080
INFO:root:0025081
INFO:root:0025082
INFO:root:0025083
INFO:root:0025084
INFO:root:0025085
INFO:root:0025086
INFO:root:0025087
INFO:root:0025088
INFO:root:0025089
INFO:root:0025090
INFO:root:0025091
INFO:root:0025092
INFO:root:0025093
INFO:root:0025094
INFO:root:0025095
INFO:root:0025096
INFO:root:0025097
INFO:root:0025098
INFO:root:0025099
INFO:root:0025100
INFO:root:0025101
INFO:root:0025102
INFO:root:0025103
INFO:root:0025104
INFO:root:0025105
INFO:root:0025106
INFO:root:0025107
INFO:root:0025108
INFO:root:0025109
INFO:root:0025110
INFO:root:0025111
INFO:root:0025112
INFO:root:0025113
INFO:root:0025114
INFO:root:0025115
INFO:root:0025116
INFO:root:0025117
INFO:root:0025118
INFO:root:0025119
INFO:root:0025120
INFO:root:0025121
INFO:root:0025122
INFO:root:0025123
INFO:root:0025124
INFO:root:0025125
INFO:root:0025126
INFO:root:0025127
INFO:root:0025128
INFO:root:0025129
INFO:root:0025130
INFO:root:0025131
INFO:root:0025132
INFO:root:0025133
INFO:root:0025134
INFO:root:0025135
INFO:root:0025136
INFO:root:0025137
INFO:root:0025138
INFO:root:0025139
INFO:root:0025140
INFO:root:0025141
INFO:root:0025142
INFO:root:0025143
INFO:root:0025144
INFO:root:0025145
INFO:root:0025146
INFO:root:0025147
INFO:root:0025148
INFO:root:0025149
INFO:root:0025150
INFO:root:0025151
INFO:root:0025152
INFO:root:0025153
INFO:root:0025154
INFO:root:0025155
INFO:root:0025156
INFO:root:0025157
INFO:root:0025158
INFO:root:0025159
INFO:root:0025160
INFO:root:0025161
INFO:root:0025162
INFO:root:0025163
INFO:root:0025164
INFO:root:0025165
INFO:root:0025166
INFO:root:0025167
INFO:root:0025168
INFO:root:0025169
INFO:root:0025170
INFO:root:0025171
INFO:root:0025172
INFO:root:0025173
INFO:root:0025174
INFO:root:0025175
INFO:root:0025176
INFO:root:0025177
INFO:root:0025178
INFO:root:0025179
INFO:root:0025180
INFO:root:0025181
INFO:root:0025182
INFO:root:0025183
INFO:root:0025184
INFO:root:0025185
INFO:root:0025186
INFO:root:Converting subject: 0025000
INFO:root:Converting subject: 0025001
INFO:root:Converting subject: 0025002
INFO:root:Converting subject: 0025003
INFO:root:Converting subject: 0025004
INFO:root:Converting subject: 0025005
INFO:root:Converting subject: 0025006
INFO:root:Converting subject: 0025007
INFO:root:Converting subject: 0025008
INFO:root:Converting subject: 0025009
INFO:root:Converting subject: 0025010
INFO:root:Converting subject: 0025011
INFO:root:Converting subject: 0025012
INFO:root:Converting subject: 0025013
INFO:root:Converting subject: 0025014
INFO:root:Converting subject: 0025015
INFO:root:Converting subject: 0025016
INFO:root:Converting subject: 0025017
INFO:root:Converting subject: 0025018
INFO:root:Converting subject: 0025019
INFO:root:Converting subject: 0025020
INFO:root:Converting subject: 0025021
INFO:root:Converting subject: 0025022
INFO:root:Converting subject: 0025023
INFO:root:Converting subject: 0025024
INFO:root:Converting subject: 0025025
INFO:root:Converting subject: 0025026
INFO:root:Converting subject: 0025027
INFO:root:Converting subject: 0025028
INFO:root:Converting subject: 0025029
INFO:root:Converting subject: 0025030
INFO:root:Converting subject: 0025031
INFO:root:Converting subject: 0025032
INFO:root:Converting subject: 0025033
INFO:root:Converting subject: 0025034
INFO:root:Converting subject: 0025035
INFO:root:Converting subject: 0025036
INFO:root:Converting subject: 0025037
INFO:root:Converting subject: 0025038
INFO:root:Converting subject: 0025039
INFO:root:Converting subject: 0025040
INFO:root:Converting subject: 0025041
INFO:root:Converting subject: 0025042
INFO:root:Converting subject: 0025043
INFO:root:Converting subject: 0025044
INFO:root:Converting subject: 0025045
INFO:root:Converting subject: 0025046
INFO:root:Converting subject: 0025047
INFO:root:Converting subject: 0025048
INFO:root:Converting subject: 0025049
INFO:root:Converting subject: 0025050
INFO:root:Converting subject: 0025051
INFO:root:Converting subject: 0025052
INFO:root:Converting subject: 0025053
INFO:root:Converting subject: 0025054
INFO:root:Converting subject: 0025055
INFO:root:Converting subject: 0025056
INFO:root:Converting subject: 0025057
INFO:root:Converting subject: 0025058
INFO:root:Converting subject: 0025059
INFO:root:Converting subject: 0025060
INFO:root:Converting subject: 0025061
INFO:root:Converting subject: 0025062
INFO:root:Converting subject: 0025063
INFO:root:Converting subject: 0025064
INFO:root:Converting subject: 0025065
INFO:root:Converting subject: 0025066
INFO:root:Converting subject: 0025067
INFO:root:Converting subject: 0025068
INFO:root:Converting subject: 0025069
INFO:root:Converting subject: 0025070
INFO:root:Converting subject: 0025071
INFO:root:Converting subject: 0025072
INFO:root:Converting subject: 0025073
INFO:root:Converting subject: 0025074
INFO:root:Converting subject: 0025075
INFO:root:Converting subject: 0025076
INFO:root:Converting subject: 0025077
INFO:root:Converting subject: 0025078
INFO:root:Converting subject: 0025079
INFO:root:Converting subject: 0025080
INFO:root:Converting subject: 0025081
INFO:root:Converting subject: 0025082
INFO:root:Converting subject: 0025083
INFO:root:Converting subject: 0025084
INFO:root:Converting subject: 0025085
INFO:root:Converting subject: 0025086
INFO:root:Converting subject: 0025087
INFO:root:Converting subject: 0025088
INFO:root:Converting subject: 0025089
INFO:root:Converting subject: 0025090
INFO:root:Converting subject: 0025091
INFO:root:Converting subject: 0025092
INFO:root:Converting subject: 0025093
INFO:root:Converting subject: 0025094
INFO:root:Converting subject: 0025095
INFO:root:Converting subject: 0025096
INFO:root:Converting subject: 0025097
INFO:root:Converting subject: 0025098
INFO:root:Converting subject: 0025099
INFO:root:Converting subject: 0025100
INFO:root:Converting subject: 0025101
INFO:root:Converting subject: 0025102
INFO:root:Converting subject: 0025103
INFO:root:Converting subject: 0025104
INFO:root:Converting subject: 0025105
INFO:root:Converting subject: 0025106
INFO:root:Converting subject: 0025107
INFO:root:Converting subject: 0025108
INFO:root:Converting subject: 0025109
INFO:root:Converting subject: 0025110
INFO:root:Converting subject: 0025111
INFO:root:Converting subject: 0025112
INFO:root:Converting subject: 0025113
INFO:root:Converting subject: 0025114
INFO:root:Converting subject: 0025115
INFO:root:Converting subject: 0025116
INFO:root:Converting subject: 0025117
INFO:root:Converting subject: 0025118
INFO:root:Converting subject: 0025119
INFO:root:Converting subject: 0025120
INFO:root:Converting subject: 0025121
INFO:root:Converting subject: 0025122
INFO:root:Converting subject: 0025123
INFO:root:Converting subject: 0025124
INFO:root:Converting subject: 0025125
INFO:root:Converting subject: 0025126
INFO:root:Converting subject: 0025127
INFO:root:Converting subject: 0025128
INFO:root:Converting subject: 0025129
INFO:root:Converting subject: 0025130
INFO:root:Converting subject: 0025131
INFO:root:Converting subject: 0025132
INFO:root:Converting subject: 0025133
INFO:root:Converting subject: 0025134
INFO:root:Converting subject: 0025135
INFO:root:Converting subject: 0025136
INFO:root:Converting subject: 0025137
INFO:root:Converting subject: 0025138
INFO:root:Converting subject: 0025139
INFO:root:Converting subject: 0025140
INFO:root:Converting subject: 0025141
INFO:root:Converting subject: 0025142
INFO:root:Converting subject: 0025143
INFO:root:Converting subject: 0025144
INFO:root:Converting subject: 0025145
INFO:root:Converting subject: 0025146
INFO:root:Converting subject: 0025147
INFO:root:Converting subject: 0025148
INFO:root:Converting subject: 0025149
INFO:root:Converting subject: 0025150
INFO:root:Converting subject: 0025151
INFO:root:Converting subject: 0025152
INFO:root:Converting subject: 0025153
INFO:root:Converting subject: 0025154
INFO:root:Converting subject: 0025155
INFO:root:Converting subject: 0025156
INFO:root:Converting subject: 0025157
INFO:root:Converting subject: 0025158
INFO:root:Converting subject: 0025159
INFO:root:Converting subject: 0025160
INFO:root:Converting subject: 0025161
INFO:root:Converting subject: 0025162
INFO:root:Converting subject: 0025163
INFO:root:Converting subject: 0025164
INFO:root:Converting subject: 0025165
INFO:root:Converting subject: 0025166
INFO:root:Converting subject: 0025167
INFO:root:Converting subject: 0025168
INFO:root:Converting subject: 0025169
INFO:root:Converting subject: 0025170
INFO:root:Converting subject: 0025171
INFO:root:Converting subject: 0025172
INFO:root:Converting subject: 0025173
INFO:root:Converting subject: 0025174
INFO:root:Converting subject: 0025175
INFO:root:Converting subject: 0025176
INFO:root:Converting subject: 0025177
INFO:root:Converting subject: 0025178
INFO:root:Converting subject: 0025179
INFO:root:Converting subject: 0025180
INFO:root:Converting subject: 0025181
INFO:root:Converting subject: 0025182
INFO:root:Converting subject: 0025183
INFO:root:Converting subject: 0025184
INFO:root:Converting subject: 0025185
INFO:root:Converting subject: 0025186
INFO:root:Writing NIDM file....
INFO:root:Serializing NIDM graph and creating graph visualization..
