INFO:root:bidsmri2nidm Namespace(bidsignore=False, directory='/datasets.datalad.org/corr/RawDataBIDS/LMU_3', json_map='/Volumes/Research/dbkeator/Documents/ReproNim/simple_2/corr_var_to_terms.json', jsonld=False, logfile='/Users/dbkeator/Documents/Coding/simple2_NIDM_examples/logs', outputfile='/Users/dbkeator/Documents/Coding/simple2_NIDM_examples/datasets.datalad.org/corr/RawDataBIDS/LMU_3/nidm.ttl', png=False)
WARNING:ontquery:You have not set an API key for the SciCrunch API! InterLexRemote will error if you try to use it.
INFO:root:0025402
INFO:root:0025403
INFO:root:0025404
INFO:root:0025405
INFO:root:0025406
INFO:root:0025407
INFO:root:0025408
INFO:root:0025409
INFO:root:0025410
INFO:root:0025411
INFO:root:0025412
INFO:root:0025413
INFO:root:0025414
INFO:root:0025415
INFO:root:0025416
INFO:root:0025417
INFO:root:0025418
INFO:root:0025419
INFO:root:0025420
INFO:root:0025421
INFO:root:0025422
INFO:root:0025423
INFO:root:0025424
INFO:root:0025425
INFO:root:0025426
INFO:root:Converting subject: 0025402
INFO:root:Converting subject: 0025403
INFO:root:Converting subject: 0025404
INFO:root:Converting subject: 0025405
INFO:root:Converting subject: 0025406
INFO:root:Converting subject: 0025407
INFO:root:Converting subject: 0025408
INFO:root:Converting subject: 0025409
INFO:root:Converting subject: 0025410
INFO:root:Converting subject: 0025411
INFO:root:Converting subject: 0025412
INFO:root:Converting subject: 0025413
INFO:root:Converting subject: 0025414
INFO:root:Converting subject: 0025415
INFO:root:Converting subject: 0025416
INFO:root:Converting subject: 0025417
INFO:root:Converting subject: 0025418
INFO:root:Converting subject: 0025419
INFO:root:Converting subject: 0025420
INFO:root:Converting subject: 0025421
INFO:root:Converting subject: 0025422
INFO:root:Converting subject: 0025423
INFO:root:Converting subject: 0025424
INFO:root:Converting subject: 0025425
INFO:root:Converting subject: 0025426
INFO:root:Writing NIDM file....
INFO:root:Serializing NIDM graph and creating graph visualization..
