INFO:root:bidsmri2nidm Namespace(bidsignore=False, directory='/datasets.datalad.org/corr/RawDataBIDS/NYU_1', json_map='/Volumes/Research/dbkeator/Documents/ReproNim/simple_2/corr_var_to_terms.json', jsonld=False, logfile='/Users/dbkeator/Documents/Coding/simple2_NIDM_examples/logs', outputfile='/Users/dbkeator/Documents/Coding/simple2_NIDM_examples/datasets.datalad.org/corr/RawDataBIDS/NYU_1/nidm.ttl', png=False)
WARNING:ontquery:You have not set an API key for the SciCrunch API! InterLexRemote will error if you try to use it.
INFO:root:0027103
INFO:root:0027104
INFO:root:0027105
INFO:root:0027106
INFO:root:0027107
INFO:root:0027108
INFO:root:0027109
INFO:root:0027110
INFO:root:0027111
INFO:root:0027112
INFO:root:0027113
INFO:root:0027114
INFO:root:0027115
INFO:root:0027116
INFO:root:0027117
INFO:root:0027118
INFO:root:0027119
INFO:root:0027120
INFO:root:0027121
INFO:root:0027122
INFO:root:0027123
INFO:root:0027124
INFO:root:0027125
INFO:root:0027126
INFO:root:0027127
INFO:root:Converting subject: 0027103
INFO:root:Converting subject: 0027104
INFO:root:Converting subject: 0027105
INFO:root:Converting subject: 0027106
INFO:root:Converting subject: 0027107
INFO:root:Converting subject: 0027108
INFO:root:Converting subject: 0027109
INFO:root:Converting subject: 0027110
INFO:root:Converting subject: 0027111
INFO:root:Converting subject: 0027112
INFO:root:Converting subject: 0027113
INFO:root:Converting subject: 0027114
INFO:root:Converting subject: 0027115
INFO:root:Converting subject: 0027116
INFO:root:Converting subject: 0027117
INFO:root:Converting subject: 0027118
INFO:root:Converting subject: 0027119
INFO:root:Converting subject: 0027120
INFO:root:Converting subject: 0027121
INFO:root:Converting subject: 0027122
INFO:root:Converting subject: 0027123
INFO:root:Converting subject: 0027124
INFO:root:Converting subject: 0027125
INFO:root:Converting subject: 0027126
INFO:root:Converting subject: 0027127
INFO:root:Writing NIDM file....
INFO:root:Serializing NIDM graph and creating graph visualization..
