INFO:root:bidsmri2nidm Namespace(bidsignore=False, directory='/datasets.datalad.org/corr/RawDataBIDS/IPCAS_7', json_map='/Volumes/Research/dbkeator/Documents/ReproNim/simple_2/corr_var_to_terms.json', jsonld=False, logfile='/Users/dbkeator/Documents/Coding/simple2_NIDM_examples/logs', outputfile='/Users/dbkeator/Documents/Coding/simple2_NIDM_examples/datasets.datalad.org/corr/RawDataBIDS/IPCAS_7/nidm.ttl', png=False)
WARNING:ontquery:You have not set an API key for the SciCrunch API! InterLexRemote will error if you try to use it.
INFO:root:0026046
INFO:root:0026047
INFO:root:0026048
INFO:root:0026049
INFO:root:0026050
INFO:root:0026051
INFO:root:0026052
INFO:root:0026053
INFO:root:0026054
INFO:root:0026055
INFO:root:0026056
INFO:root:0026057
INFO:root:0026058
INFO:root:0026059
INFO:root:0026060
INFO:root:0026061
INFO:root:0026062
INFO:root:0026063
INFO:root:0026064
INFO:root:0026065
INFO:root:0026066
INFO:root:0026067
INFO:root:0026068
INFO:root:0026069
INFO:root:0026070
INFO:root:0026071
INFO:root:0026072
INFO:root:0026073
INFO:root:0026074
INFO:root:0026075
INFO:root:0026076
INFO:root:0026077
INFO:root:0026078
INFO:root:0026079
INFO:root:0026080
INFO:root:0026081
INFO:root:0026082
INFO:root:0026083
INFO:root:0026084
INFO:root:0026085
INFO:root:0026086
INFO:root:0026087
INFO:root:0026088
INFO:root:0026089
INFO:root:0026090
INFO:root:0026091
INFO:root:0026092
INFO:root:0026093
INFO:root:0026094
INFO:root:0026095
INFO:root:0026096
INFO:root:0026097
INFO:root:0026098
INFO:root:0026099
INFO:root:0026100
INFO:root:0026102
INFO:root:0026103
INFO:root:0026104
INFO:root:0026105
INFO:root:0026106
INFO:root:0026107
INFO:root:0026108
INFO:root:0026109
INFO:root:0026110
INFO:root:0026111
INFO:root:0026112
INFO:root:0026113
INFO:root:0026114
INFO:root:0026115
INFO:root:0026116
INFO:root:0026118
INFO:root:0026119
INFO:root:Converting subject: 0026046
INFO:root:Converting subject: 0026047
INFO:root:Converting subject: 0026048
INFO:root:Converting subject: 0026049
INFO:root:Converting subject: 0026050
INFO:root:Converting subject: 0026051
INFO:root:Converting subject: 0026052
INFO:root:Converting subject: 0026053
INFO:root:Converting subject: 0026054
INFO:root:Converting subject: 0026055
INFO:root:Converting subject: 0026056
INFO:root:Converting subject: 0026057
INFO:root:Converting subject: 0026058
INFO:root:Converting subject: 0026059
INFO:root:Converting subject: 0026060
INFO:root:Converting subject: 0026061
INFO:root:Converting subject: 0026062
INFO:root:Converting subject: 0026063
INFO:root:Converting subject: 0026064
INFO:root:Converting subject: 0026065
INFO:root:Converting subject: 0026066
INFO:root:Converting subject: 0026067
INFO:root:Converting subject: 0026068
INFO:root:Converting subject: 0026069
INFO:root:Converting subject: 0026070
INFO:root:Converting subject: 0026071
INFO:root:Converting subject: 0026072
INFO:root:Converting subject: 0026073
INFO:root:Converting subject: 0026074
INFO:root:Converting subject: 0026075
INFO:root:Converting subject: 0026076
INFO:root:Converting subject: 0026077
INFO:root:Converting subject: 0026078
INFO:root:Converting subject: 0026079
INFO:root:Converting subject: 0026080
INFO:root:Converting subject: 0026081
INFO:root:Converting subject: 0026082
INFO:root:Converting subject: 0026083
INFO:root:Converting subject: 0026084
INFO:root:Converting subject: 0026085
INFO:root:Converting subject: 0026086
INFO:root:Converting subject: 0026087
INFO:root:Converting subject: 0026088
INFO:root:Converting subject: 0026089
INFO:root:Converting subject: 0026090
INFO:root:Converting subject: 0026091
INFO:root:Converting subject: 0026092
INFO:root:Converting subject: 0026093
INFO:root:Converting subject: 0026094
INFO:root:Converting subject: 0026095
INFO:root:Converting subject: 0026096
INFO:root:Converting subject: 0026097
INFO:root:Converting subject: 0026098
INFO:root:Converting subject: 0026099
INFO:root:Converting subject: 0026100
INFO:root:Converting subject: 0026101
INFO:root:Converting subject: 0026102
INFO:root:Converting subject: 0026103
INFO:root:Converting subject: 0026104
INFO:root:Converting subject: 0026105
INFO:root:Converting subject: 0026106
INFO:root:Converting subject: 0026107
INFO:root:Converting subject: 0026108
INFO:root:Converting subject: 0026109
INFO:root:Converting subject: 0026110
INFO:root:Converting subject: 0026111
INFO:root:Converting subject: 0026112
INFO:root:Converting subject: 0026113
INFO:root:Converting subject: 0026114
INFO:root:Converting subject: 0026115
INFO:root:Converting subject: 0026116
INFO:root:Converting subject: 0026117
INFO:root:Converting subject: 0026118
INFO:root:Converting subject: 0026119
INFO:root:Writing NIDM file....
INFO:root:Serializing NIDM graph and creating graph visualization..
