INFO:root:bidsmri2nidm Namespace(bidsignore=False, directory='/datasets.datalad.org/corr/RawDataBIDS/LMU_2', json_map='/Volumes/Research/dbkeator/Documents/ReproNim/simple_2/corr_var_to_terms.json', jsonld=False, logfile='/Users/dbkeator/Documents/Coding/simple2_NIDM_examples/logs', outputfile='/Users/dbkeator/Documents/Coding/simple2_NIDM_examples/datasets.datalad.org/corr/RawDataBIDS/LMU_2/nidm.ttl', png=False)
WARNING:ontquery:You have not set an API key for the SciCrunch API! InterLexRemote will error if you try to use it.
INFO:root:0025362
INFO:root:0025363
INFO:root:0025364
INFO:root:0025365
INFO:root:0025366
INFO:root:0025367
INFO:root:0025368
INFO:root:0025369
INFO:root:0025370
INFO:root:0025371
INFO:root:0025372
INFO:root:0025373
INFO:root:0025374
INFO:root:0025375
INFO:root:0025376
INFO:root:0025377
INFO:root:0025378
INFO:root:0025379
INFO:root:0025380
INFO:root:0025381
INFO:root:0025382
INFO:root:0025383
INFO:root:0025384
INFO:root:0025385
INFO:root:0025386
INFO:root:0025387
INFO:root:0025388
INFO:root:0025389
INFO:root:0025390
INFO:root:0025391
INFO:root:0025392
INFO:root:0025393
INFO:root:0025394
INFO:root:0025395
INFO:root:0025396
INFO:root:0025397
INFO:root:0025398
INFO:root:0025399
INFO:root:0025400
INFO:root:0025401
INFO:root:Converting subject: 0025362
INFO:root:Converting subject: 0025363
INFO:root:Converting subject: 0025364
INFO:root:Converting subject: 0025365
INFO:root:Converting subject: 0025366
INFO:root:Converting subject: 0025367
INFO:root:Converting subject: 0025368
INFO:root:Converting subject: 0025369
INFO:root:Converting subject: 0025370
INFO:root:Converting subject: 0025371
INFO:root:Converting subject: 0025372
INFO:root:Converting subject: 0025373
INFO:root:Converting subject: 0025374
INFO:root:Converting subject: 0025375
INFO:root:Converting subject: 0025376
INFO:root:Converting subject: 0025377
INFO:root:Converting subject: 0025378
INFO:root:Converting subject: 0025379
INFO:root:Converting subject: 0025380
INFO:root:Converting subject: 0025381
INFO:root:Converting subject: 0025382
INFO:root:Converting subject: 0025383
INFO:root:Converting subject: 0025384
INFO:root:Converting subject: 0025385
INFO:root:Converting subject: 0025386
INFO:root:Converting subject: 0025387
INFO:root:Converting subject: 0025388
INFO:root:Converting subject: 0025389
INFO:root:Converting subject: 0025390
INFO:root:Converting subject: 0025391
INFO:root:Converting subject: 0025392
INFO:root:Converting subject: 0025393
INFO:root:Converting subject: 0025394
INFO:root:Converting subject: 0025395
INFO:root:Converting subject: 0025396
INFO:root:Converting subject: 0025397
INFO:root:Converting subject: 0025398
INFO:root:Converting subject: 0025399
INFO:root:Converting subject: 0025400
INFO:root:Converting subject: 0025401
INFO:root:Writing NIDM file....
INFO:root:Serializing NIDM graph and creating graph visualization..
