INFO:root:bidsmri2nidm Namespace(bidsignore=False, directory='/datasets.datalad.org/corr/RawDataBIDS/BNU_2', json_map='/Volumes/Research/dbkeator/Documents/ReproNim/simple2/corr_var_to_terms.json', jsonld=False, key='29hUT0BKdmUEgD6KLppEH9qDItY0eQXM', logfile='/Users/dbkeator/Documents/Coding/simple2_NIDM_examples/logs', outputfile='/Users/dbkeator/Documents/Coding/simple2_NIDM_examples/datasets.datalad.org/corr/RawDataBIDS/BNU_2/nidm.ttl', png=False)
INFO:root:bidsmri2nidm Namespace(bidsignore=False, directory='/datasets.datalad.org/corr/RawDataBIDS/BNU_2', json_map='/Volumes/Research/dbkeator/Documents/ReproNim/simple2/corr_var_to_terms.json', jsonld=False, key='29hUT0BKdmUEgD6KLppEH9qDItY0eQXM', logfile='/Users/dbkeator/Documents/Coding/simple2_NIDM_examples/logs', outputfile='/Users/dbkeator/Documents/Coding/simple2_NIDM_examples/datasets.datalad.org/corr/RawDataBIDS/BNU_2/nidm.ttl', png=False)
INFO:root:bidsmri2nidm Namespace(bidsignore=False, directory='/datasets.datalad.org/corr/RawDataBIDS/BNU_2', json_map='/Volumes/Research/dbkeator/Documents/ReproNim/simple2/corr_var_to_terms.json', jsonld=False, key='29hUT0BKdmUEgD6KLppEH9qDItY0eQXM', logfile='/Users/dbkeator/Documents/Coding/simple2_NIDM_examples/logs', outputfile='/Users/dbkeator/Documents/Coding/simple2_NIDM_examples/datasets.datalad.org/corr/RawDataBIDS/BNU_2/nidm.ttl', png=False)
INFO:root:bidsmri2nidm Namespace(bidsignore=False, directory='/datasets.datalad.org/corr/RawDataBIDS/BNU_2', json_map='/Volumes/Research/dbkeator/Documents/ReproNim/simple_2/corr_var_to_terms.json', jsonld=False, key='29hUT0BKdmUEgD6KLppEH9qDItY0eQXM', logfile='/Users/dbkeator/Documents/Coding/simple2_NIDM_examples/logs', outputfile='/Users/dbkeator/Documents/Coding/simple2_NIDM_examples/datasets.datalad.org/corr/RawDataBIDS/BNU_2/nidm.ttl', png=False)
INFO:root:0025921
INFO:root:0025922
INFO:root:0025923
INFO:root:0025924
INFO:root:0025925
INFO:root:0025926
INFO:root:0025927
INFO:root:0025928
INFO:root:0025929
INFO:root:0025930
INFO:root:0025931
INFO:root:0025932
INFO:root:0025933
INFO:root:0025934
INFO:root:0025935
INFO:root:0025936
INFO:root:0025937
INFO:root:0025938
INFO:root:0025939
INFO:root:0025940
INFO:root:0025941
INFO:root:0025942
INFO:root:0025943
INFO:root:0025944
INFO:root:0025945
INFO:root:0025946
INFO:root:0025947
INFO:root:0025948
INFO:root:0025949
INFO:root:0025950
INFO:root:0025951
INFO:root:0025952
INFO:root:0025953
INFO:root:0025954
INFO:root:0025955
INFO:root:0025956
INFO:root:0025957
INFO:root:0025958
INFO:root:0025959
INFO:root:0025960
INFO:root:0025961
INFO:root:0025962
INFO:root:0025963
INFO:root:0025964
INFO:root:0025965
INFO:root:0025966
INFO:root:0025967
INFO:root:0025968
INFO:root:0025969
INFO:root:0025970
INFO:root:0025971
INFO:root:0025972
INFO:root:0025973
INFO:root:0025974
INFO:root:0025975
INFO:root:0025976
INFO:root:0025977
INFO:root:0025978
INFO:root:0025979
INFO:root:0025980
INFO:root:0025981
INFO:root:Converting subject: 0025921
CRITICAL:root:Cannot find T1w.json file which is required in the BIDS spec
INFO:root:bidsmri2nidm Namespace(bidsignore=False, directory='/datasets.datalad.org/corr/RawDataBIDS/BNU_2', json_map='/Volumes/Research/dbkeator/Documents/ReproNim/simple_2/corr_var_to_terms.json', jsonld=False, key='29hUT0BKdmUEgD6KLppEH9qDItY0eQXM', logfile='/Users/dbkeator/Documents/Coding/simple2_NIDM_examples/logs', outputfile='/Users/dbkeator/Documents/Coding/simple2_NIDM_examples/datasets.datalad.org/corr/RawDataBIDS/BNU_2/nidm.ttl', png=False)
INFO:root:0025921
INFO:root:0025922
INFO:root:0025923
INFO:root:0025924
INFO:root:0025925
INFO:root:0025926
INFO:root:0025927
INFO:root:0025928
INFO:root:0025929
INFO:root:0025930
INFO:root:0025931
INFO:root:0025932
INFO:root:0025933
INFO:root:0025934
INFO:root:0025935
INFO:root:0025936
INFO:root:0025937
INFO:root:0025938
INFO:root:0025939
INFO:root:0025940
INFO:root:0025941
INFO:root:0025942
INFO:root:0025943
INFO:root:0025944
INFO:root:0025945
INFO:root:0025946
INFO:root:0025947
INFO:root:0025948
INFO:root:0025949
INFO:root:0025950
INFO:root:0025951
INFO:root:0025952
INFO:root:0025953
INFO:root:0025954
INFO:root:0025955
INFO:root:0025956
INFO:root:0025957
INFO:root:0025958
INFO:root:0025959
INFO:root:0025960
INFO:root:0025961
INFO:root:0025962
INFO:root:0025963
INFO:root:0025964
INFO:root:0025965
INFO:root:0025966
INFO:root:0025967
INFO:root:0025968
INFO:root:0025969
INFO:root:0025970
INFO:root:0025971
INFO:root:0025972
INFO:root:0025973
INFO:root:0025974
INFO:root:0025975
INFO:root:0025976
INFO:root:0025977
INFO:root:0025978
INFO:root:0025979
INFO:root:0025980
INFO:root:0025981
INFO:root:Converting subject: 0025921
CRITICAL:root:Cannot find T1w.json file which is required in the BIDS spec
INFO:root:bidsmri2nidm Namespace(bidsignore=False, directory='/datasets.datalad.org/corr/RawDataBIDS/BNU_2', json_map='/Volumes/Research/dbkeator/Documents/ReproNim/simple_2/corr_var_to_terms.json', jsonld=False, key='29hUT0BKdmUEgD6KLppEH9qDItY0eQXM', logfile='/Users/dbkeator/Documents/Coding/simple2_NIDM_examples/logs', outputfile='/Users/dbkeator/Documents/Coding/simple2_NIDM_examples/datasets.datalad.org/corr/RawDataBIDS/BNU_2/nidm.ttl', png=False)
INFO:root:0025921
INFO:root:0025922
INFO:root:0025923
INFO:root:0025924
INFO:root:0025925
INFO:root:0025926
INFO:root:0025927
INFO:root:0025928
INFO:root:0025929
INFO:root:0025930
INFO:root:0025931
INFO:root:0025932
INFO:root:0025933
INFO:root:0025934
INFO:root:0025935
INFO:root:0025936
INFO:root:0025937
INFO:root:0025938
INFO:root:0025939
INFO:root:0025940
INFO:root:0025941
INFO:root:0025942
INFO:root:0025943
INFO:root:0025944
INFO:root:0025945
INFO:root:0025946
INFO:root:0025947
INFO:root:0025948
INFO:root:0025949
INFO:root:0025950
INFO:root:0025951
INFO:root:0025952
INFO:root:0025953
INFO:root:0025954
INFO:root:0025955
INFO:root:0025956
INFO:root:0025957
INFO:root:0025958
INFO:root:0025959
INFO:root:0025960
INFO:root:0025961
INFO:root:0025962
INFO:root:0025963
INFO:root:0025964
INFO:root:0025965
INFO:root:0025966
INFO:root:0025967
INFO:root:0025968
INFO:root:0025969
INFO:root:0025970
INFO:root:0025971
INFO:root:0025972
INFO:root:0025973
INFO:root:0025974
INFO:root:0025975
INFO:root:0025976
INFO:root:0025977
INFO:root:0025978
INFO:root:0025979
INFO:root:0025980
INFO:root:0025981
INFO:root:Converting subject: 0025921
CRITICAL:root:Cannot find T1w.json file which is required in the BIDS spec
INFO:root:bidsmri2nidm Namespace(bidsignore=False, directory='/datasets.datalad.org/corr/RawDataBIDS/BNU_2', json_map='/Volumes/Research/dbkeator/Documents/ReproNim/simple_2/corr_var_to_terms.json', jsonld=False, key='7LVtXsIlJdM6bcfTuZyrhjaEECUJD7Sg', logfile='/Users/dbkeator/Documents/Coding/simple2_NIDM_examples/logs', outputfile='/Users/dbkeator/Documents/Coding/simple2_NIDM_examples/datasets.datalad.org/corr/RawDataBIDS/BNU_2/nidm.ttl', png=False)
INFO:root:0025921
INFO:root:0025922
INFO:root:0025923
INFO:root:0025924
INFO:root:0025925
INFO:root:0025926
INFO:root:0025927
INFO:root:0025928
INFO:root:0025929
INFO:root:0025930
INFO:root:0025931
INFO:root:0025932
INFO:root:0025933
INFO:root:0025934
INFO:root:0025935
INFO:root:0025936
INFO:root:0025937
INFO:root:0025938
INFO:root:0025939
INFO:root:0025940
INFO:root:0025941
INFO:root:0025942
INFO:root:0025943
INFO:root:0025944
INFO:root:0025945
INFO:root:0025946
INFO:root:0025947
INFO:root:0025948
INFO:root:0025949
INFO:root:0025950
INFO:root:0025951
INFO:root:0025952
INFO:root:0025953
INFO:root:0025954
INFO:root:0025955
INFO:root:0025956
INFO:root:0025957
INFO:root:0025958
INFO:root:0025959
INFO:root:0025960
INFO:root:0025961
INFO:root:0025962
INFO:root:0025963
INFO:root:0025964
INFO:root:0025965
INFO:root:0025966
INFO:root:0025967
INFO:root:0025968
INFO:root:0025969
INFO:root:0025970
INFO:root:0025971
INFO:root:0025972
INFO:root:0025973
INFO:root:0025974
INFO:root:0025975
INFO:root:0025976
INFO:root:0025977
INFO:root:0025978
INFO:root:0025979
INFO:root:0025980
INFO:root:0025981
INFO:root:Converting subject: 0025921
CRITICAL:root:Cannot find T1w.json file which is required in the BIDS spec
INFO:root:bidsmri2nidm Namespace(bidsignore=False, directory='/datasets.datalad.org/corr/RawDataBIDS/BNU_2', json_map='/Volumes/Research/dbkeator/Documents/ReproNim/simple_2/corr_var_to_terms.json', jsonld=False, key='29hUT0BKdmUEgD6KLppEH9qDItY0eQXM', logfile='/Users/dbkeator/Documents/Coding/simple2_NIDM_examples/logs', outputfile='/Users/dbkeator/Documents/Coding/simple2_NIDM_examples/datasets.datalad.org/corr/RawDataBIDS/BNU_2/nidm.ttl', png=False)
INFO:root:bidsmri2nidm Namespace(bidsignore=False, directory='/datasets.datalad.org/corr/RawDataBIDS/BNU_2', json_map='/Volumes/Research/dbkeator/Documents/ReproNim/simple_2/corr_var_to_terms.json', jsonld=False, key='29hUT0BKdmUEgD6KLppEH9qDItY0eQXM', logfile='/Users/dbkeator/Documents/Coding/simple2_NIDM_examples/logs', outputfile='/Users/dbkeator/Documents/Coding/simple2_NIDM_examples/datasets.datalad.org/corr/RawDataBIDS/BNU_2/nidm.ttl', png=False)
INFO:root:0025921
INFO:root:0025922
INFO:root:bidsmri2nidm Namespace(bidsignore=False, directory='/datasets.datalad.org/corr/RawDataBIDS/BNU_2', json_map='/Volumes/Research/dbkeator/Documents/ReproNim/simple_2/corr_var_to_terms.json', jsonld=False, key='29hUT0BKdmUEgD6KLppEH9qDItY0eQXM', logfile='/Users/dbkeator/Documents/Coding/simple2_NIDM_examples/logs', outputfile='/Users/dbkeator/Documents/Coding/simple2_NIDM_examples/datasets.datalad.org/corr/RawDataBIDS/BNU_2/nidm.ttl', png=False)
INFO:root:0025921
INFO:root:0025922
INFO:root:0025923
INFO:root:0025924
INFO:root:0025925
INFO:root:0025926
INFO:root:0025927
INFO:root:0025928
INFO:root:0025929
INFO:root:0025930
INFO:root:0025931
INFO:root:0025932
INFO:root:0025933
INFO:root:0025934
INFO:root:0025935
INFO:root:0025936
INFO:root:0025937
INFO:root:0025938
INFO:root:0025939
INFO:root:0025940
INFO:root:0025941
INFO:root:0025942
INFO:root:0025943
INFO:root:0025944
INFO:root:0025945
INFO:root:0025946
INFO:root:0025947
INFO:root:0025948
INFO:root:0025949
INFO:root:0025950
INFO:root:0025951
INFO:root:0025952
INFO:root:0025953
INFO:root:0025954
INFO:root:0025955
INFO:root:0025956
INFO:root:0025957
INFO:root:0025958
INFO:root:0025959
INFO:root:0025960
INFO:root:0025961
INFO:root:0025962
INFO:root:0025963
INFO:root:0025964
INFO:root:0025965
INFO:root:0025966
INFO:root:0025967
INFO:root:0025968
INFO:root:0025969
INFO:root:0025970
INFO:root:0025971
INFO:root:0025972
INFO:root:0025973
INFO:root:0025974
INFO:root:0025975
INFO:root:0025976
INFO:root:0025977
INFO:root:0025978
INFO:root:0025979
INFO:root:0025980
INFO:root:0025981
INFO:root:bidsmri2nidm Namespace(bidsignore=False, directory='/datasets.datalad.org/corr/RawDataBIDS/BNU_2', json_map='/Volumes/Research/dbkeator/Documents/ReproNim/simple_2/corr_var_to_terms.json', jsonld=False, key='29hUT0BKdmUEgD6KLppEH9qDItY0eQXM', logfile='/Users/dbkeator/Documents/Coding/simple2_NIDM_examples/logs', outputfile='/Users/dbkeator/Documents/Coding/simple2_NIDM_examples/datasets.datalad.org/corr/RawDataBIDS/BNU_2/nidm.ttl', png=False)
INFO:root:0025921
INFO:root:0025922
INFO:root:0025923
INFO:root:0025924
INFO:root:0025925
INFO:root:0025926
INFO:root:0025927
INFO:root:0025928
INFO:root:0025929
INFO:root:0025930
INFO:root:0025931
INFO:root:0025932
INFO:root:0025933
INFO:root:0025934
INFO:root:0025935
INFO:root:0025936
INFO:root:0025937
INFO:root:0025938
INFO:root:0025939
INFO:root:0025940
INFO:root:0025941
INFO:root:0025942
INFO:root:0025943
INFO:root:0025944
INFO:root:0025945
INFO:root:0025946
INFO:root:0025947
INFO:root:0025948
INFO:root:0025949
INFO:root:0025950
INFO:root:0025951
INFO:root:0025952
INFO:root:0025953
INFO:root:0025954
INFO:root:0025955
INFO:root:0025956
INFO:root:0025957
INFO:root:0025958
INFO:root:0025959
INFO:root:0025960
INFO:root:0025961
INFO:root:0025962
INFO:root:0025963
INFO:root:0025964
INFO:root:0025965
INFO:root:0025966
INFO:root:0025967
INFO:root:0025968
INFO:root:0025969
INFO:root:0025970
INFO:root:0025971
INFO:root:0025972
INFO:root:0025973
INFO:root:0025974
INFO:root:0025975
INFO:root:0025976
INFO:root:0025977
INFO:root:0025978
INFO:root:0025979
INFO:root:0025980
INFO:root:0025981
INFO:root:Converting subject: 0025921
CRITICAL:root:Cannot find T1w.json file which is required in the BIDS spec
INFO:root:bidsmri2nidm Namespace(bidsignore=False, directory='/datasets.datalad.org/corr/RawDataBIDS/BNU_2', json_map='/Volumes/Research/dbkeator/Documents/ReproNim/simple_2/corr_var_to_terms.json', jsonld=False, key='29hUT0BKdmUEgD6KLppEH9qDItY0eQXM', logfile='/Users/dbkeator/Documents/Coding/simple2_NIDM_examples/logs', outputfile='/Users/dbkeator/Documents/Coding/simple2_NIDM_examples/datasets.datalad.org/corr/RawDataBIDS/BNU_2/nidm.ttl', png=False)
INFO:root:0025921
INFO:root:bidsmri2nidm Namespace(bidsignore=False, directory='/datasets.datalad.org/corr/RawDataBIDS/BNU_2', json_map='/Volumes/Research/dbkeator/Documents/ReproNim/simple_2/corr_var_to_terms.json', jsonld=False, key='29hUT0BKdmUEgD6KLppEH9qDItY0eQXM', logfile='/Users/dbkeator/Documents/Coding/simple2_NIDM_examples/logs', outputfile='/Users/dbkeator/Documents/Coding/simple2_NIDM_examples/datasets.datalad.org/corr/RawDataBIDS/BNU_2/nidm.ttl', png=False)
INFO:root:bidsmri2nidm Namespace(bidsignore=False, directory='/Users/dbkeator/Downloads/datasets.datalad.org/corr/RawDataBIDS/BNU_2', json_map='/Volumes/Research/dbkeator/Documents/ReproNim/simple_2/corr_var_to_terms.json', jsonld=False, key='29hUT0BKdmUEgD6KLppEH9qDItY0eQXM', logfile='/Users/dbkeator/Documents/Coding/simple2_NIDM_examples/logs', outputfile='/Users/dbkeator/Documents/Coding/simple2_NIDM_examples/datasets.datalad.org/corr/RawDataBIDS/BNU_2/nidm.ttl', png=False)
INFO:root:0025921
INFO:root:0025922
INFO:root:0025923
INFO:root:0025924
INFO:root:0025925
INFO:root:0025926
INFO:root:0025927
INFO:root:0025928
INFO:root:0025929
INFO:root:0025930
INFO:root:0025931
INFO:root:0025932
INFO:root:0025933
INFO:root:0025934
INFO:root:0025935
INFO:root:0025936
INFO:root:0025937
INFO:root:0025938
INFO:root:0025939
INFO:root:0025940
INFO:root:0025941
INFO:root:0025942
INFO:root:0025943
INFO:root:0025944
INFO:root:0025945
INFO:root:0025946
INFO:root:0025947
INFO:root:0025948
INFO:root:0025949
INFO:root:0025950
INFO:root:0025951
INFO:root:0025952
INFO:root:0025953
INFO:root:0025954
INFO:root:0025955
INFO:root:0025956
INFO:root:0025957
INFO:root:0025958
INFO:root:0025959
INFO:root:0025960
INFO:root:0025961
INFO:root:0025962
INFO:root:0025963
INFO:root:0025964
INFO:root:0025965
INFO:root:0025966
INFO:root:0025967
INFO:root:0025968
INFO:root:0025969
INFO:root:0025970
INFO:root:0025971
INFO:root:0025972
INFO:root:0025973
INFO:root:0025974
INFO:root:0025975
INFO:root:0025976
INFO:root:0025977
INFO:root:0025978
INFO:root:0025979
INFO:root:0025980
INFO:root:0025981
INFO:root:bidsmri2nidm Namespace(bidsignore=False, directory='/Users/dbkeator/Downloads/datasets.datalad.org/corr/RawDataBIDS/BNU_2', json_map='/Volumes/Research/dbkeator/Documents/ReproNim/simple_2/corr_var_to_terms.json', jsonld=False, key='29hUT0BKdmUEgD6KLppEH9qDItY0eQXM', logfile='/Users/dbkeator/Documents/Coding/simple2_NIDM_examples/logs', outputfile='/Users/dbkeator/Documents/Coding/simple2_NIDM_examples/datasets.datalad.org/corr/RawDataBIDS/BNU_2/nidm.ttl', png=False)
INFO:root:0025921
INFO:root:0025922
INFO:root:0025923
INFO:root:0025924
INFO:root:0025925
INFO:root:0025926
INFO:root:0025927
INFO:root:0025928
INFO:root:0025929
INFO:root:0025930
INFO:root:0025931
INFO:root:0025932
INFO:root:0025933
INFO:root:0025934
INFO:root:0025935
INFO:root:0025936
INFO:root:0025937
INFO:root:0025938
INFO:root:0025939
INFO:root:0025940
INFO:root:0025941
INFO:root:0025942
INFO:root:0025943
INFO:root:0025944
INFO:root:0025945
INFO:root:0025946
INFO:root:0025947
INFO:root:0025948
INFO:root:0025949
INFO:root:0025950
INFO:root:0025951
INFO:root:0025952
INFO:root:0025953
INFO:root:0025954
INFO:root:0025955
INFO:root:0025956
INFO:root:0025957
INFO:root:0025958
INFO:root:0025959
INFO:root:0025960
INFO:root:0025961
INFO:root:0025962
INFO:root:0025963
INFO:root:0025964
INFO:root:0025965
INFO:root:0025966
INFO:root:0025967
INFO:root:0025968
INFO:root:0025969
INFO:root:0025970
INFO:root:0025971
INFO:root:0025972
INFO:root:0025973
INFO:root:0025974
INFO:root:0025975
INFO:root:0025976
INFO:root:0025977
INFO:root:0025978
INFO:root:0025979
INFO:root:0025980
INFO:root:0025981
DEBUG:matplotlib.pyplot:Loaded backend macosx version unknown.
DEBUG:matplotlib.pyplot:Loaded backend MacOSX version unknown.
DEBUG:matplotlib.pyplot:Loaded backend macosx version unknown.
INFO:root:Converting subject: 0025921
CRITICAL:root:Cannot find T1w.json file which is required in the BIDS spec
INFO:root:bidsmri2nidm Namespace(bidsignore=False, directory='/Users/dbkeator/Downloads/datasets.datalad.org/corr/RawDataBIDS/BNU_2', json_map='/Volumes/Research/dbkeator/Documents/ReproNim/simple_2/corr_var_to_terms.json', jsonld=False, key='29hUT0BKdmUEgD6KLppEH9qDItY0eQXM', logfile='/Users/dbkeator/Documents/Coding/simple2_NIDM_examples/logs', outputfile='/Users/dbkeator/Documents/Coding/simple2_NIDM_examples/datasets.datalad.org/corr/RawDataBIDS/BNU_2/nidm.ttl', png=False)
INFO:root:0025921
INFO:root:0025922
INFO:root:0025923
INFO:root:0025924
INFO:root:0025925
INFO:root:0025926
INFO:root:0025927
INFO:root:0025928
INFO:root:0025929
INFO:root:0025930
INFO:root:0025931
INFO:root:0025932
INFO:root:0025933
INFO:root:0025934
INFO:root:0025935
INFO:root:0025936
INFO:root:0025937
INFO:root:0025938
INFO:root:0025939
INFO:root:0025940
INFO:root:0025941
INFO:root:0025942
INFO:root:0025943
INFO:root:0025944
INFO:root:0025945
INFO:root:0025946
INFO:root:0025947
INFO:root:0025948
INFO:root:0025949
INFO:root:0025950
INFO:root:0025951
INFO:root:0025952
INFO:root:0025953
INFO:root:0025954
INFO:root:0025955
INFO:root:0025956
INFO:root:0025957
INFO:root:0025958
INFO:root:0025959
INFO:root:0025960
INFO:root:0025961
INFO:root:0025962
INFO:root:0025963
INFO:root:0025964
INFO:root:0025965
INFO:root:0025966
INFO:root:0025967
INFO:root:0025968
INFO:root:0025969
INFO:root:0025970
INFO:root:0025971
INFO:root:0025972
INFO:root:0025973
INFO:root:0025974
INFO:root:0025975
INFO:root:0025976
INFO:root:0025977
INFO:root:0025978
INFO:root:0025979
INFO:root:0025980
INFO:root:0025981
INFO:root:Converting subject: 0025921
DEBUG:matplotlib.pyplot:Loaded backend macosx version unknown.
DEBUG:matplotlib.pyplot:Loaded backend MacOSX version unknown.
DEBUG:matplotlib.pyplot:Loaded backend macosx version unknown.
INFO:root:bidsmri2nidm Namespace(bidsignore=False, directory='/datasets.datalad.org/corr/RawDataBIDS/BNU_2', json_map='/Volumes/Research/dbkeator/Documents/ReproNim/simple_2/corr_var_to_terms.json', jsonld=False, key='7LVtXsIlJdM6bcfTuZyrhjaEECUJD7Sg', logfile='/Users/dbkeator/Documents/Coding/simple2_NIDM_examples/logs', outputfile='/Users/dbkeator/Documents/Coding/simple2_NIDM_examples/datasets.datalad.org/corr/RawDataBIDS/BNU_2/nidm.ttl', png=False)
INFO:root:0025921
INFO:root:0025922
INFO:root:0025923
INFO:root:0025924
INFO:root:0025925
INFO:root:0025926
INFO:root:0025927
INFO:root:0025928
INFO:root:0025929
INFO:root:0025930
INFO:root:0025931
INFO:root:0025932
INFO:root:0025933
INFO:root:0025934
INFO:root:0025935
INFO:root:0025936
INFO:root:0025937
INFO:root:0025938
INFO:root:0025939
INFO:root:0025940
INFO:root:0025941
INFO:root:0025942
INFO:root:0025943
INFO:root:0025944
INFO:root:0025945
INFO:root:0025946
INFO:root:0025947
INFO:root:0025948
INFO:root:0025949
INFO:root:0025950
INFO:root:0025951
INFO:root:0025952
INFO:root:0025953
INFO:root:0025954
INFO:root:0025955
INFO:root:0025956
INFO:root:0025957
INFO:root:0025958
INFO:root:0025959
INFO:root:0025960
INFO:root:0025961
INFO:root:0025962
INFO:root:0025963
INFO:root:0025964
INFO:root:0025965
INFO:root:0025966
INFO:root:0025967
INFO:root:0025968
INFO:root:0025969
INFO:root:0025970
INFO:root:0025971
INFO:root:0025972
INFO:root:0025973
INFO:root:0025974
INFO:root:0025975
INFO:root:0025976
INFO:root:0025977
INFO:root:0025978
INFO:root:0025979
INFO:root:0025980
INFO:root:0025981
INFO:root:Converting subject: 0025921
CRITICAL:root:Cannot find T1w.json file which is required in the BIDS spec
INFO:root:bidsmri2nidm Namespace(bidsignore=False, directory='/datasets.datalad.org/corr/RawDataBIDS/BNU_2', json_map='/Volumes/Research/dbkeator/Documents/ReproNim/simple_2/corr_var_to_terms.json', jsonld=False, key='7LVtXsIlJdM6bcfTuZyrhjaEECUJD7Sg', logfile='/Users/dbkeator/Documents/Coding/simple2_NIDM_examples/logs', outputfile='/Users/dbkeator/Documents/Coding/simple2_NIDM_examples/datasets.datalad.org/corr/RawDataBIDS/BNU_2/nidm.ttl', png=False)
INFO:root:0025921
INFO:root:0025922
INFO:root:0025923
INFO:root:0025924
INFO:root:0025925
INFO:root:0025926
INFO:root:0025927
INFO:root:0025928
INFO:root:0025929
INFO:root:0025930
INFO:root:0025931
INFO:root:0025932
INFO:root:0025933
INFO:root:0025934
INFO:root:0025935
INFO:root:0025936
INFO:root:0025937
INFO:root:0025938
INFO:root:0025939
INFO:root:0025940
INFO:root:0025941
INFO:root:0025942
INFO:root:0025943
INFO:root:0025944
INFO:root:0025945
INFO:root:0025946
INFO:root:0025947
INFO:root:0025948
INFO:root:0025949
INFO:root:0025950
INFO:root:0025951
INFO:root:0025952
INFO:root:0025953
INFO:root:0025954
INFO:root:0025955
INFO:root:0025956
INFO:root:0025957
INFO:root:0025958
INFO:root:0025959
INFO:root:0025960
INFO:root:0025961
INFO:root:0025962
INFO:root:0025963
INFO:root:0025964
INFO:root:0025965
INFO:root:0025966
INFO:root:0025967
INFO:root:0025968
INFO:root:0025969
INFO:root:0025970
INFO:root:0025971
INFO:root:0025972
INFO:root:0025973
INFO:root:0025974
INFO:root:0025975
INFO:root:0025976
INFO:root:0025977
INFO:root:0025978
INFO:root:0025979
INFO:root:0025980
INFO:root:0025981
INFO:root:Converting subject: 0025921
CRITICAL:root:Cannot find T1w.json file which is required in the BIDS spec
INFO:root:bidsmri2nidm Namespace(bidsignore=False, directory='/Users/dbkeator/Downloads/datasets.datalad.org/corr/RawDataBIDS/BNU_2', json_map='/Volumes/Research/dbkeator/Documents/ReproNim/simple_2/corr_var_to_terms.json', jsonld=False, key='29hUT0BKdmUEgD6KLppEH9qDItY0eQXM', logfile='/Users/dbkeator/Documents/Coding/simple2_NIDM_examples/logs', outputfile='/Users/dbkeator/Documents/Coding/simple2_NIDM_examples/datasets.datalad.org/corr/RawDataBIDS/BNU_2/nidm.ttl', png=False)
INFO:root:0025921
INFO:root:0025922
INFO:root:0025923
INFO:root:0025924
INFO:root:0025925
INFO:root:0025926
INFO:root:0025927
INFO:root:0025928
INFO:root:0025929
INFO:root:0025930
INFO:root:0025931
INFO:root:0025932
INFO:root:0025933
INFO:root:0025934
INFO:root:0025935
INFO:root:0025936
INFO:root:0025937
INFO:root:0025938
INFO:root:0025939
INFO:root:0025940
INFO:root:0025941
INFO:root:0025942
INFO:root:0025943
INFO:root:0025944
INFO:root:0025945
INFO:root:0025946
INFO:root:0025947
INFO:root:0025948
INFO:root:0025949
INFO:root:0025950
INFO:root:0025951
INFO:root:0025952
INFO:root:0025953
INFO:root:0025954
INFO:root:0025955
INFO:root:0025956
INFO:root:0025957
INFO:root:0025958
INFO:root:0025959
INFO:root:0025960
INFO:root:0025961
INFO:root:0025962
INFO:root:0025963
INFO:root:0025964
INFO:root:0025965
INFO:root:0025966
INFO:root:0025967
INFO:root:0025968
INFO:root:0025969
INFO:root:0025970
INFO:root:0025971
INFO:root:0025972
INFO:root:0025973
INFO:root:0025974
INFO:root:0025975
INFO:root:0025976
INFO:root:0025977
INFO:root:0025978
INFO:root:0025979
INFO:root:0025980
INFO:root:0025981
INFO:root:Converting subject: 0025921
DEBUG:matplotlib.pyplot:Loaded backend macosx version unknown.
DEBUG:matplotlib.pyplot:Loaded backend MacOSX version unknown.
DEBUG:matplotlib.pyplot:Loaded backend macosx version unknown.
INFO:root:bidsmri2nidm Namespace(bidsignore=False, directory='/Users/dbkeator/Downloads/datasets.datalad.org/corr/RawDataBIDS/BNU_2', json_map='/Volumes/Research/dbkeator/Documents/ReproNim/simple_2/corr_var_to_terms.json', jsonld=False, key='29hUT0BKdmUEgD6KLppEH9qDItY0eQXM', logfile='/Users/dbkeator/Documents/Coding/simple2_NIDM_examples/logs', outputfile='/Users/dbkeator/Documents/Coding/simple2_NIDM_examples/datasets.datalad.org/corr/RawDataBIDS/BNU_2/nidm.ttl', png=False)
INFO:root:0025921
INFO:root:0025922
INFO:root:0025923
INFO:root:0025924
INFO:root:0025925
INFO:root:0025926
INFO:root:0025927
INFO:root:0025928
INFO:root:0025929
INFO:root:0025930
INFO:root:0025931
INFO:root:0025932
INFO:root:0025933
INFO:root:0025934
INFO:root:0025935
INFO:root:0025936
INFO:root:0025937
INFO:root:0025938
INFO:root:0025939
INFO:root:0025940
INFO:root:0025941
INFO:root:0025942
INFO:root:0025943
INFO:root:0025944
INFO:root:0025945
INFO:root:0025946
INFO:root:0025947
INFO:root:0025948
INFO:root:0025949
INFO:root:0025950
INFO:root:0025951
INFO:root:0025952
INFO:root:0025953
INFO:root:0025954
INFO:root:0025955
INFO:root:0025956
INFO:root:0025957
INFO:root:0025958
INFO:root:0025959
INFO:root:0025960
INFO:root:0025961
INFO:root:0025962
INFO:root:0025963
INFO:root:0025964
INFO:root:0025965
INFO:root:0025966
INFO:root:0025967
INFO:root:0025968
INFO:root:0025969
INFO:root:0025970
INFO:root:0025971
INFO:root:0025972
INFO:root:0025973
INFO:root:0025974
INFO:root:0025975
INFO:root:0025976
INFO:root:0025977
INFO:root:0025978
INFO:root:0025979
INFO:root:0025980
INFO:root:0025981
INFO:root:Converting subject: 0025921
DEBUG:matplotlib.pyplot:Loaded backend macosx version unknown.
DEBUG:matplotlib.pyplot:Loaded backend MacOSX version unknown.
DEBUG:matplotlib.pyplot:Loaded backend macosx version unknown.
INFO:root:bidsmri2nidm Namespace(bidsignore=False, directory='/Users/dbkeator/Downloads/datasets.datalad.org/corr/RawDataBIDS/BNU_2', json_map='/Volumes/Research/dbkeator/Documents/ReproNim/simple_2/corr_var_to_terms.json', jsonld=False, key='29hUT0BKdmUEgD6KLppEH9qDItY0eQXM', logfile='/Users/dbkeator/Documents/Coding/simple2_NIDM_examples/logs', outputfile='/Users/dbkeator/Documents/Coding/simple2_NIDM_examples/datasets.datalad.org/corr/RawDataBIDS/BNU_2/nidm.ttl', png=False)
INFO:root:0025921
INFO:root:0025922
INFO:root:0025923
INFO:root:0025924
INFO:root:0025925
INFO:root:0025926
INFO:root:0025927
INFO:root:0025928
INFO:root:0025929
INFO:root:0025930
INFO:root:0025931
INFO:root:0025932
INFO:root:0025933
INFO:root:0025934
INFO:root:0025935
INFO:root:0025936
INFO:root:0025937
INFO:root:0025938
INFO:root:0025939
INFO:root:0025940
INFO:root:0025941
INFO:root:0025942
INFO:root:0025943
INFO:root:0025944
INFO:root:0025945
INFO:root:0025946
INFO:root:0025947
INFO:root:0025948
INFO:root:0025949
INFO:root:0025950
INFO:root:0025951
INFO:root:0025952
INFO:root:0025953
INFO:root:0025954
INFO:root:0025955
INFO:root:0025956
INFO:root:0025957
INFO:root:0025958
INFO:root:0025959
INFO:root:0025960
INFO:root:0025961
INFO:root:0025962
INFO:root:0025963
INFO:root:0025964
INFO:root:0025965
INFO:root:0025966
INFO:root:0025967
INFO:root:0025968
INFO:root:0025969
INFO:root:0025970
INFO:root:0025971
INFO:root:0025972
INFO:root:0025973
INFO:root:0025974
INFO:root:0025975
INFO:root:0025976
INFO:root:0025977
INFO:root:0025978
INFO:root:0025979
INFO:root:0025980
INFO:root:0025981
INFO:root:Converting subject: 0025921
INFO:root:Converting subject: 0025922
INFO:root:Converting subject: 0025923
INFO:root:Converting subject: 0025924
INFO:root:Converting subject: 0025925
INFO:root:Converting subject: 0025926
INFO:root:Converting subject: 0025927
INFO:root:Converting subject: 0025928
INFO:root:Converting subject: 0025929
INFO:root:Converting subject: 0025930
INFO:root:Converting subject: 0025931
INFO:root:Converting subject: 0025932
INFO:root:Converting subject: 0025933
INFO:root:Converting subject: 0025934
INFO:root:Converting subject: 0025935
INFO:root:Converting subject: 0025936
INFO:root:Converting subject: 0025937
INFO:root:Converting subject: 0025938
INFO:root:Converting subject: 0025939
INFO:root:Converting subject: 0025940
INFO:root:Converting subject: 0025941
INFO:root:Converting subject: 0025942
INFO:root:Converting subject: 0025943
INFO:root:Converting subject: 0025944
INFO:root:Converting subject: 0025945
INFO:root:Converting subject: 0025946
INFO:root:Converting subject: 0025947
INFO:root:Converting subject: 0025948
INFO:root:Converting subject: 0025949
INFO:root:Converting subject: 0025950
INFO:root:Converting subject: 0025951
INFO:root:Converting subject: 0025952
INFO:root:Converting subject: 0025953
INFO:root:Converting subject: 0025954
INFO:root:Converting subject: 0025955
INFO:root:Converting subject: 0025956
INFO:root:Converting subject: 0025957
INFO:root:Converting subject: 0025958
INFO:root:Converting subject: 0025959
INFO:root:Converting subject: 0025960
INFO:root:Converting subject: 0025961
INFO:root:Converting subject: 0025962
INFO:root:Converting subject: 0025963
INFO:root:Converting subject: 0025964
INFO:root:Converting subject: 0025965
INFO:root:Converting subject: 0025966
INFO:root:Converting subject: 0025967
INFO:root:Converting subject: 0025968
INFO:root:Converting subject: 0025969
INFO:root:Converting subject: 0025970
INFO:root:Converting subject: 0025971
INFO:root:Converting subject: 0025972
INFO:root:Converting subject: 0025973
INFO:root:Converting subject: 0025974
INFO:root:Converting subject: 0025975
INFO:root:Converting subject: 0025976
INFO:root:Converting subject: 0025977
INFO:root:Converting subject: 0025978
INFO:root:Converting subject: 0025979
INFO:root:Converting subject: 0025980
INFO:root:Converting subject: 0025981
INFO:root:Writing NIDM file....
INFO:root:Serializing NIDM graph and creating graph visualization..
INFO:root:bidsmri2nidm Namespace(bidsignore=False, directory='/Users/dbkeator/Downloads/datasets.datalad.org/corr/RawDataBIDS/BNU_2', json_map='/Volumes/Research/dbkeator/Documents/ReproNim/simple_2/corr_var_to_terms.json', jsonld=False, key='29hUT0BKdmUEgD6KLppEH9qDItY0eQXM', logfile='/Users/dbkeator/Documents/Coding/simple2_NIDM_examples/logs', outputfile='/Users/dbkeator/Documents/Coding/simple2_NIDM_examples/datasets.datalad.org/corr/RawDataBIDS/BNU_2/nidm.ttl', png=False)
INFO:root:0025921
INFO:root:0025922
INFO:root:0025923
INFO:root:0025924
INFO:root:0025925
INFO:root:0025926
INFO:root:0025927
INFO:root:0025928
INFO:root:0025929
INFO:root:0025930
INFO:root:0025931
INFO:root:0025932
INFO:root:0025933
INFO:root:0025934
INFO:root:0025935
INFO:root:0025936
INFO:root:0025937
INFO:root:0025938
INFO:root:0025939
INFO:root:0025940
INFO:root:0025941
INFO:root:0025942
INFO:root:0025943
INFO:root:0025944
INFO:root:0025945
INFO:root:0025946
INFO:root:0025947
INFO:root:0025948
INFO:root:0025949
INFO:root:0025950
INFO:root:0025951
INFO:root:0025952
INFO:root:0025953
INFO:root:0025954
INFO:root:0025955
INFO:root:0025956
INFO:root:0025957
INFO:root:0025958
INFO:root:0025959
INFO:root:0025960
INFO:root:0025961
INFO:root:0025962
INFO:root:0025963
INFO:root:0025964
INFO:root:0025965
INFO:root:0025966
INFO:root:0025967
INFO:root:0025968
INFO:root:0025969
INFO:root:0025970
INFO:root:0025971
INFO:root:0025972
INFO:root:0025973
INFO:root:0025974
INFO:root:0025975
INFO:root:0025976
INFO:root:0025977
INFO:root:0025978
INFO:root:0025979
INFO:root:0025980
INFO:root:0025981
INFO:root:Converting subject: 0025921
INFO:root:Converting subject: 0025922
INFO:root:Converting subject: 0025923
INFO:root:Converting subject: 0025924
INFO:root:Converting subject: 0025925
INFO:root:Converting subject: 0025926
INFO:root:Converting subject: 0025927
INFO:root:Converting subject: 0025928
INFO:root:Converting subject: 0025929
INFO:root:Converting subject: 0025930
INFO:root:Converting subject: 0025931
INFO:root:Converting subject: 0025932
INFO:root:Converting subject: 0025933
INFO:root:Converting subject: 0025934
INFO:root:Converting subject: 0025935
INFO:root:Converting subject: 0025936
INFO:root:Converting subject: 0025937
INFO:root:Converting subject: 0025938
INFO:root:Converting subject: 0025939
INFO:root:Converting subject: 0025940
INFO:root:Converting subject: 0025941
INFO:root:Converting subject: 0025942
INFO:root:Converting subject: 0025943
INFO:root:Converting subject: 0025944
INFO:root:Converting subject: 0025945
INFO:root:Converting subject: 0025946
INFO:root:Converting subject: 0025947
INFO:root:Converting subject: 0025948
INFO:root:Converting subject: 0025949
INFO:root:Converting subject: 0025950
INFO:root:Converting subject: 0025951
INFO:root:Converting subject: 0025952
INFO:root:Converting subject: 0025953
INFO:root:Converting subject: 0025954
INFO:root:Converting subject: 0025955
INFO:root:Converting subject: 0025956
INFO:root:Converting subject: 0025957
INFO:root:Converting subject: 0025958
INFO:root:Converting subject: 0025959
INFO:root:Converting subject: 0025960
INFO:root:Converting subject: 0025961
INFO:root:Converting subject: 0025962
INFO:root:Converting subject: 0025963
INFO:root:Converting subject: 0025964
INFO:root:Converting subject: 0025965
INFO:root:Converting subject: 0025966
INFO:root:Converting subject: 0025967
INFO:root:Converting subject: 0025968
INFO:root:Converting subject: 0025969
INFO:root:Converting subject: 0025970
INFO:root:Converting subject: 0025971
INFO:root:Converting subject: 0025972
INFO:root:Converting subject: 0025973
INFO:root:Converting subject: 0025974
INFO:root:Converting subject: 0025975
INFO:root:Converting subject: 0025976
INFO:root:Converting subject: 0025977
INFO:root:Converting subject: 0025978
INFO:root:Converting subject: 0025979
INFO:root:Converting subject: 0025980
INFO:root:Converting subject: 0025981
INFO:root:Writing NIDM file....
INFO:root:Serializing NIDM graph and creating graph visualization..
INFO:root:bidsmri2nidm Namespace(bidsignore=False, directory='/Users/dbkeator/Downloads/datasets.datalad.org/corr/RawDataBIDS/BNU_2', json_map='/Volumes/Research/dbkeator/Documents/ReproNim/simple_2/corr_var_to_terms.json', jsonld=False, key='29hUT0BKdmUEgD6KLppEH9qDItY0eQXM', logfile='/Users/dbkeator/Documents/Coding/simple2_NIDM_examples/logs', outputfile='/Users/dbkeator/Documents/Coding/simple2_NIDM_examples/datasets.datalad.org/corr/RawDataBIDS/BNU_2/nidm.ttl', png=False)
INFO:root:0025921
INFO:root:0025922
INFO:root:0025923
INFO:root:0025924
INFO:root:0025925
INFO:root:0025926
INFO:root:0025927
INFO:root:0025928
INFO:root:0025929
INFO:root:0025930
INFO:root:0025931
INFO:root:0025932
INFO:root:0025933
INFO:root:0025934
INFO:root:0025935
INFO:root:0025936
INFO:root:0025937
INFO:root:0025938
INFO:root:0025939
INFO:root:0025940
INFO:root:0025941
INFO:root:0025942
INFO:root:0025943
INFO:root:0025944
INFO:root:0025945
INFO:root:0025946
INFO:root:0025947
INFO:root:0025948
INFO:root:0025949
INFO:root:0025950
INFO:root:0025951
INFO:root:0025952
INFO:root:0025953
INFO:root:0025954
INFO:root:0025955
INFO:root:0025956
INFO:root:0025957
INFO:root:0025958
INFO:root:0025959
INFO:root:0025960
INFO:root:0025961
INFO:root:0025962
INFO:root:0025963
INFO:root:0025964
INFO:root:0025965
INFO:root:0025966
INFO:root:0025967
INFO:root:0025968
INFO:root:0025969
INFO:root:0025970
INFO:root:0025971
INFO:root:0025972
INFO:root:0025973
INFO:root:0025974
INFO:root:0025975
INFO:root:0025976
INFO:root:0025977
INFO:root:0025978
INFO:root:0025979
INFO:root:0025980
INFO:root:0025981
INFO:root:Converting subject: 0025921
DEBUG:matplotlib.pyplot:Loaded backend macosx version unknown.
DEBUG:matplotlib.pyplot:Loaded backend MacOSX version unknown.
DEBUG:matplotlib.pyplot:Loaded backend macosx version unknown.
CRITICAL:root:Cannot find T1w.json file which is required in the BIDS spec
INFO:root:bidsmri2nidm Namespace(bidsignore=False, directory='/Users/dbkeator/Downloads/datasets.datalad.org/corr/RawDataBIDS/BNU_2', json_map='/Volumes/Research/dbkeator/Documents/ReproNim/simple_2/corr_var_to_terms.json', jsonld=False, key='29hUT0BKdmUEgD6KLppEH9qDItY0eQXM', logfile='/Users/dbkeator/Documents/Coding/simple2_NIDM_examples/logs', outputfile='/Users/dbkeator/Documents/Coding/simple2_NIDM_examples/datasets.datalad.org/corr/RawDataBIDS/BNU_2/nidm.ttl', png=False)
INFO:root:0025921
INFO:root:0025922
INFO:root:0025923
INFO:root:0025924
INFO:root:0025925
INFO:root:0025926
INFO:root:0025927
INFO:root:0025928
INFO:root:0025929
INFO:root:0025930
INFO:root:0025931
INFO:root:0025932
INFO:root:0025933
INFO:root:0025934
INFO:root:0025935
INFO:root:0025936
INFO:root:0025937
INFO:root:0025938
INFO:root:0025939
INFO:root:0025940
INFO:root:0025941
INFO:root:0025942
INFO:root:0025943
INFO:root:0025944
INFO:root:0025945
INFO:root:0025946
INFO:root:0025947
INFO:root:0025948
INFO:root:0025949
INFO:root:0025950
INFO:root:0025951
INFO:root:0025952
INFO:root:0025953
INFO:root:0025954
INFO:root:0025955
INFO:root:0025956
INFO:root:0025957
INFO:root:0025958
INFO:root:0025959
INFO:root:0025960
INFO:root:0025961
INFO:root:0025962
INFO:root:0025963
INFO:root:0025964
INFO:root:0025965
INFO:root:0025966
INFO:root:0025967
INFO:root:0025968
INFO:root:0025969
INFO:root:0025970
INFO:root:0025971
INFO:root:0025972
INFO:root:0025973
INFO:root:0025974
INFO:root:0025975
INFO:root:0025976
INFO:root:0025977
INFO:root:0025978
INFO:root:0025979
INFO:root:0025980
INFO:root:0025981
INFO:root:Converting subject: 0025921
DEBUG:matplotlib.pyplot:Loaded backend macosx version unknown.
DEBUG:matplotlib.pyplot:Loaded backend MacOSX version unknown.
DEBUG:matplotlib.pyplot:Loaded backend macosx version unknown.
WARNING:root:Cannot find T1w.json file...looking for session-specific one
INFO:root:bidsmri2nidm Namespace(bidsignore=False, directory='/Users/dbkeator/Downloads/datasets.datalad.org/corr/RawDataBIDS/BNU_2', json_map='/Volumes/Research/dbkeator/Documents/ReproNim/simple_2/corr_var_to_terms.json', jsonld=False, key='29hUT0BKdmUEgD6KLppEH9qDItY0eQXM', logfile='/Users/dbkeator/Documents/Coding/simple2_NIDM_examples/logs', outputfile='/Users/dbkeator/Documents/Coding/simple2_NIDM_examples/datasets.datalad.org/corr/RawDataBIDS/BNU_2/nidm.ttl', png=False)
INFO:root:0025921
INFO:root:0025922
INFO:root:0025923
INFO:root:0025924
INFO:root:0025925
INFO:root:0025926
INFO:root:0025927
INFO:root:0025928
INFO:root:0025929
INFO:root:0025930
INFO:root:0025931
INFO:root:0025932
INFO:root:0025933
INFO:root:0025934
INFO:root:0025935
INFO:root:0025936
INFO:root:0025937
INFO:root:0025938
INFO:root:0025939
INFO:root:0025940
INFO:root:0025941
INFO:root:0025942
INFO:root:0025943
INFO:root:0025944
INFO:root:0025945
INFO:root:0025946
INFO:root:0025947
INFO:root:0025948
INFO:root:0025949
INFO:root:0025950
INFO:root:0025951
INFO:root:0025952
INFO:root:0025953
INFO:root:0025954
INFO:root:0025955
INFO:root:0025956
INFO:root:0025957
INFO:root:0025958
INFO:root:0025959
INFO:root:0025960
INFO:root:0025961
INFO:root:0025962
INFO:root:0025963
INFO:root:0025964
INFO:root:0025965
INFO:root:0025966
INFO:root:0025967
INFO:root:0025968
INFO:root:0025969
INFO:root:0025970
INFO:root:0025971
INFO:root:0025972
INFO:root:0025973
INFO:root:0025974
INFO:root:0025975
INFO:root:0025976
INFO:root:0025977
INFO:root:0025978
INFO:root:0025979
INFO:root:0025980
INFO:root:0025981
INFO:root:Converting subject: 0025921
WARNING:root:Cannot find T1w.json file...looking for session-specific one
WARNING:root:Cannot find task-rest_bold.json file looking for session-specific one
WARNING:root:Cannot find T1w.json file...looking for session-specific one
WARNING:root:Cannot find task-rest_bold.json file looking for session-specific one
INFO:root:Converting subject: 0025922
WARNING:root:Cannot find T1w.json file...looking for session-specific one
WARNING:root:Cannot find task-rest_bold.json file looking for session-specific one
WARNING:root:Cannot find T1w.json file...looking for session-specific one
WARNING:root:Cannot find task-rest_bold.json file looking for session-specific one
INFO:root:Converting subject: 0025923
WARNING:root:Cannot find T1w.json file...looking for session-specific one
WARNING:root:Cannot find task-rest_bold.json file looking for session-specific one
WARNING:root:Cannot find T1w.json file...looking for session-specific one
WARNING:root:Cannot find task-rest_bold.json file looking for session-specific one
INFO:root:Converting subject: 0025924
WARNING:root:Cannot find T1w.json file...looking for session-specific one
WARNING:root:Cannot find task-rest_bold.json file looking for session-specific one
WARNING:root:Cannot find T1w.json file...looking for session-specific one
WARNING:root:Cannot find task-rest_bold.json file looking for session-specific one
INFO:root:Converting subject: 0025925
WARNING:root:Cannot find T1w.json file...looking for session-specific one
WARNING:root:Cannot find task-rest_bold.json file looking for session-specific one
WARNING:root:Cannot find T1w.json file...looking for session-specific one
WARNING:root:Cannot find task-rest_bold.json file looking for session-specific one
INFO:root:Converting subject: 0025926
WARNING:root:Cannot find T1w.json file...looking for session-specific one
WARNING:root:Cannot find task-rest_bold.json file looking for session-specific one
WARNING:root:Cannot find T1w.json file...looking for session-specific one
WARNING:root:Cannot find task-rest_bold.json file looking for session-specific one
INFO:root:Converting subject: 0025927
WARNING:root:Cannot find T1w.json file...looking for session-specific one
WARNING:root:Cannot find task-rest_bold.json file looking for session-specific one
WARNING:root:Cannot find T1w.json file...looking for session-specific one
WARNING:root:Cannot find task-rest_bold.json file looking for session-specific one
INFO:root:Converting subject: 0025928
WARNING:root:Cannot find T1w.json file...looking for session-specific one
WARNING:root:Cannot find task-rest_bold.json file looking for session-specific one
WARNING:root:Cannot find T1w.json file...looking for session-specific one
WARNING:root:Cannot find task-rest_bold.json file looking for session-specific one
INFO:root:Converting subject: 0025929
WARNING:root:Cannot find T1w.json file...looking for session-specific one
WARNING:root:Cannot find task-rest_bold.json file looking for session-specific one
WARNING:root:Cannot find T1w.json file...looking for session-specific one
WARNING:root:Cannot find task-rest_bold.json file looking for session-specific one
INFO:root:Converting subject: 0025930
WARNING:root:Cannot find T1w.json file...looking for session-specific one
WARNING:root:Cannot find task-rest_bold.json file looking for session-specific one
WARNING:root:Cannot find T1w.json file...looking for session-specific one
WARNING:root:Cannot find task-rest_bold.json file looking for session-specific one
INFO:root:Converting subject: 0025931
WARNING:root:Cannot find T1w.json file...looking for session-specific one
WARNING:root:Cannot find task-rest_bold.json file looking for session-specific one
WARNING:root:Cannot find T1w.json file...looking for session-specific one
WARNING:root:Cannot find task-rest_bold.json file looking for session-specific one
INFO:root:Converting subject: 0025932
WARNING:root:Cannot find T1w.json file...looking for session-specific one
WARNING:root:Cannot find task-rest_bold.json file looking for session-specific one
WARNING:root:Cannot find T1w.json file...looking for session-specific one
WARNING:root:Cannot find task-rest_bold.json file looking for session-specific one
INFO:root:Converting subject: 0025933
WARNING:root:Cannot find T1w.json file...looking for session-specific one
WARNING:root:Cannot find task-rest_bold.json file looking for session-specific one
WARNING:root:Cannot find T1w.json file...looking for session-specific one
WARNING:root:Cannot find task-rest_bold.json file looking for session-specific one
INFO:root:Converting subject: 0025934
WARNING:root:Cannot find T1w.json file...looking for session-specific one
WARNING:root:Cannot find task-rest_bold.json file looking for session-specific one
WARNING:root:Cannot find T1w.json file...looking for session-specific one
WARNING:root:Cannot find task-rest_bold.json file looking for session-specific one
INFO:root:Converting subject: 0025935
WARNING:root:Cannot find T1w.json file...looking for session-specific one
WARNING:root:Cannot find task-rest_bold.json file looking for session-specific one
WARNING:root:Cannot find T1w.json file...looking for session-specific one
WARNING:root:Cannot find task-rest_bold.json file looking for session-specific one
INFO:root:Converting subject: 0025936
WARNING:root:Cannot find T1w.json file...looking for session-specific one
WARNING:root:Cannot find task-rest_bold.json file looking for session-specific one
WARNING:root:Cannot find T1w.json file...looking for session-specific one
WARNING:root:Cannot find task-rest_bold.json file looking for session-specific one
INFO:root:Converting subject: 0025937
WARNING:root:Cannot find T1w.json file...looking for session-specific one
WARNING:root:Cannot find task-rest_bold.json file looking for session-specific one
WARNING:root:Cannot find T1w.json file...looking for session-specific one
WARNING:root:Cannot find task-rest_bold.json file looking for session-specific one
INFO:root:Converting subject: 0025938
WARNING:root:Cannot find T1w.json file...looking for session-specific one
WARNING:root:Cannot find task-rest_bold.json file looking for session-specific one
WARNING:root:Cannot find T1w.json file...looking for session-specific one
WARNING:root:Cannot find task-rest_bold.json file looking for session-specific one
INFO:root:Converting subject: 0025939
WARNING:root:Cannot find T1w.json file...looking for session-specific one
WARNING:root:Cannot find task-rest_bold.json file looking for session-specific one
WARNING:root:Cannot find T1w.json file...looking for session-specific one
WARNING:root:Cannot find task-rest_bold.json file looking for session-specific one
INFO:root:Converting subject: 0025940
WARNING:root:Cannot find T1w.json file...looking for session-specific one
WARNING:root:Cannot find task-rest_bold.json file looking for session-specific one
WARNING:root:Cannot find T1w.json file...looking for session-specific one
WARNING:root:Cannot find task-rest_bold.json file looking for session-specific one
INFO:root:Converting subject: 0025941
WARNING:root:Cannot find T1w.json file...looking for session-specific one
WARNING:root:Cannot find task-rest_bold.json file looking for session-specific one
WARNING:root:Cannot find T1w.json file...looking for session-specific one
WARNING:root:Cannot find task-rest_bold.json file looking for session-specific one
INFO:root:Converting subject: 0025942
WARNING:root:Cannot find T1w.json file...looking for session-specific one
WARNING:root:Cannot find task-rest_bold.json file looking for session-specific one
WARNING:root:Cannot find T1w.json file...looking for session-specific one
WARNING:root:Cannot find task-rest_bold.json file looking for session-specific one
INFO:root:Converting subject: 0025943
WARNING:root:Cannot find T1w.json file...looking for session-specific one
WARNING:root:Cannot find task-rest_bold.json file looking for session-specific one
WARNING:root:Cannot find T1w.json file...looking for session-specific one
WARNING:root:Cannot find task-rest_bold.json file looking for session-specific one
INFO:root:Converting subject: 0025944
WARNING:root:Cannot find T1w.json file...looking for session-specific one
WARNING:root:Cannot find task-rest_bold.json file looking for session-specific one
WARNING:root:Cannot find T1w.json file...looking for session-specific one
WARNING:root:Cannot find task-rest_bold.json file looking for session-specific one
INFO:root:Converting subject: 0025945
WARNING:root:Cannot find T1w.json file...looking for session-specific one
WARNING:root:Cannot find task-rest_bold.json file looking for session-specific one
WARNING:root:Cannot find T1w.json file...looking for session-specific one
WARNING:root:Cannot find task-rest_bold.json file looking for session-specific one
INFO:root:Converting subject: 0025946
WARNING:root:Cannot find T1w.json file...looking for session-specific one
WARNING:root:Cannot find task-rest_bold.json file looking for session-specific one
WARNING:root:Cannot find T1w.json file...looking for session-specific one
WARNING:root:Cannot find task-rest_bold.json file looking for session-specific one
INFO:root:Converting subject: 0025947
WARNING:root:Cannot find T1w.json file...looking for session-specific one
WARNING:root:Cannot find task-rest_bold.json file looking for session-specific one
WARNING:root:Cannot find T1w.json file...looking for session-specific one
WARNING:root:Cannot find task-rest_bold.json file looking for session-specific one
INFO:root:Converting subject: 0025948
WARNING:root:Cannot find T1w.json file...looking for session-specific one
WARNING:root:Cannot find task-rest_bold.json file looking for session-specific one
WARNING:root:Cannot find T1w.json file...looking for session-specific one
WARNING:root:Cannot find task-rest_bold.json file looking for session-specific one
INFO:root:Converting subject: 0025949
WARNING:root:Cannot find T1w.json file...looking for session-specific one
WARNING:root:Cannot find task-rest_bold.json file looking for session-specific one
WARNING:root:Cannot find T1w.json file...looking for session-specific one
WARNING:root:Cannot find task-rest_bold.json file looking for session-specific one
INFO:root:Converting subject: 0025950
WARNING:root:Cannot find T1w.json file...looking for session-specific one
WARNING:root:Cannot find task-rest_bold.json file looking for session-specific one
WARNING:root:Cannot find T1w.json file...looking for session-specific one
WARNING:root:Cannot find task-rest_bold.json file looking for session-specific one
INFO:root:Converting subject: 0025951
WARNING:root:Cannot find T1w.json file...looking for session-specific one
WARNING:root:Cannot find task-rest_bold.json file looking for session-specific one
WARNING:root:Cannot find T1w.json file...looking for session-specific one
WARNING:root:Cannot find task-rest_bold.json file looking for session-specific one
INFO:root:Converting subject: 0025952
WARNING:root:Cannot find T1w.json file...looking for session-specific one
WARNING:root:Cannot find task-rest_bold.json file looking for session-specific one
WARNING:root:Cannot find T1w.json file...looking for session-specific one
WARNING:root:Cannot find task-rest_bold.json file looking for session-specific one
INFO:root:Converting subject: 0025953
WARNING:root:Cannot find T1w.json file...looking for session-specific one
WARNING:root:Cannot find task-rest_bold.json file looking for session-specific one
WARNING:root:Cannot find T1w.json file...looking for session-specific one
WARNING:root:Cannot find task-rest_bold.json file looking for session-specific one
INFO:root:Converting subject: 0025954
WARNING:root:Cannot find T1w.json file...looking for session-specific one
WARNING:root:Cannot find task-rest_bold.json file looking for session-specific one
WARNING:root:Cannot find T1w.json file...looking for session-specific one
WARNING:root:Cannot find task-rest_bold.json file looking for session-specific one
INFO:root:Converting subject: 0025955
WARNING:root:Cannot find T1w.json file...looking for session-specific one
WARNING:root:Cannot find task-rest_bold.json file looking for session-specific one
WARNING:root:Cannot find T1w.json file...looking for session-specific one
WARNING:root:Cannot find task-rest_bold.json file looking for session-specific one
INFO:root:Converting subject: 0025956
WARNING:root:Cannot find T1w.json file...looking for session-specific one
WARNING:root:Cannot find task-rest_bold.json file looking for session-specific one
WARNING:root:Cannot find T1w.json file...looking for session-specific one
WARNING:root:Cannot find task-rest_bold.json file looking for session-specific one
INFO:root:Converting subject: 0025957
WARNING:root:Cannot find T1w.json file...looking for session-specific one
WARNING:root:Cannot find task-rest_bold.json file looking for session-specific one
WARNING:root:Cannot find T1w.json file...looking for session-specific one
WARNING:root:Cannot find task-rest_bold.json file looking for session-specific one
INFO:root:Converting subject: 0025958
WARNING:root:Cannot find T1w.json file...looking for session-specific one
WARNING:root:Cannot find task-rest_bold.json file looking for session-specific one
WARNING:root:Cannot find T1w.json file...looking for session-specific one
WARNING:root:Cannot find task-rest_bold.json file looking for session-specific one
INFO:root:Converting subject: 0025959
WARNING:root:Cannot find T1w.json file...looking for session-specific one
WARNING:root:Cannot find task-rest_bold.json file looking for session-specific one
WARNING:root:Cannot find T1w.json file...looking for session-specific one
WARNING:root:Cannot find task-rest_bold.json file looking for session-specific one
INFO:root:Converting subject: 0025960
WARNING:root:Cannot find T1w.json file...looking for session-specific one
WARNING:root:Cannot find task-rest_bold.json file looking for session-specific one
WARNING:root:Cannot find T1w.json file...looking for session-specific one
WARNING:root:Cannot find task-rest_bold.json file looking for session-specific one
INFO:root:Converting subject: 0025961
WARNING:root:Cannot find T1w.json file...looking for session-specific one
WARNING:root:Cannot find task-rest_bold.json file looking for session-specific one
WARNING:root:Cannot find T1w.json file...looking for session-specific one
WARNING:root:Cannot find task-rest_bold.json file looking for session-specific one
INFO:root:Converting subject: 0025962
WARNING:root:Cannot find T1w.json file...looking for session-specific one
WARNING:root:Cannot find task-rest_bold.json file looking for session-specific one
WARNING:root:Cannot find T1w.json file...looking for session-specific one
WARNING:root:Cannot find task-rest_bold.json file looking for session-specific one
INFO:root:Converting subject: 0025963
WARNING:root:Cannot find T1w.json file...looking for session-specific one
WARNING:root:Cannot find task-rest_bold.json file looking for session-specific one
WARNING:root:Cannot find T1w.json file...looking for session-specific one
WARNING:root:Cannot find task-rest_bold.json file looking for session-specific one
INFO:root:Converting subject: 0025964
WARNING:root:Cannot find T1w.json file...looking for session-specific one
WARNING:root:Cannot find task-rest_bold.json file looking for session-specific one
WARNING:root:Cannot find T1w.json file...looking for session-specific one
WARNING:root:Cannot find task-rest_bold.json file looking for session-specific one
INFO:root:Converting subject: 0025965
WARNING:root:Cannot find T1w.json file...looking for session-specific one
WARNING:root:Cannot find task-rest_bold.json file looking for session-specific one
WARNING:root:Cannot find T1w.json file...looking for session-specific one
WARNING:root:Cannot find task-rest_bold.json file looking for session-specific one
INFO:root:Converting subject: 0025966
WARNING:root:Cannot find T1w.json file...looking for session-specific one
WARNING:root:Cannot find task-rest_bold.json file looking for session-specific one
WARNING:root:Cannot find T1w.json file...looking for session-specific one
WARNING:root:Cannot find task-rest_bold.json file looking for session-specific one
INFO:root:Converting subject: 0025967
WARNING:root:Cannot find T1w.json file...looking for session-specific one
WARNING:root:Cannot find task-rest_bold.json file looking for session-specific one
WARNING:root:Cannot find T1w.json file...looking for session-specific one
WARNING:root:Cannot find task-rest_bold.json file looking for session-specific one
INFO:root:Converting subject: 0025968
WARNING:root:Cannot find T1w.json file...looking for session-specific one
WARNING:root:Cannot find task-rest_bold.json file looking for session-specific one
WARNING:root:Cannot find T1w.json file...looking for session-specific one
WARNING:root:Cannot find task-rest_bold.json file looking for session-specific one
INFO:root:Converting subject: 0025969
WARNING:root:Cannot find T1w.json file...looking for session-specific one
WARNING:root:Cannot find task-rest_bold.json file looking for session-specific one
WARNING:root:Cannot find T1w.json file...looking for session-specific one
WARNING:root:Cannot find task-rest_bold.json file looking for session-specific one
INFO:root:Converting subject: 0025970
WARNING:root:Cannot find T1w.json file...looking for session-specific one
WARNING:root:Cannot find task-rest_bold.json file looking for session-specific one
WARNING:root:Cannot find T1w.json file...looking for session-specific one
WARNING:root:Cannot find task-rest_bold.json file looking for session-specific one
INFO:root:Converting subject: 0025971
WARNING:root:Cannot find T1w.json file...looking for session-specific one
WARNING:root:Cannot find task-rest_bold.json file looking for session-specific one
WARNING:root:Cannot find T1w.json file...looking for session-specific one
WARNING:root:Cannot find task-rest_bold.json file looking for session-specific one
INFO:root:Converting subject: 0025972
WARNING:root:Cannot find T1w.json file...looking for session-specific one
WARNING:root:Cannot find task-rest_bold.json file looking for session-specific one
WARNING:root:Cannot find T1w.json file...looking for session-specific one
WARNING:root:Cannot find task-rest_bold.json file looking for session-specific one
INFO:root:Converting subject: 0025973
WARNING:root:Cannot find T1w.json file...looking for session-specific one
WARNING:root:Cannot find task-rest_bold.json file looking for session-specific one
WARNING:root:Cannot find T1w.json file...looking for session-specific one
WARNING:root:Cannot find task-rest_bold.json file looking for session-specific one
INFO:root:Converting subject: 0025974
WARNING:root:Cannot find T1w.json file...looking for session-specific one
WARNING:root:Cannot find task-rest_bold.json file looking for session-specific one
WARNING:root:Cannot find T1w.json file...looking for session-specific one
WARNING:root:Cannot find task-rest_bold.json file looking for session-specific one
INFO:root:Converting subject: 0025975
WARNING:root:Cannot find T1w.json file...looking for session-specific one
WARNING:root:Cannot find task-rest_bold.json file looking for session-specific one
WARNING:root:Cannot find T1w.json file...looking for session-specific one
WARNING:root:Cannot find task-rest_bold.json file looking for session-specific one
INFO:root:Converting subject: 0025976
WARNING:root:Cannot find T1w.json file...looking for session-specific one
WARNING:root:Cannot find task-rest_bold.json file looking for session-specific one
WARNING:root:Cannot find T1w.json file...looking for session-specific one
WARNING:root:Cannot find task-rest_bold.json file looking for session-specific one
INFO:root:Converting subject: 0025977
WARNING:root:Cannot find T1w.json file...looking for session-specific one
WARNING:root:Cannot find task-rest_bold.json file looking for session-specific one
WARNING:root:Cannot find T1w.json file...looking for session-specific one
WARNING:root:Cannot find task-rest_bold.json file looking for session-specific one
INFO:root:Converting subject: 0025978
WARNING:root:Cannot find T1w.json file...looking for session-specific one
WARNING:root:Cannot find task-rest_bold.json file looking for session-specific one
WARNING:root:Cannot find T1w.json file...looking for session-specific one
WARNING:root:Cannot find task-rest_bold.json file looking for session-specific one
INFO:root:Converting subject: 0025979
WARNING:root:Cannot find T1w.json file...looking for session-specific one
WARNING:root:Cannot find task-rest_bold.json file looking for session-specific one
WARNING:root:Cannot find T1w.json file...looking for session-specific one
WARNING:root:Cannot find task-rest_bold.json file looking for session-specific one
INFO:root:Converting subject: 0025980
WARNING:root:Cannot find T1w.json file...looking for session-specific one
WARNING:root:Cannot find task-rest_bold.json file looking for session-specific one
WARNING:root:Cannot find T1w.json file...looking for session-specific one
WARNING:root:Cannot find task-rest_bold.json file looking for session-specific one
INFO:root:Converting subject: 0025981
WARNING:root:Cannot find T1w.json file...looking for session-specific one
WARNING:root:Cannot find task-rest_bold.json file looking for session-specific one
WARNING:root:Cannot find T1w.json file...looking for session-specific one
WARNING:root:Cannot find task-rest_bold.json file looking for session-specific one
INFO:root:Writing NIDM file....
INFO:root:Serializing NIDM graph and creating graph visualization..
