INFO:root:bidsmri2nidm Namespace(bidsignore=False, directory='/datasets.datalad.org/corr/RawDataBIDS/IPCAS_1', json_map='/Volumes/Research/dbkeator/Documents/ReproNim/simple2/corr_var_to_terms.json', jsonld=False, key='29hUT0BKdmUEgD6KLppEH9qDItY0eQXM', logfile='/Users/dbkeator/Documents/Coding/simple2_NIDM_examples/logs', outputfile='/Users/dbkeator/Documents/Coding/simple2_NIDM_examples/datasets.datalad.org/corr/RawDataBIDS/IPCAS_1/nidm.ttl', png=False)
INFO:root:bidsmri2nidm Namespace(bidsignore=False, directory='/datasets.datalad.org/corr/RawDataBIDS/IPCAS_1', json_map='/Volumes/Research/dbkeator/Documents/ReproNim/simple_2/corr_var_to_terms.json', jsonld=False, logfile='/Users/dbkeator/Documents/Coding/simple2_NIDM_examples/logs', outputfile='/Users/dbkeator/Documents/Coding/simple2_NIDM_examples/datasets.datalad.org/corr/RawDataBIDS/IPCAS_1/nidm.ttl', png=False)
INFO:root:0025485
INFO:root:0025486
INFO:root:0025487
INFO:root:0025488
INFO:root:0025489
INFO:root:0025490
INFO:root:0025491
INFO:root:0025492
INFO:root:0025493
INFO:root:0025494
INFO:root:0025495
INFO:root:0025496
INFO:root:0025497
INFO:root:0025498
INFO:root:0025499
INFO:root:0025500
INFO:root:0025501
INFO:root:0025502
INFO:root:0025503
INFO:root:0025504
INFO:root:0025505
INFO:root:0025506
INFO:root:0025507
INFO:root:0025508
INFO:root:0025509
INFO:root:0025510
INFO:root:0025511
INFO:root:0025512
INFO:root:0025513
INFO:root:0025514
INFO:root:Converting subject: 0025485
INFO:root:Converting subject: 0025486
INFO:root:Converting subject: 0025487
INFO:root:Converting subject: 0025488
INFO:root:Converting subject: 0025489
INFO:root:Converting subject: 0025490
INFO:root:Converting subject: 0025491
INFO:root:Converting subject: 0025492
INFO:root:Converting subject: 0025493
INFO:root:Converting subject: 0025494
INFO:root:Converting subject: 0025495
INFO:root:Converting subject: 0025496
INFO:root:Converting subject: 0025497
INFO:root:Converting subject: 0025498
INFO:root:Converting subject: 0025499
INFO:root:Converting subject: 0025500
INFO:root:Converting subject: 0025501
INFO:root:Converting subject: 0025502
INFO:root:Converting subject: 0025503
INFO:root:Converting subject: 0025504
INFO:root:Converting subject: 0025505
INFO:root:Converting subject: 0025506
INFO:root:Converting subject: 0025507
INFO:root:Converting subject: 0025508
INFO:root:Converting subject: 0025509
INFO:root:Converting subject: 0025510
INFO:root:Converting subject: 0025511
INFO:root:Converting subject: 0025512
INFO:root:Converting subject: 0025513
INFO:root:Converting subject: 0025514
INFO:root:Writing NIDM file....
INFO:root:Serializing NIDM graph and creating graph visualization..
