INFO:root:bidsmri2nidm Namespace(bidsignore=False, directory='/datasets.datalad.org/corr/RawDataBIDS/UPSM_1', json_map='/Volumes/Research/dbkeator/Documents/ReproNim/simple_2/corr_var_to_terms.json', jsonld=False, logfile='/Users/dbkeator/Documents/Coding/simple2_NIDM_examples/logs', outputfile='/Users/dbkeator/Documents/Coding/simple2_NIDM_examples/datasets.datalad.org/corr/RawDataBIDS/UPSM_1/nidm.ttl', png=False)
WARNING:ontquery:You have not set an API key for the SciCrunch API! InterLexRemote will error if you try to use it.
INFO:root:0025234
INFO:root:0025235
INFO:root:0025236
INFO:root:0025237
INFO:root:0025238
INFO:root:0025239
INFO:root:0025240
INFO:root:0025241
INFO:root:0025242
INFO:root:0025243
INFO:root:0025244
INFO:root:0025245
INFO:root:0025246
INFO:root:0025247
INFO:root:0025248
INFO:root:0025249
INFO:root:0025250
INFO:root:0025251
INFO:root:0025252
INFO:root:0025253
INFO:root:0025254
INFO:root:0025255
INFO:root:0025256
INFO:root:0025257
INFO:root:0025258
INFO:root:0025259
INFO:root:0025260
INFO:root:0025261
INFO:root:0025262
INFO:root:0025263
INFO:root:0025264
INFO:root:0025265
INFO:root:0025266
INFO:root:0025267
INFO:root:0025268
INFO:root:0025269
INFO:root:0025270
INFO:root:0025271
INFO:root:0025272
INFO:root:0025273
INFO:root:0025274
INFO:root:0025275
INFO:root:0025276
INFO:root:0025277
INFO:root:0025278
INFO:root:0025279
INFO:root:0025280
INFO:root:0025281
INFO:root:0025282
INFO:root:0025283
INFO:root:0025284
INFO:root:0025285
INFO:root:0025286
INFO:root:0025287
INFO:root:0025288
INFO:root:0025289
INFO:root:0025290
INFO:root:0025291
INFO:root:0025292
INFO:root:0025293
INFO:root:0025294
INFO:root:0025295
INFO:root:0025307
INFO:root:0025308
INFO:root:0025296
INFO:root:0025297
INFO:root:0025298
INFO:root:0025299
INFO:root:0025300
INFO:root:0025301
INFO:root:0025302
INFO:root:0025303
INFO:root:0025304
INFO:root:0025305
INFO:root:0025306
INFO:root:0025309
INFO:root:0025310
INFO:root:0025311
INFO:root:0025312
INFO:root:0025313
INFO:root:0025314
INFO:root:0025315
INFO:root:0025316
INFO:root:0025317
INFO:root:0025318
INFO:root:0025319
INFO:root:0025320
INFO:root:0025321
INFO:root:0025322
INFO:root:0025323
INFO:root:0025324
INFO:root:0025325
INFO:root:0025326
INFO:root:0025327
INFO:root:0025328
INFO:root:0025329
INFO:root:0025330
INFO:root:0025331
INFO:root:0025332
INFO:root:0025333
INFO:root:Converting subject: 0025234
INFO:root:Converting subject: 0025235
INFO:root:Converting subject: 0025236
INFO:root:Converting subject: 0025237
INFO:root:Converting subject: 0025238
INFO:root:Converting subject: 0025239
INFO:root:Converting subject: 0025240
INFO:root:Converting subject: 0025241
INFO:root:Converting subject: 0025242
INFO:root:Converting subject: 0025243
INFO:root:Converting subject: 0025244
INFO:root:Converting subject: 0025245
INFO:root:Converting subject: 0025246
INFO:root:Converting subject: 0025247
INFO:root:Converting subject: 0025248
INFO:root:Converting subject: 0025249
INFO:root:Converting subject: 0025250
INFO:root:Converting subject: 0025251
INFO:root:Converting subject: 0025252
INFO:root:Converting subject: 0025253
INFO:root:Converting subject: 0025254
INFO:root:Converting subject: 0025255
INFO:root:Converting subject: 0025256
INFO:root:Converting subject: 0025257
INFO:root:Converting subject: 0025258
INFO:root:Converting subject: 0025259
INFO:root:Converting subject: 0025260
INFO:root:Converting subject: 0025261
INFO:root:Converting subject: 0025262
INFO:root:Converting subject: 0025263
INFO:root:Converting subject: 0025264
INFO:root:Converting subject: 0025265
INFO:root:Converting subject: 0025266
INFO:root:Converting subject: 0025267
INFO:root:Converting subject: 0025268
INFO:root:Converting subject: 0025269
INFO:root:Converting subject: 0025270
INFO:root:Converting subject: 0025271
INFO:root:Converting subject: 0025272
INFO:root:Converting subject: 0025273
INFO:root:Converting subject: 0025274
INFO:root:Converting subject: 0025275
INFO:root:Converting subject: 0025276
INFO:root:Converting subject: 0025277
INFO:root:Converting subject: 0025278
INFO:root:Converting subject: 0025279
INFO:root:Converting subject: 0025280
INFO:root:Converting subject: 0025281
INFO:root:Converting subject: 0025282
INFO:root:Converting subject: 0025283
INFO:root:Converting subject: 0025284
INFO:root:Converting subject: 0025285
INFO:root:Converting subject: 0025286
INFO:root:Converting subject: 0025287
INFO:root:Converting subject: 0025288
INFO:root:Converting subject: 0025289
INFO:root:Converting subject: 0025290
INFO:root:Converting subject: 0025291
INFO:root:Converting subject: 0025292
INFO:root:Converting subject: 0025293
INFO:root:Converting subject: 0025294
INFO:root:Converting subject: 0025295
INFO:root:Converting subject: 0025296
INFO:root:Converting subject: 0025297
INFO:root:Converting subject: 0025298
INFO:root:Converting subject: 0025299
INFO:root:Converting subject: 0025300
INFO:root:Converting subject: 0025301
INFO:root:Converting subject: 0025302
INFO:root:Converting subject: 0025303
INFO:root:Converting subject: 0025304
INFO:root:Converting subject: 0025305
INFO:root:Converting subject: 0025306
INFO:root:Converting subject: 0025307
INFO:root:Converting subject: 0025308
INFO:root:Converting subject: 0025309
INFO:root:Converting subject: 0025310
INFO:root:Converting subject: 0025311
INFO:root:Converting subject: 0025312
INFO:root:Converting subject: 0025313
INFO:root:Converting subject: 0025314
INFO:root:Converting subject: 0025315
INFO:root:Converting subject: 0025316
INFO:root:Converting subject: 0025317
INFO:root:Converting subject: 0025318
INFO:root:Converting subject: 0025319
INFO:root:Converting subject: 0025320
INFO:root:Converting subject: 0025321
INFO:root:Converting subject: 0025322
INFO:root:Converting subject: 0025323
INFO:root:Converting subject: 0025324
INFO:root:Converting subject: 0025325
INFO:root:Converting subject: 0025326
INFO:root:Converting subject: 0025327
INFO:root:Converting subject: 0025328
INFO:root:Converting subject: 0025329
INFO:root:Converting subject: 0025330
INFO:root:Converting subject: 0025331
INFO:root:Converting subject: 0025332
INFO:root:Converting subject: 0025333
INFO:root:Writing NIDM file....
INFO:root:Serializing NIDM graph and creating graph visualization..
