INFO:root:bidsmri2nidm Namespace(bidsignore=False, directory='/datasets.datalad.org/corr/RawDataBIDS/IBA_TRT', json_map='/Volumes/Research/dbkeator/Documents/ReproNim/simple2/corr_var_to_terms.json', jsonld=False, key='29hUT0BKdmUEgD6KLppEH9qDItY0eQXM', logfile='/Users/dbkeator/Documents/Coding/simple2_NIDM_examples/logs', outputfile='/Users/dbkeator/Documents/Coding/simple2_NIDM_examples/datasets.datalad.org/corr/RawDataBIDS/IBA_TRT/nidm.ttl', png=False)
INFO:root:bidsmri2nidm Namespace(bidsignore=False, directory='/datasets.datalad.org/corr/RawDataBIDS/IBA_TRT', json_map='/Volumes/Research/dbkeator/Documents/ReproNim/simple_2/corr_var_to_terms.json', jsonld=False, logfile='/Users/dbkeator/Documents/Coding/simple2_NIDM_examples/logs', outputfile='/Users/dbkeator/Documents/Coding/simple2_NIDM_examples/datasets.datalad.org/corr/RawDataBIDS/IBA_TRT/nidm.ttl', png=False)
INFO:root:0027223
INFO:root:0027224
INFO:root:0027225
INFO:root:0027226
INFO:root:0027227
INFO:root:0027228
INFO:root:0027229
INFO:root:0027230
INFO:root:0027231
INFO:root:0027232
INFO:root:0027233
INFO:root:0027234
INFO:root:0027235
INFO:root:0027236
INFO:root:0027237
INFO:root:0027238
INFO:root:0027239
INFO:root:0027240
INFO:root:0027241
INFO:root:0027242
INFO:root:0027243
INFO:root:0027244
INFO:root:0027245
INFO:root:0027246
INFO:root:0027247
INFO:root:0027248
INFO:root:0027249
INFO:root:0027250
INFO:root:0027251
INFO:root:0027252
INFO:root:0027253
INFO:root:0027254
INFO:root:0027255
INFO:root:0027256
INFO:root:0027257
INFO:root:0027258
INFO:root:Converting subject: 0027223
INFO:root:Converting subject: 0027224
INFO:root:Converting subject: 0027225
INFO:root:Converting subject: 0027226
INFO:root:Converting subject: 0027227
INFO:root:Converting subject: 0027228
INFO:root:Converting subject: 0027229
INFO:root:Converting subject: 0027230
INFO:root:Converting subject: 0027231
INFO:root:Converting subject: 0027232
INFO:root:Converting subject: 0027233
INFO:root:Converting subject: 0027234
INFO:root:Converting subject: 0027235
INFO:root:Converting subject: 0027236
INFO:root:Converting subject: 0027237
INFO:root:Converting subject: 0027238
INFO:root:Converting subject: 0027239
INFO:root:Converting subject: 0027240
INFO:root:Converting subject: 0027241
INFO:root:Converting subject: 0027242
INFO:root:Converting subject: 0027243
INFO:root:Converting subject: 0027244
INFO:root:Converting subject: 0027245
INFO:root:Converting subject: 0027246
INFO:root:Converting subject: 0027247
INFO:root:Converting subject: 0027248
INFO:root:Converting subject: 0027249
INFO:root:Converting subject: 0027250
INFO:root:Converting subject: 0027251
INFO:root:Converting subject: 0027252
INFO:root:Converting subject: 0027253
INFO:root:Converting subject: 0027254
INFO:root:Converting subject: 0027255
INFO:root:Converting subject: 0027256
INFO:root:Converting subject: 0027257
INFO:root:Converting subject: 0027258
INFO:root:Writing NIDM file....
INFO:root:Serializing NIDM graph and creating graph visualization..
