INFO:root:bidsmri2nidm Namespace(bidsignore=False, directory='/datasets.datalad.org/corr/RawDataBIDS/SWU_3', json_map='/Volumes/Research/dbkeator/Documents/ReproNim/simple_2/corr_var_to_terms.json', jsonld=False, logfile='/Users/dbkeator/Documents/Coding/simple2_NIDM_examples/logs', outputfile='/Users/dbkeator/Documents/Coding/simple2_NIDM_examples/datasets.datalad.org/corr/RawDataBIDS/SWU_3/nidm.ttl', png=False)
WARNING:ontquery:You have not set an API key for the SciCrunch API! InterLexRemote will error if you try to use it.
INFO:root:0027152
INFO:root:0027153
INFO:root:0027154
INFO:root:0027155
INFO:root:0027156
INFO:root:0027157
INFO:root:0027158
INFO:root:0027159
INFO:root:0027160
INFO:root:0027161
INFO:root:0027162
INFO:root:0027163
INFO:root:0027164
INFO:root:0027165
INFO:root:0027166
INFO:root:0027167
INFO:root:0027168
INFO:root:0027169
INFO:root:0027170
INFO:root:0027171
INFO:root:0027172
INFO:root:0027173
INFO:root:0027174
INFO:root:Converting subject: 0027152
INFO:root:Converting subject: 0027153
INFO:root:Converting subject: 0027154
INFO:root:Converting subject: 0027155
INFO:root:Converting subject: 0027156
INFO:root:Converting subject: 0027157
INFO:root:Converting subject: 0027158
INFO:root:Converting subject: 0027159
INFO:root:Converting subject: 0027160
INFO:root:Converting subject: 0027161
INFO:root:Converting subject: 0027162
INFO:root:Converting subject: 0027163
INFO:root:Converting subject: 0027164
INFO:root:Converting subject: 0027165
INFO:root:Converting subject: 0027166
INFO:root:Converting subject: 0027167
INFO:root:Converting subject: 0027168
INFO:root:Converting subject: 0027169
INFO:root:Converting subject: 0027170
INFO:root:Converting subject: 0027171
INFO:root:Converting subject: 0027172
INFO:root:Converting subject: 0027173
INFO:root:Converting subject: 0027174
INFO:root:Converting subject: 0027175
INFO:root:Writing NIDM file....
INFO:root:Serializing NIDM graph and creating graph visualization..
