INFO:root:bidsmri2nidm Namespace(bidsignore=False, directory='/datasets.datalad.org/corr/RawDataBIDS/IPCAS_3', json_map='/Volumes/Research/dbkeator/Documents/ReproNim/simple2/corr_var_to_terms.json', jsonld=False, key='29hUT0BKdmUEgD6KLppEH9qDItY0eQXM', logfile='/Users/dbkeator/Documents/Coding/simple2_NIDM_examples/logs', outputfile='/Users/dbkeator/Documents/Coding/simple2_NIDM_examples/datasets.datalad.org/corr/RawDataBIDS/IPCAS_3/nidm.ttl', png=False)
INFO:root:bidsmri2nidm Namespace(bidsignore=False, directory='/datasets.datalad.org/corr/RawDataBIDS/IPCAS_3', json_map='/Volumes/Research/dbkeator/Documents/ReproNim/simple_2/corr_var_to_terms.json', jsonld=False, logfile='/Users/dbkeator/Documents/Coding/simple2_NIDM_examples/logs', outputfile='/Users/dbkeator/Documents/Coding/simple2_NIDM_examples/datasets.datalad.org/corr/RawDataBIDS/IPCAS_3/nidm.ttl', png=False)
WARNING:ontquery:You have not set an API key for the SciCrunch API! InterLexRemote will error if you try to use it.
INFO:root:0025550
INFO:root:0025551
INFO:root:0025552
INFO:root:0025553
INFO:root:0025554
INFO:root:0025555
INFO:root:0025556
INFO:root:0025557
INFO:root:0025558
INFO:root:0025559
INFO:root:0025560
INFO:root:0025561
INFO:root:0025562
INFO:root:0025563
INFO:root:0025564
INFO:root:0025565
INFO:root:0025567
INFO:root:0025568
INFO:root:0025569
INFO:root:0025570
INFO:root:0025571
INFO:root:0025572
INFO:root:0025573
INFO:root:0025574
INFO:root:0025575
INFO:root:0025576
INFO:root:0025577
INFO:root:0025578
INFO:root:0025579
INFO:root:0025580
INFO:root:0025581
INFO:root:0025582
INFO:root:0025583
INFO:root:0025584
INFO:root:0025585
INFO:root:0025566
INFO:root:Converting subject: 0025550
INFO:root:Converting subject: 0025551
INFO:root:Converting subject: 0025552
INFO:root:Converting subject: 0025553
INFO:root:Converting subject: 0025554
INFO:root:Converting subject: 0025555
INFO:root:Converting subject: 0025556
INFO:root:Converting subject: 0025557
INFO:root:Converting subject: 0025558
INFO:root:Converting subject: 0025559
INFO:root:Converting subject: 0025560
INFO:root:Converting subject: 0025561
INFO:root:Converting subject: 0025562
INFO:root:Converting subject: 0025563
INFO:root:Converting subject: 0025564
INFO:root:Converting subject: 0025565
INFO:root:Converting subject: 0025566
INFO:root:Converting subject: 0025567
INFO:root:Converting subject: 0025568
INFO:root:Converting subject: 0025569
INFO:root:Converting subject: 0025570
INFO:root:Converting subject: 0025571
INFO:root:Converting subject: 0025572
INFO:root:Converting subject: 0025573
INFO:root:Converting subject: 0025574
INFO:root:Converting subject: 0025575
INFO:root:Converting subject: 0025576
INFO:root:Converting subject: 0025577
INFO:root:Converting subject: 0025578
INFO:root:Converting subject: 0025579
INFO:root:Converting subject: 0025580
INFO:root:Converting subject: 0025581
INFO:root:Converting subject: 0025582
INFO:root:Converting subject: 0025583
INFO:root:Converting subject: 0025584
INFO:root:Converting subject: 0025585
INFO:root:Writing NIDM file....
INFO:root:Serializing NIDM graph and creating graph visualization..
